[{"sql": "SELECT   COUNT(1)   FROM   shop_goods AS a,   mall_goods AS b,   mall_picture AS c     WHERE shop_id = '8d7757728ae440f0bba74a28530a7072'    and a.mall_goods_id = b.mall_goods_id    and c.mall_goods_id=b.mall_goods_id    and c.mall_picture_type=1       \t\tAND (a.is_package = 1 OR a.is_package IS NULL)    \t           and a.shop_goods_type = 1                                         and DATE_SUB(NOW(), INTERVAL 7 DAY) < a.update_time", "analyze": ["-> Aggregate: count(1)  (actual time=5.468..5.469 rows=1 loops=1)\n    -> Nested loop inner join  (cost=272.39 rows=2) (actual time=5.466..5.466 rows=0 loops=1)\n        -> Nested loop inner join  (cost=265.91 rows=7) (actual time=5.464..5.464 rows=0 loops=1)\n            -> Filter: ((a.shop_goods_type = 1) and ((a.is_package = 1) or (a.is_package is null)) and (<cache>((now() - interval 7 day)) < a.update_time) and (a.mall_goods_id is not null))  (cost=260.91 rows=7) (actual time=5.464..5.464 rows=0 loops=1)\n                -> Index lookup on a using idx_shop_id (shop_id='8d7757728ae440f0bba74a28530a7072')  (cost=260.91 rows=1041) (actual time=0.290..5.258 rows=1041 loops=1)\n            -> Filter: (a.mall_goods_id = b.mall_goods_id)  (cost=0.67 rows=1) (never executed)\n                -> Single-row index lookup on b using PRIMARY (mall_goods_id=a.mall_goods_id)  (cost=0.67 rows=1) (never executed)\n        -> Filter: (c.mall_picture_type = 1)  (cost=0.71 rows=0) (never executed)\n            -> Index lookup on c using idx_mall_goods_id (mall_goods_id=b.mall_goods_id), with index condition: (c.mall_goods_id = b.mall_goods_id)  (cost=0.71 rows=3) (never executed)\n"]}, {"sql": " SELECT   COUNT(1)   FROM   shop_goods AS a,   mall_goods AS b,   mall_picture AS c     WHERE shop_id = '8d7757728ae440f0bba74a28530a7072'    and a.mall_goods_id = b.mall_goods_id    and c.mall_goods_id=b.mall_goods_id    and c.mall_picture_type=1       \t\tAND a.is_package = 1    \t           and a.shop_goods_type = 1", "analyze": ["-> Aggregate: count(1)  (actual time=5.012..5.012 rows=1 loops=1)\n    -> Nested loop inner join  (cost=279.42 rows=3) (actual time=5.009..5.009 rows=0 loops=1)\n        -> Nested loop inner join  (cost=269.19 rows=10) (actual time=5.008..5.008 rows=0 loops=1)\n            -> Filter: ((a.shop_goods_type = 1) and (a.is_package = 1) and (a.mall_goods_id is not null))  (cost=261.29 rows=10) (actual time=5.008..5.008 rows=0 loops=1)\n                -> Index lookup on a using idx_shop_id (shop_id='8d7757728ae440f0bba74a28530a7072')  (cost=261.29 rows=1041) (actual time=0.246..4.889 rows=1041 loops=1)\n            -> Filter: (a.mall_goods_id = b.mall_goods_id)  (cost=0.67 rows=1) (never executed)\n                -> Single-row index lookup on b using PRIMARY (mall_goods_id=a.mall_goods_id)  (cost=0.67 rows=1) (never executed)\n        -> Filter: (c.mall_picture_type = 1)  (cost=0.70 rows=0) (never executed)\n            -> Index lookup on c using idx_mall_goods_id (mall_goods_id=b.mall_goods_id), with index condition: (c.mall_goods_id = b.mall_goods_id)  (cost=0.70 rows=3) (never executed)\n"]}, {"sql": " SELECT   COUNT(1)   FROM   shop_goods AS a,   mall_goods AS b,   mall_picture AS c     WHERE shop_id = '8d7757728ae440f0bba74a28530a7072'    and a.mall_goods_id = b.mall_goods_id    and c.mall_goods_id=b.mall_goods_id    and c.mall_picture_type=1       \t\tAND (a.is_package = 1 OR a.is_package IS NULL)    \t           and a.shop_goods_type = 1                                      and a.goods_recommend_status = 1", "analyze": ["-> Aggregate: count(1)  (actual time=3.731..3.731 rows=1 loops=1)\n    -> Nested loop inner join  (cost=263.89 rows=1) (actual time=0.336..3.718 rows=24 loops=1)\n        -> Nested loop inner join  (cost=261.95 rows=2) (actual time=0.296..3.051 rows=24 loops=1)\n            -> Filter: ((a.goods_recommend_status = 1) and (a.shop_goods_type = 1) and ((a.is_package = 1) or (a.is_package is null)) and (a.mall_goods_id is not null))  (cost=260.45 rows=2) (actual time=0.267..2.835 rows=24 loops=1)\n                -> Index lookup on a using idx_shop_id (shop_id='8d7757728ae440f0bba74a28530a7072')  (cost=260.45 rows=1041) (actual time=0.142..2.753 rows=1041 loops=1)\n            -> Filter: (a.mall_goods_id = b.mall_goods_id)  (cost=0.71 rows=1) (actual time=0.009..0.009 rows=1 loops=24)\n                -> Single-row index lookup on b using PRIMARY (mall_goods_id=a.mall_goods_id)  (cost=0.71 rows=1) (actual time=0.008..0.008 rows=1 loops=24)\n        -> Filter: (c.mall_picture_type = 1)  (cost=0.72 rows=0) (actual time=0.021..0.027 rows=1 loops=24)\n            -> Index lookup on c using idx_mall_goods_id (mall_goods_id=b.mall_goods_id), with index condition: (c.mall_goods_id = b.mall_goods_id)  (cost=0.72 rows=3) (actual time=0.017..0.026 rows=5 loops=24)\n"]}, {"sql": " SELECT   COUNT(1)   FROM   shop_goods AS a,   mall_goods AS b,   mall_picture AS c     WHERE shop_id = 'cdaca512d49649f1a64debdb19c91d74'    and a.mall_goods_id = b.mall_goods_id    and c.mall_goods_id=b.mall_goods_id    and c.mall_picture_type=1       \t\tAND (a.is_package = 1 OR a.is_package IS NULL)    \t           and a.shop_goods_type = 1                                         and DATE_SUB(NOW(), INTERVAL 7 DAY) < a.update_time", "analyze": ["-> Aggregate: count(1)  (actual time=0.057..0.057 rows=1 loops=1)\n    -> Nested loop inner join  (cost=0.84 rows=0) (actual time=0.055..0.055 rows=0 loops=1)\n        -> Nested loop inner join  (cost=0.79 rows=0) (actual time=0.054..0.054 rows=0 loops=1)\n            -> Filter: ((a.shop_goods_type = 1) and ((a.is_package = 1) or (a.is_package is null)) and (<cache>((now() - interval 7 day)) < a.update_time) and (a.mall_goods_id is not null))  (cost=0.76 rows=0) (actual time=0.054..0.054 rows=0 loops=1)\n                -> Index lookup on a using idx_shop_id (shop_id='cdaca512d49649f1a64debdb19c91d74')  (cost=0.76 rows=3) (actual time=0.047..0.052 rows=3 loops=1)\n            -> Filter: (a.mall_goods_id = b.mall_goods_id)  (cost=2.66 rows=1) (never executed)\n                -> Single-row index lookup on b using PRIMARY (mall_goods_id=a.mall_goods_id)  (cost=2.66 rows=1) (never executed)\n        -> Filter: (c.mall_picture_type = 1)  (cost=1.26 rows=0) (never executed)\n            -> Index lookup on c using idx_mall_goods_id (mall_goods_id=b.mall_goods_id), with index condition: (c.mall_goods_id = b.mall_goods_id)  (cost=1.26 rows=3) (never executed)\n"]}, {"sql": " SELECT   COUNT(1)   FROM   shop_goods AS a,   mall_goods AS b,   mall_picture AS c     WHERE shop_id = 'cdaca512d49649f1a64debdb19c91d74'    and a.mall_goods_id = b.mall_goods_id    and c.mall_goods_id=b.mall_goods_id    and c.mall_picture_type=1       \t\tAND (a.is_package = 1 OR a.is_package IS NULL)    \t           and a.shop_goods_type = 1                                      and a.goods_recommend_status = 1", "analyze": ["-> Aggregate: count(1)  (actual time=0.037..0.037 rows=1 loops=1)\n    -> Nested loop inner join  (cost=0.84 rows=0) (actual time=0.035..0.035 rows=0 loops=1)\n        -> Nested loop inner join  (cost=0.79 rows=0) (actual time=0.035..0.035 rows=0 loops=1)\n            -> Filter: ((a.goods_recommend_status = 1) and (a.shop_goods_type = 1) and ((a.is_package = 1) or (a.is_package is null)) and (a.mall_goods_id is not null))  (cost=0.76 rows=0) (actual time=0.034..0.034 rows=0 loops=1)\n                -> Index lookup on a using idx_shop_id (shop_id='cdaca512d49649f1a64debdb19c91d74')  (cost=0.76 rows=3) (actual time=0.030..0.033 rows=3 loops=1)\n            -> Filter: (a.mall_goods_id = b.mall_goods_id)  (cost=2.66 rows=1) (never executed)\n                -> Single-row index lookup on b using PRIMARY (mall_goods_id=a.mall_goods_id)  (cost=2.66 rows=1) (never executed)\n        -> Filter: (c.mall_picture_type = 1)  (cost=1.26 rows=0) (never executed)\n            -> Index lookup on c using idx_mall_goods_id (mall_goods_id=b.mall_goods_id), with index condition: (c.mall_goods_id = b.mall_goods_id)  (cost=1.26 rows=3) (never executed)\n"]}, {"sql": " SELECT   COUNT(1)   FROM   shop_goods AS a,   mall_goods AS b,   mall_picture AS c     WHERE shop_id = 'cdaca512d49649f1a64debdb19c91d74'    and a.mall_goods_id = b.mall_goods_id    and c.mall_goods_id=b.mall_goods_id    and c.mall_picture_type=1       \t\tAND a.is_package = 1    \t           and a.shop_goods_type = 1", "analyze": ["-> Aggregate: count(1)  (actual time=0.053..0.053 rows=1 loops=1)\n    -> Nested loop inner join  (cost=0.84 rows=0) (actual time=0.051..0.051 rows=0 loops=1)\n        -> Nested loop inner join  (cost=0.79 rows=0) (actual time=0.050..0.050 rows=0 loops=1)\n            -> Filter: ((a.shop_goods_type = 1) and (a.is_package = 1) and (a.mall_goods_id is not null))  (cost=0.76 rows=0) (actual time=0.050..0.050 rows=0 loops=1)\n                -> Index lookup on a using idx_shop_id (shop_id='cdaca512d49649f1a64debdb19c91d74')  (cost=0.76 rows=3) (actual time=0.043..0.048 rows=3 loops=1)\n            -> Filter: (a.mall_goods_id = b.mall_goods_id)  (cost=2.66 rows=1) (never executed)\n                -> Single-row index lookup on b using PRIMARY (mall_goods_id=a.mall_goods_id)  (cost=2.66 rows=1) (never executed)\n        -> Filter: (c.mall_picture_type = 1)  (cost=1.26 rows=0) (never executed)\n            -> Index lookup on c using idx_mall_goods_id (mall_goods_id=b.mall_goods_id), with index condition: (c.mall_goods_id = b.mall_goods_id)  (cost=1.26 rows=3) (never executed)\n"]}, {"sql": " SELECT   COUNT(1)   FROM   shop_goods AS a,   mall_goods AS b,   mall_picture AS c     WHERE shop_id = 'cdaca512d49649f1a64debdb19c91d74'    and a.mall_goods_id = b.mall_goods_id    and c.mall_goods_id=b.mall_goods_id    and c.mall_picture_type=1       \t\tAND (a.is_package = 1 OR a.is_package IS NULL)    \t           and a.shop_goods_type = 1", "analyze": ["-> Aggregate: count(1)  (actual time=0.037..0.037 rows=1 loops=1)\n    -> Nested loop inner join  (cost=0.85 rows=0) (actual time=0.036..0.036 rows=0 loops=1)\n        -> Nested loop inner join  (cost=0.80 rows=0) (actual time=0.035..0.035 rows=0 loops=1)\n            -> Filter: ((a.shop_goods_type = 1) and ((a.is_package = 1) or (a.is_package is null)) and (a.mall_goods_id is not null))  (cost=0.76 rows=0) (actual time=0.035..0.035 rows=0 loops=1)\n                -> Index lookup on a using idx_shop_id (shop_id='cdaca512d49649f1a64debdb19c91d74')  (cost=0.76 rows=3) (actual time=0.031..0.033 rows=3 loops=1)\n            -> Filter: (a.mall_goods_id = b.mall_goods_id)  (cost=2.41 rows=1) (never executed)\n                -> Single-row index lookup on b using PRIMARY (mall_goods_id=a.mall_goods_id)  (cost=2.41 rows=1) (never executed)\n        -> Filter: (c.mall_picture_type = 1)  (cost=1.19 rows=0) (never executed)\n            -> Index lookup on c using idx_mall_goods_id (mall_goods_id=b.mall_goods_id), with index condition: (c.mall_goods_id = b.mall_goods_id)  (cost=1.19 rows=3) (never executed)\n"]}, {"sql": " SELECT   mall_goods_sku_id AS mallGoodsSkuId ,   sku_id AS skuId,   sku_code AS skuCode,   sku_name AS skuName,   spu_id AS spuId,   spu_code AS spuCode,   mall_goods_sku_property AS mallGoodsSkuProperty,   mall_goods_sku_picture AS mallGoodsSkuPicture,   mall_id AS mallId,   mall_goods_id AS mallGoodsId,   mall_goods_sku_price_effective_time AS mallGoodsSkuPriceEffectiveTime,   mall_goods_sku_sale_price AS mallGoodsSkuSalePrice,   mall_goods_sku_market_price AS mallGoodsSkuMarketPrice,   mall_goods_sku_type AS mallGoodsSkuType,   mobile_code AS mobileCode,   mall_member_points_status AS mallMemberPointsStatus,   mall_member_rebate_status AS mallMemberRebateStatus   FROM   mall_goods_sku     WHERE mall_id = '22700000000000000000'              and sku_id IN (          'c790f35f9c794569818dd89fb0dc5130'         )", "analyze": ["-> Filter: (mall_goods_sku.sku_id = 'c790f35f9c794569818dd89fb0dc5130')  (cost=3.12 rows=1) (actual time=0.138..0.138 rows=0 loops=1)\n    -> Index lookup on mall_goods_sku using mall_id (mall_id='22700000000000000000')  (cost=3.12 rows=12) (actual time=0.122..0.133 rows=12 loops=1)\n"]}, {"sql": " SELECT   mgs.sku_id AS skuId,   mgs.sku_name AS skuName,   s.shop_id AS shopId,   s.shop_name AS shopName,   sg.shop_goods_type AS shopGoodsType,   sgs.shop_goods_sku_type AS shopGoodsSkuType   FROM   shop s   LEFT JOIN shop_goods sg ON s.shop_id = sg.shop_id   LEFT JOIN shop_goods_sku sgs ON sgs.shop_goods_id = sg.shop_goods_id   LEFT JOIN mall_goods_sku mgs ON mgs.mall_goods_sku_id = sgs.mall_goods_sku_id   WHERE   mgs.sku_id IN   (    '70fa69bc25504242a19bf32113a34410'   ,    '32e700cda3c64cd58e2a3308f1b8bb76'   )       AND sg.shop_goods_type IN (1,2,3)", "analyze": ["-> Nested loop inner join  (cost=131.70 rows=19) (actual time=0.020..0.020 rows=0 loops=1)\n    -> Nested loop inner join  (cost=98.63 rows=94) (actual time=0.019..0.019 rows=0 loops=1)\n        -> Nested loop inner join  (cost=65.56 rows=56) (actual time=0.019..0.019 rows=0 loops=1)\n            -> Table scan on s  (cost=0.35 rows=1) (actual time=0.018..0.018 rows=0 loops=1)\n            -> Filter: (sg.shop_goods_type in (1,2,3))  (cost=52.16 rows=56) (never executed)\n                -> Index lookup on sg using index_shop_id (shop_id=s.shop_id), with index condition: (s.shop_id = sg.shop_id)  (cost=52.16 rows=186) (never executed)\n        -> Index lookup on sgs using index_shop_goods_id (shop_goods_id=sg.shop_goods_id)  (cost=0.43 rows=2) (never executed)\n    -> Filter: ((mgs.sku_id in ('70fa69bc25504242a19bf32113a34410','32e700cda3c64cd58e2a3308f1b8bb76')) and (mgs.mall_goods_sku_id = sgs.mall_goods_sku_id))  (cost=0.25 rows=0) (never executed)\n        -> Single-row index lookup on mgs using PRIMARY (mall_goods_sku_id=sgs.mall_goods_sku_id)  (cost=0.25 rows=1) (never executed)\n"]}, {"sql": " SELECT   mgs.sku_id AS skuId,   mgs.sku_name AS skuName,   s.shop_id AS shopId,   s.shop_name AS shopName,   sg.shop_goods_type AS shopGoodsType,   sgs.shop_goods_sku_type AS shopGoodsSkuType   FROM   shop s   LEFT JOIN shop_goods sg ON s.shop_id = sg.shop_id   LEFT JOIN shop_goods_sku sgs ON sgs.shop_goods_id = sg.shop_goods_id   LEFT JOIN mall_goods_sku mgs ON mgs.mall_goods_sku_id = sgs.mall_goods_sku_id   WHERE   mgs.sku_id IN   (    'c07bae9b0d464d0dad8ef534e10231aa'   )       AND sg.shop_goods_type IN (1,2,3)", "analyze": ["-> Nested loop inner join  (cost=131.70 rows=9) (actual time=0.013..0.013 rows=0 loops=1)\n    -> Nested loop inner join  (cost=98.63 rows=94) (actual time=0.012..0.012 rows=0 loops=1)\n        -> Nested loop inner join  (cost=65.56 rows=56) (actual time=0.012..0.012 rows=0 loops=1)\n            -> Table scan on s  (cost=0.35 rows=1) (actual time=0.012..0.012 rows=0 loops=1)\n            -> Filter: (sg.shop_goods_type in (1,2,3))  (cost=52.16 rows=56) (never executed)\n                -> Index lookup on sg using index_shop_id (shop_id=s.shop_id), with index condition: (s.shop_id = sg.shop_id)  (cost=52.16 rows=186) (never executed)\n        -> Index lookup on sgs using index_shop_goods_id (shop_goods_id=sg.shop_goods_id)  (cost=0.43 rows=2) (never executed)\n    -> Filter: ((mgs.sku_id = 'c07bae9b0d464d0dad8ef534e10231aa') and (mgs.mall_goods_sku_id = sgs.mall_goods_sku_id))  (cost=0.25 rows=0) (never executed)\n        -> Single-row index lookup on mgs using PRIMARY (mall_goods_sku_id=sgs.mall_goods_sku_id)  (cost=0.25 rows=1) (never executed)\n"]}, {"sql": " SELECT   mgs.sku_id AS skuId,   mgs.sku_name AS skuName,   s.shop_id AS shopId,   s.shop_name AS shopName,   sg.shop_goods_type AS shopGoodsType,   sgs.shop_goods_sku_type AS shopGoodsSkuType   FROM   shop s   LEFT JOIN shop_goods sg ON s.shop_id = sg.shop_id   LEFT JOIN shop_goods_sku sgs ON sgs.shop_goods_id = sg.shop_goods_id   LEFT JOIN mall_goods_sku mgs ON mgs.mall_goods_sku_id = sgs.mall_goods_sku_id   WHERE   mgs.sku_id IN   (    'c07bae9b0d464d0dad8ef534e10231aa'   )       AND sg.shop_goods_type IN (1,2,3)", "analyze": ["-> Nested loop inner join  (cost=131.70 rows=9) (actual time=0.017..0.017 rows=0 loops=1)\n    -> Nested loop inner join  (cost=98.63 rows=94) (actual time=0.016..0.016 rows=0 loops=1)\n        -> Nested loop inner join  (cost=65.56 rows=56) (actual time=0.016..0.016 rows=0 loops=1)\n            -> Table scan on s  (cost=0.35 rows=1) (actual time=0.015..0.015 rows=0 loops=1)\n            -> Filter: (sg.shop_goods_type in (1,2,3))  (cost=52.16 rows=56) (never executed)\n                -> Index lookup on sg using index_shop_id (shop_id=s.shop_id), with index condition: (s.shop_id = sg.shop_id)  (cost=52.16 rows=186) (never executed)\n        -> Index lookup on sgs using index_shop_goods_id (shop_goods_id=sg.shop_goods_id)  (cost=0.43 rows=2) (never executed)\n    -> Filter: ((mgs.sku_id = 'c07bae9b0d464d0dad8ef534e10231aa') and (mgs.mall_goods_sku_id = sgs.mall_goods_sku_id))  (cost=0.25 rows=0) (never executed)\n        -> Single-row index lookup on mgs using PRIMARY (mall_goods_sku_id=sgs.mall_goods_sku_id)  (cost=0.25 rows=1) (never executed)\n"]}, {"sql": " SELECT   mgs.sku_id AS skuId,   mgs.sku_name AS skuName,   s.shop_id AS shopId,   s.shop_name AS shopName,   sg.shop_goods_type AS shopGoodsType,   sgs.shop_goods_sku_type AS shopGoodsSkuType   FROM   shop s   LEFT JOIN shop_goods sg ON s.shop_id = sg.shop_id   LEFT JOIN shop_goods_sku sgs ON sgs.shop_goods_id = sg.shop_goods_id   LEFT JOIN mall_goods_sku mgs ON mgs.mall_goods_sku_id = sgs.mall_goods_sku_id   WHERE   mgs.sku_id IN   (    '3f0605883f2342d099666d8e5152ac3d'   ,    '5f28604ca8f944b2a955186f159c2fc2'   ,    'd686f31066ba43fa83fdfbf81b6ecdc5'   ,    '1c8afd99057040d09d77c96d8435577d'   ,    '5f6391bb08b24fe89bb9def415ba4f4c'   ,    '148ec410925f4734a0ea12d3a13853b4'   )       AND sg.shop_goods_type IN (1,2,3)", "analyze": ["-> Nested loop inner join  (cost=131.70 rows=47) (actual time=0.012..0.012 rows=0 loops=1)\n    -> Nested loop inner join  (cost=98.63 rows=94) (actual time=0.012..0.012 rows=0 loops=1)\n        -> Nested loop inner join  (cost=65.56 rows=56) (actual time=0.012..0.012 rows=0 loops=1)\n            -> Table scan on s  (cost=0.35 rows=1) (actual time=0.011..0.011 rows=0 loops=1)\n            -> Filter: (sg.shop_goods_type in (1,2,3))  (cost=52.16 rows=56) (never executed)\n                -> Index lookup on sg using index_shop_id (shop_id=s.shop_id), with index condition: (s.shop_id = sg.shop_id)  (cost=52.16 rows=186) (never executed)\n        -> Index lookup on sgs using index_shop_goods_id (shop_goods_id=sg.shop_goods_id)  (cost=0.43 rows=2) (never executed)\n    -> Filter: ((mgs.sku_id in ('3f0605883f2342d099666d8e5152ac3d','5f28604ca8f944b2a955186f159c2fc2','d686f31066ba43fa83fdfbf81b6ecdc5','1c8afd99057040d09d77c96d8435577d','5f6391bb08b24fe89bb9def415ba4f4c','148ec410925f4734a0ea12d3a13853b4')) and (mgs.mall_goods_sku_id = sgs.mall_goods_sku_id))  (cost=0.25 rows=0) (never executed)\n        -> Single-row index lookup on mgs using PRIMARY (mall_goods_sku_id=sgs.mall_goods_sku_id)  (cost=0.25 rows=1) (never executed)\n"]}, {"sql": " SELECT   mgs.sku_id AS skuId,   mgs.sku_name AS skuName,   s.shop_id AS shopId,   s.shop_name AS shopName,   sg.shop_goods_type AS shopGoodsType,   sgs.shop_goods_sku_type AS shopGoodsSkuType   FROM   shop s   LEFT JOIN shop_goods sg ON s.shop_id = sg.shop_id   LEFT JOIN shop_goods_sku sgs ON sgs.shop_goods_id = sg.shop_goods_id   LEFT JOIN mall_goods_sku mgs ON mgs.mall_goods_sku_id = sgs.mall_goods_sku_id   WHERE   mgs.sku_id IN   (    'c0ceefef16ed422cb16fc380e4ac99e2'   ,    '82c1f6461a54490c8e1c53c3c79fc845'   ,    'b3229ad35cdd4f88ac1dcf694b3a8ed6'   ,    '996dacc725fa4b96b59ec52f2bf6fb28'   ,    '21cf9d505b394729b65ad32ce36abbc3'   ,    'e6b1537317174748a7b54037cd3e190c'   ,    '43d40910b59d402685f2f84e8a56ad39'   ,    '8a3b6c6e4e6c41b3b2374e423c43a471'   ,    '0a66f66c7e7441a3aef5a02dce850304'   )       AND sg.shop_goods_type IN (1,2,3)", "analyze": ["-> Nested loop inner join  (cost=131.70 rows=47) (actual time=0.013..0.013 rows=0 loops=1)\n    -> Nested loop inner join  (cost=98.63 rows=94) (actual time=0.012..0.012 rows=0 loops=1)\n        -> Nested loop inner join  (cost=65.56 rows=56) (actual time=0.012..0.012 rows=0 loops=1)\n            -> Table scan on s  (cost=0.35 rows=1) (actual time=0.012..0.012 rows=0 loops=1)\n            -> Filter: (sg.shop_goods_type in (1,2,3))  (cost=52.16 rows=56) (never executed)\n                -> Index lookup on sg using index_shop_id (shop_id=s.shop_id), with index condition: (s.shop_id = sg.shop_id)  (cost=52.16 rows=186) (never executed)\n        -> Index lookup on sgs using index_shop_goods_id (shop_goods_id=sg.shop_goods_id)  (cost=0.43 rows=2) (never executed)\n    -> Filter: ((mgs.sku_id in ('c0ceefef16ed422cb16fc380e4ac99e2','82c1f6461a54490c8e1c53c3c79fc845','b3229ad35cdd4f88ac1dcf694b3a8ed6','996dacc725fa4b96b59ec52f2bf6fb28','21cf9d505b394729b65ad32ce36abbc3','e6b1537317174748a7b54037cd3e190c','43d40910b59d402685f2f84e8a56ad39','8a3b6c6e4e6c41b3b2374e423c43a471','0a66f66c7e7441a3aef5a02dce850304')) and (mgs.mall_goods_sku_id = sgs.mall_goods_sku_id))  (cost=0.25 rows=0) (never executed)\n        -> Single-row index lookup on mgs using PRIMARY (mall_goods_sku_id=sgs.mall_goods_sku_id)  (cost=0.25 rows=1) (never executed)\n"]}, {"sql": " SELECT   mgs.sku_id AS skuId,   mgs.sku_name AS skuName,   s.shop_id AS shopId,   s.shop_name AS shopName,   sg.shop_goods_type AS shopGoodsType,   sgs.shop_goods_sku_type AS shopGoodsSkuType   FROM   shop s   LEFT JOIN shop_goods sg ON s.shop_id = sg.shop_id   LEFT JOIN shop_goods_sku sgs ON sgs.shop_goods_id = sg.shop_goods_id   LEFT JOIN mall_goods_sku mgs ON mgs.mall_goods_sku_id = sgs.mall_goods_sku_id   WHERE   mgs.sku_id IN   (    '7b019acba0fb4092a7664969f19afd11'   )       AND sg.shop_goods_type IN (1,2,3)", "analyze": ["-> Nested loop inner join  (cost=131.70 rows=9) (actual time=0.012..0.012 rows=0 loops=1)\n    -> Nested loop inner join  (cost=98.63 rows=94) (actual time=0.012..0.012 rows=0 loops=1)\n        -> Nested loop inner join  (cost=65.56 rows=56) (actual time=0.012..0.012 rows=0 loops=1)\n            -> Table scan on s  (cost=0.35 rows=1) (actual time=0.011..0.011 rows=0 loops=1)\n            -> Filter: (sg.shop_goods_type in (1,2,3))  (cost=52.16 rows=56) (never executed)\n                -> Index lookup on sg using index_shop_id (shop_id=s.shop_id), with index condition: (s.shop_id = sg.shop_id)  (cost=52.16 rows=186) (never executed)\n        -> Index lookup on sgs using index_shop_goods_id (shop_goods_id=sg.shop_goods_id)  (cost=0.43 rows=2) (never executed)\n    -> Filter: ((mgs.sku_id = '7b019acba0fb4092a7664969f19afd11') and (mgs.mall_goods_sku_id = sgs.mall_goods_sku_id))  (cost=0.25 rows=0) (never executed)\n        -> Single-row index lookup on mgs using PRIMARY (mall_goods_sku_id=sgs.mall_goods_sku_id)  (cost=0.25 rows=1) (never executed)\n"]}, {"sql": " SELECT   mgs.sku_id AS skuId,   mgs.sku_name AS skuName,   s.shop_id AS shopId,   s.shop_name AS shopName,   sg.shop_goods_type AS shopGoodsType,   sgs.shop_goods_sku_type AS shopGoodsSkuType   FROM   shop s   LEFT JOIN shop_goods sg ON s.shop_id = sg.shop_id   LEFT JOIN shop_goods_sku sgs ON sgs.shop_goods_id = sg.shop_goods_id   LEFT JOIN mall_goods_sku mgs ON mgs.mall_goods_sku_id = sgs.mall_goods_sku_id   WHERE   mgs.sku_id IN   (    '28f9f736fb084ac998c0dedf66b54925'   )       AND sg.shop_goods_type IN (1,2,3)", "analyze": ["-> Nested loop inner join  (cost=131.70 rows=9) (actual time=0.012..0.012 rows=0 loops=1)\n    -> Nested loop inner join  (cost=98.63 rows=94) (actual time=0.012..0.012 rows=0 loops=1)\n        -> Nested loop inner join  (cost=65.56 rows=56) (actual time=0.012..0.012 rows=0 loops=1)\n            -> Table scan on s  (cost=0.35 rows=1) (actual time=0.011..0.011 rows=0 loops=1)\n            -> Filter: (sg.shop_goods_type in (1,2,3))  (cost=52.16 rows=56) (never executed)\n                -> Index lookup on sg using index_shop_id (shop_id=s.shop_id), with index condition: (s.shop_id = sg.shop_id)  (cost=52.16 rows=186) (never executed)\n        -> Index lookup on sgs using index_shop_goods_id (shop_goods_id=sg.shop_goods_id)  (cost=0.43 rows=2) (never executed)\n    -> Filter: ((mgs.sku_id = '28f9f736fb084ac998c0dedf66b54925') and (mgs.mall_goods_sku_id = sgs.mall_goods_sku_id))  (cost=0.25 rows=0) (never executed)\n        -> Single-row index lookup on mgs using PRIMARY (mall_goods_sku_id=sgs.mall_goods_sku_id)  (cost=0.25 rows=1) (never executed)\n"]}, {"sql": " SELECT   mgs.sku_id AS skuId,   mgs.sku_name AS skuName,   s.shop_id AS shopId,   s.shop_name AS shopName,   sg.shop_goods_type AS shopGoodsType,   sgs.shop_goods_sku_type AS shopGoodsSkuType   FROM   shop s   LEFT JOIN shop_goods sg ON s.shop_id = sg.shop_id   LEFT JOIN shop_goods_sku sgs ON sgs.shop_goods_id = sg.shop_goods_id   LEFT JOIN mall_goods_sku mgs ON mgs.mall_goods_sku_id = sgs.mall_goods_sku_id   WHERE   mgs.sku_id IN   (    '28f9f736fb084ac998c0dedf66b54925'   )       AND sg.shop_goods_type IN (1,2,3)", "analyze": ["-> Nested loop inner join  (cost=131.70 rows=9) (actual time=0.012..0.012 rows=0 loops=1)\n    -> Nested loop inner join  (cost=98.63 rows=94) (actual time=0.012..0.012 rows=0 loops=1)\n        -> Nested loop inner join  (cost=65.56 rows=56) (actual time=0.012..0.012 rows=0 loops=1)\n            -> Table scan on s  (cost=0.35 rows=1) (actual time=0.011..0.011 rows=0 loops=1)\n            -> Filter: (sg.shop_goods_type in (1,2,3))  (cost=52.16 rows=56) (never executed)\n                -> Index lookup on sg using index_shop_id (shop_id=s.shop_id), with index condition: (s.shop_id = sg.shop_id)  (cost=52.16 rows=186) (never executed)\n        -> Index lookup on sgs using index_shop_goods_id (shop_goods_id=sg.shop_goods_id)  (cost=0.43 rows=2) (never executed)\n    -> Filter: ((mgs.sku_id = '28f9f736fb084ac998c0dedf66b54925') and (mgs.mall_goods_sku_id = sgs.mall_goods_sku_id))  (cost=0.25 rows=0) (never executed)\n        -> Single-row index lookup on mgs using PRIMARY (mall_goods_sku_id=sgs.mall_goods_sku_id)  (cost=0.25 rows=1) (never executed)\n"]}, {"sql": " SELECT   mgs.sku_id AS skuId,   mgs.sku_name AS skuName,   s.shop_id AS shopId,   s.shop_name AS shopName,   sg.shop_goods_type AS shopGoodsType,   sgs.shop_goods_sku_type AS shopGoodsSkuType   FROM   shop s   LEFT JOIN shop_goods sg ON s.shop_id = sg.shop_id   LEFT JOIN shop_goods_sku sgs ON sgs.shop_goods_id = sg.shop_goods_id   LEFT JOIN mall_goods_sku mgs ON mgs.mall_goods_sku_id = sgs.mall_goods_sku_id   WHERE   mgs.sku_id IN   (    '6ac7c114093d45cdb6eb7189e3ffbbaa'   )       AND sg.shop_goods_type IN (1,2,3)", "analyze": ["-> Nested loop inner join  (cost=131.70 rows=9) (actual time=0.012..0.012 rows=0 loops=1)\n    -> Nested loop inner join  (cost=98.63 rows=94) (actual time=0.012..0.012 rows=0 loops=1)\n        -> Nested loop inner join  (cost=65.56 rows=56) (actual time=0.012..0.012 rows=0 loops=1)\n            -> Table scan on s  (cost=0.35 rows=1) (actual time=0.012..0.012 rows=0 loops=1)\n            -> Filter: (sg.shop_goods_type in (1,2,3))  (cost=52.16 rows=56) (never executed)\n                -> Index lookup on sg using index_shop_id (shop_id=s.shop_id), with index condition: (s.shop_id = sg.shop_id)  (cost=52.16 rows=186) (never executed)\n        -> Index lookup on sgs using index_shop_goods_id (shop_goods_id=sg.shop_goods_id)  (cost=0.43 rows=2) (never executed)\n    -> Filter: ((mgs.sku_id = '6ac7c114093d45cdb6eb7189e3ffbbaa') and (mgs.mall_goods_sku_id = sgs.mall_goods_sku_id))  (cost=0.25 rows=0) (never executed)\n        -> Single-row index lookup on mgs using PRIMARY (mall_goods_sku_id=sgs.mall_goods_sku_id)  (cost=0.25 rows=1) (never executed)\n"]}, {"sql": " SELECT   mgs.sku_id AS skuId,   mgs.sku_name AS skuName,   s.shop_id AS shopId,   s.shop_name AS shopName,   sg.shop_goods_type AS shopGoodsType,   sgs.shop_goods_sku_type AS shopGoodsSkuType   FROM   shop s   LEFT JOIN shop_goods sg ON s.shop_id = sg.shop_id   LEFT JOIN shop_goods_sku sgs ON sgs.shop_goods_id = sg.shop_goods_id   LEFT JOIN mall_goods_sku mgs ON mgs.mall_goods_sku_id = sgs.mall_goods_sku_id   WHERE   mgs.sku_id IN   (    '6ac7c114093d45cdb6eb7189e3ffbbaa'   )       AND sg.shop_goods_type IN (1,2,3)", "analyze": ["-> Nested loop inner join  (cost=131.70 rows=9) (actual time=0.015..0.015 rows=0 loops=1)\n    -> Nested loop inner join  (cost=98.63 rows=94) (actual time=0.015..0.015 rows=0 loops=1)\n        -> Nested loop inner join  (cost=65.56 rows=56) (actual time=0.014..0.014 rows=0 loops=1)\n            -> Table scan on s  (cost=0.35 rows=1) (actual time=0.014..0.014 rows=0 loops=1)\n            -> Filter: (sg.shop_goods_type in (1,2,3))  (cost=52.16 rows=56) (never executed)\n                -> Index lookup on sg using index_shop_id (shop_id=s.shop_id), with index condition: (s.shop_id = sg.shop_id)  (cost=52.16 rows=186) (never executed)\n        -> Index lookup on sgs using index_shop_goods_id (shop_goods_id=sg.shop_goods_id)  (cost=0.43 rows=2) (never executed)\n    -> Filter: ((mgs.sku_id = '6ac7c114093d45cdb6eb7189e3ffbbaa') and (mgs.mall_goods_sku_id = sgs.mall_goods_sku_id))  (cost=0.25 rows=0) (never executed)\n        -> Single-row index lookup on mgs using PRIMARY (mall_goods_sku_id=sgs.mall_goods_sku_id)  (cost=0.25 rows=1) (never executed)\n"]}, {"sql": " SELECT   mgs.sku_id AS skuId,   mgs.sku_name AS skuName,   s.shop_id AS shopId,   s.shop_name AS shopName,   sg.shop_goods_type AS shopGoodsType,   sgs.shop_goods_sku_type AS shopGoodsSkuType   FROM   shop s   LEFT JOIN shop_goods sg ON s.shop_id = sg.shop_id   LEFT JOIN shop_goods_sku sgs ON sgs.shop_goods_id = sg.shop_goods_id   LEFT JOIN mall_goods_sku mgs ON mgs.mall_goods_sku_id = sgs.mall_goods_sku_id   WHERE   mgs.sku_id IN   (    '7d8f0b0f3d764815b26dd27c64af6209'   )       AND sg.shop_goods_type IN (1,2,3)", "analyze": ["-> Nested loop inner join  (cost=131.70 rows=9) (actual time=0.012..0.012 rows=0 loops=1)\n    -> Nested loop inner join  (cost=98.63 rows=94) (actual time=0.012..0.012 rows=0 loops=1)\n        -> Nested loop inner join  (cost=65.56 rows=56) (actual time=0.011..0.011 rows=0 loops=1)\n            -> Table scan on s  (cost=0.35 rows=1) (actual time=0.011..0.011 rows=0 loops=1)\n            -> Filter: (sg.shop_goods_type in (1,2,3))  (cost=52.16 rows=56) (never executed)\n                -> Index lookup on sg using index_shop_id (shop_id=s.shop_id), with index condition: (s.shop_id = sg.shop_id)  (cost=52.16 rows=186) (never executed)\n        -> Index lookup on sgs using index_shop_goods_id (shop_goods_id=sg.shop_goods_id)  (cost=0.43 rows=2) (never executed)\n    -> Filter: ((mgs.sku_id = '7d8f0b0f3d764815b26dd27c64af6209') and (mgs.mall_goods_sku_id = sgs.mall_goods_sku_id))  (cost=0.25 rows=0) (never executed)\n        -> Single-row index lookup on mgs using PRIMARY (mall_goods_sku_id=sgs.mall_goods_sku_id)  (cost=0.25 rows=1) (never executed)\n"]}, {"sql": " SELECT   mgs.sku_id AS skuId,   mgs.sku_name AS skuName,   s.shop_id AS shopId,   s.shop_name AS shopName,   sg.shop_goods_type AS shopGoodsType,   sgs.shop_goods_sku_type AS shopGoodsSkuType   FROM   shop s   LEFT JOIN shop_goods sg ON s.shop_id = sg.shop_id   LEFT JOIN shop_goods_sku sgs ON sgs.shop_goods_id = sg.shop_goods_id   LEFT JOIN mall_goods_sku mgs ON mgs.mall_goods_sku_id = sgs.mall_goods_sku_id   WHERE   mgs.sku_id IN   (    'fe2b95fe4d624eec8e8af1b7caf85eb1'   ,    'da3177e44fe443f9adaf0d29cde90e33'   )       AND sg.shop_goods_type IN (1,2,3)", "analyze": ["-> Nested loop inner join  (cost=131.70 rows=19) (actual time=0.012..0.012 rows=0 loops=1)\n    -> Nested loop inner join  (cost=98.63 rows=94) (actual time=0.012..0.012 rows=0 loops=1)\n        -> Nested loop inner join  (cost=65.56 rows=56) (actual time=0.012..0.012 rows=0 loops=1)\n            -> Table scan on s  (cost=0.35 rows=1) (actual time=0.011..0.011 rows=0 loops=1)\n            -> Filter: (sg.shop_goods_type in (1,2,3))  (cost=52.16 rows=56) (never executed)\n                -> Index lookup on sg using index_shop_id (shop_id=s.shop_id), with index condition: (s.shop_id = sg.shop_id)  (cost=52.16 rows=186) (never executed)\n        -> Index lookup on sgs using index_shop_goods_id (shop_goods_id=sg.shop_goods_id)  (cost=0.43 rows=2) (never executed)\n    -> Filter: ((mgs.sku_id in ('fe2b95fe4d624eec8e8af1b7caf85eb1','da3177e44fe443f9adaf0d29cde90e33')) and (mgs.mall_goods_sku_id = sgs.mall_goods_sku_id))  (cost=0.25 rows=0) (never executed)\n        -> Single-row index lookup on mgs using PRIMARY (mall_goods_sku_id=sgs.mall_goods_sku_id)  (cost=0.25 rows=1) (never executed)\n"]}, {"sql": " SELECT   mgs.sku_id AS skuId,   mgs.sku_name AS skuName,   s.shop_id AS shopId,   s.shop_name AS shopName,   sg.shop_goods_type AS shopGoodsType,   sgs.shop_goods_sku_type AS shopGoodsSkuType   FROM   shop s   LEFT JOIN shop_goods sg ON s.shop_id = sg.shop_id   LEFT JOIN shop_goods_sku sgs ON sgs.shop_goods_id = sg.shop_goods_id   LEFT JOIN mall_goods_sku mgs ON mgs.mall_goods_sku_id = sgs.mall_goods_sku_id   WHERE   mgs.sku_id IN   (    'fe2b95fe4d624eec8e8af1b7caf85eb1'   ,    'da3177e44fe443f9adaf0d29cde90e33'   )       AND sg.shop_goods_type IN (1,2,3)", "analyze": ["-> Nested loop inner join  (cost=131.70 rows=19) (actual time=0.012..0.012 rows=0 loops=1)\n    -> Nested loop inner join  (cost=98.63 rows=94) (actual time=0.012..0.012 rows=0 loops=1)\n        -> Nested loop inner join  (cost=65.56 rows=56) (actual time=0.012..0.012 rows=0 loops=1)\n            -> Table scan on s  (cost=0.35 rows=1) (actual time=0.011..0.011 rows=0 loops=1)\n            -> Filter: (sg.shop_goods_type in (1,2,3))  (cost=52.16 rows=56) (never executed)\n                -> Index lookup on sg using index_shop_id (shop_id=s.shop_id), with index condition: (s.shop_id = sg.shop_id)  (cost=52.16 rows=186) (never executed)\n        -> Index lookup on sgs using index_shop_goods_id (shop_goods_id=sg.shop_goods_id)  (cost=0.43 rows=2) (never executed)\n    -> Filter: ((mgs.sku_id in ('fe2b95fe4d624eec8e8af1b7caf85eb1','da3177e44fe443f9adaf0d29cde90e33')) and (mgs.mall_goods_sku_id = sgs.mall_goods_sku_id))  (cost=0.25 rows=0) (never executed)\n        -> Single-row index lookup on mgs using PRIMARY (mall_goods_sku_id=sgs.mall_goods_sku_id)  (cost=0.25 rows=1) (never executed)\n"]}, {"sql": " SELECT   mgs.sku_id AS skuId,   mgs.sku_name AS skuName,   s.shop_id AS shopId,   s.shop_name AS shopName,   sg.shop_goods_type AS shopGoodsType,   sgs.shop_goods_sku_type AS shopGoodsSkuType   FROM   shop s   LEFT JOIN shop_goods sg ON s.shop_id = sg.shop_id   LEFT JOIN shop_goods_sku sgs ON sgs.shop_goods_id = sg.shop_goods_id   LEFT JOIN mall_goods_sku mgs ON mgs.mall_goods_sku_id = sgs.mall_goods_sku_id   WHERE   mgs.sku_id IN   (    '4171d3d56ddc437ab358239c9220fe12'   )       AND sg.shop_goods_type IN (1,2,3)", "analyze": ["-> Nested loop inner join  (cost=131.70 rows=9) (actual time=0.017..0.017 rows=0 loops=1)\n    -> Nested loop inner join  (cost=98.63 rows=94) (actual time=0.016..0.016 rows=0 loops=1)\n        -> Nested loop inner join  (cost=65.56 rows=56) (actual time=0.016..0.016 rows=0 loops=1)\n            -> Table scan on s  (cost=0.35 rows=1) (actual time=0.015..0.015 rows=0 loops=1)\n            -> Filter: (sg.shop_goods_type in (1,2,3))  (cost=52.16 rows=56) (never executed)\n                -> Index lookup on sg using index_shop_id (shop_id=s.shop_id), with index condition: (s.shop_id = sg.shop_id)  (cost=52.16 rows=186) (never executed)\n        -> Index lookup on sgs using index_shop_goods_id (shop_goods_id=sg.shop_goods_id)  (cost=0.43 rows=2) (never executed)\n    -> Filter: ((mgs.sku_id = '4171d3d56ddc437ab358239c9220fe12') and (mgs.mall_goods_sku_id = sgs.mall_goods_sku_id))  (cost=0.25 rows=0) (never executed)\n        -> Single-row index lookup on mgs using PRIMARY (mall_goods_sku_id=sgs.mall_goods_sku_id)  (cost=0.25 rows=1) (never executed)\n"]}, {"sql": " SELECT   mgs.sku_id AS skuId,   mgs.sku_name AS skuName,   s.shop_id AS shopId,   s.shop_name AS shopName,   sg.shop_goods_type AS shopGoodsType,   sgs.shop_goods_sku_type AS shopGoodsSkuType   FROM   shop s   LEFT JOIN shop_goods sg ON s.shop_id = sg.shop_id   LEFT JOIN shop_goods_sku sgs ON sgs.shop_goods_id = sg.shop_goods_id   LEFT JOIN mall_goods_sku mgs ON mgs.mall_goods_sku_id = sgs.mall_goods_sku_id   WHERE   mgs.sku_id IN   (    '4171d3d56ddc437ab358239c9220fe12'   )       AND sg.shop_goods_type IN (1,2,3)", "analyze": ["-> Nested loop inner join  (cost=131.70 rows=9) (actual time=0.012..0.012 rows=0 loops=1)\n    -> Nested loop inner join  (cost=98.63 rows=94) (actual time=0.012..0.012 rows=0 loops=1)\n        -> Nested loop inner join  (cost=65.56 rows=56) (actual time=0.012..0.012 rows=0 loops=1)\n            -> Table scan on s  (cost=0.35 rows=1) (actual time=0.011..0.011 rows=0 loops=1)\n            -> Filter: (sg.shop_goods_type in (1,2,3))  (cost=52.16 rows=56) (never executed)\n                -> Index lookup on sg using index_shop_id (shop_id=s.shop_id), with index condition: (s.shop_id = sg.shop_id)  (cost=52.16 rows=186) (never executed)\n        -> Index lookup on sgs using index_shop_goods_id (shop_goods_id=sg.shop_goods_id)  (cost=0.43 rows=2) (never executed)\n    -> Filter: ((mgs.sku_id = '4171d3d56ddc437ab358239c9220fe12') and (mgs.mall_goods_sku_id = sgs.mall_goods_sku_id))  (cost=0.25 rows=0) (never executed)\n        -> Single-row index lookup on mgs using PRIMARY (mall_goods_sku_id=sgs.mall_goods_sku_id)  (cost=0.25 rows=1) (never executed)\n"]}, {"sql": " SELECT   mgs.sku_id AS skuId,   mgs.sku_name AS skuName,   s.shop_id AS shopId,   s.shop_name AS shopName,   sg.shop_goods_type AS shopGoodsType,   sgs.shop_goods_sku_type AS shopGoodsSkuType   FROM   shop s   LEFT JOIN shop_goods sg ON s.shop_id = sg.shop_id   LEFT JOIN shop_goods_sku sgs ON sgs.shop_goods_id = sg.shop_goods_id   LEFT JOIN mall_goods_sku mgs ON mgs.mall_goods_sku_id = sgs.mall_goods_sku_id   WHERE   mgs.sku_id IN   (    'baed415927884a188ded67c10e900c0e'   )       AND sg.shop_goods_type IN (1,2,3)", "analyze": ["-> Nested loop inner join  (cost=131.70 rows=9) (actual time=0.016..0.016 rows=0 loops=1)\n    -> Nested loop inner join  (cost=98.63 rows=94) (actual time=0.015..0.015 rows=0 loops=1)\n        -> Nested loop inner join  (cost=65.56 rows=56) (actual time=0.015..0.015 rows=0 loops=1)\n            -> Table scan on s  (cost=0.35 rows=1) (actual time=0.015..0.015 rows=0 loops=1)\n            -> Filter: (sg.shop_goods_type in (1,2,3))  (cost=52.16 rows=56) (never executed)\n                -> Index lookup on sg using index_shop_id (shop_id=s.shop_id), with index condition: (s.shop_id = sg.shop_id)  (cost=52.16 rows=186) (never executed)\n        -> Index lookup on sgs using index_shop_goods_id (shop_goods_id=sg.shop_goods_id)  (cost=0.43 rows=2) (never executed)\n    -> Filter: ((mgs.sku_id = 'baed415927884a188ded67c10e900c0e') and (mgs.mall_goods_sku_id = sgs.mall_goods_sku_id))  (cost=0.25 rows=0) (never executed)\n        -> Single-row index lookup on mgs using PRIMARY (mall_goods_sku_id=sgs.mall_goods_sku_id)  (cost=0.25 rows=1) (never executed)\n"]}, {"sql": " SELECT   mgs.sku_id AS skuId,   mgs.sku_name AS skuName,   s.shop_id AS shopId,   s.shop_name AS shopName,   sg.shop_goods_type AS shopGoodsType,   sgs.shop_goods_sku_type AS shopGoodsSkuType   FROM   shop s   LEFT JOIN shop_goods sg ON s.shop_id = sg.shop_id   LEFT JOIN shop_goods_sku sgs ON sgs.shop_goods_id = sg.shop_goods_id   LEFT JOIN mall_goods_sku mgs ON mgs.mall_goods_sku_id = sgs.mall_goods_sku_id   WHERE   mgs.sku_id IN   (    '13915c5dd6914c91a5e3b3193704ee2d'   ,    'f53210783074416580636c1441ddafbc'   ,    'c57464e266d64aa89756deaab715befd'   ,    '51f1418c12f34aac9ef03a4039cdf902'   ,    '97e67a9305ba449285af19f55ca2b71f'   ,    '9fcd6909b5e247f5a1017a0bd74d542f'   ,    '251aef084bff435c8fb7afe60808caa0'   ,    '4ddf28d0da7340cbb0d63d80455aaf4e'   ,    '5e642338dcda42dd80f4b4a7f444deff'   ,    'a4326c79d6e342cc8674de3933c2977d'   ,    '9a91852b1c034ffb9b5510635cefc540'   ,    'd47e0d3628474844b7e46b5cf12a3020'   ,    'a894749bfe044bc2ace054fdb2f16176'   ,    '17cd05027dcb45989ef751c7449cd3ea'   ,    'be46dda1726a40bcaf6aadabb99920e9'   ,    '7e57b4d241944d0c8e5c28071329e7d1'   ,    'e50151e7c1ac419d8f7224c7e54ffb54'   ,    '436ee9abb6bd4b5eafbee097d180e751'   ,    '2f33d47ee6654e3784ae8394ba2e60f6'   ,    '02e8e7d3543d45bba6e87db698e0eb46'   ,    '61834aab72c04d13894eb66328835b18'   ,    'fd84c0f0befa4b75b56343ce41e559f0'   ,    '807c06e7bbb04f4f80380d02e7749bb6'   ,    '41a595bc14714840ad7933cd1d8466ed'   ,    '08b8a20687784c08862e4842d282d8ac'   ,    '27a67a6aebf243949d1cd24ce08e006a'   ,    '440ce624b7094e3d99f0be89eb2eb4f2'   ,    '7e86b3d467c14100958c50246f0a29d2'   ,    '21789ef0fc664f519bc8e2689d19aad7'   ,    '33cfad8961bf48df975e69b9e641cdda'   ,    '0cdd9ee42a2a488c81e004bbded65352'   ,    '6c2bac09260142b09a4060eaa4f3c9d3'   ,    '097f39f8f3744031880def433c568002'   ,    'd8ddc69a24c541c1bd4ce4795b180354'   ,    'a76fb94621ab41d4b701360d5376bfb3'   ,    '0771dda152bc474b83c57b0da848c899'   )       AND sg.shop_goods_type IN (1,2,3)", "analyze": ["-> Nested loop inner join  (cost=131.70 rows=47) (actual time=0.012..0.012 rows=0 loops=1)\n    -> Nested loop inner join  (cost=98.63 rows=94) (actual time=0.012..0.012 rows=0 loops=1)\n        -> Nested loop inner join  (cost=65.56 rows=56) (actual time=0.012..0.012 rows=0 loops=1)\n            -> Table scan on s  (cost=0.35 rows=1) (actual time=0.011..0.011 rows=0 loops=1)\n            -> Filter: (sg.shop_goods_type in (1,2,3))  (cost=52.16 rows=56) (never executed)\n                -> Index lookup on sg using index_shop_id (shop_id=s.shop_id), with index condition: (s.shop_id = sg.shop_id)  (cost=52.16 rows=186) (never executed)\n        -> Index lookup on sgs using index_shop_goods_id (shop_goods_id=sg.shop_goods_id)  (cost=0.43 rows=2) (never executed)\n    -> Filter: ((mgs.sku_id in ('13915c5dd6914c91a5e3b3193704ee2d','f53210783074416580636c1441ddafbc','c57464e266d64aa89756deaab715befd','51f1418c12f34aac9ef03a4039cdf902','97e67a9305ba449285af19f55ca2b71f','9fcd6909b5e247f5a1017a0bd74d542f','251aef084bff435c8fb7afe60808caa0','4ddf28d0da7340cbb0d63d80455aaf4e','5e642338dcda42dd80f4b4a7f444deff','a4326c79d6e342cc8674de3933c2977d','9a91852b1c034ffb9b5510635cefc540','d47e0d3628474844b7e46b5cf12a3020','a894749bfe044bc2ace054fdb2f16176','17cd05027dcb45989ef751c7449cd3ea','be46dda1726a40bcaf6aadabb99920e9','7e57b4d241944d0c8e5c28071329e7d1','e50151e7c1ac419d8f7224c7e54ffb54','436ee9abb6bd4b5eafbee097d180e751','2f33d47ee6654e3784ae8394ba2e60f6','02e8e7d3543d45bba6e87db698e0eb46','61834aab72c04d13894eb66328835b18','fd84c0f0befa4b75b56343ce41e559f0','807c06e7bbb04f4f80380d02e7749bb6','41a595bc14714840ad7933cd1d8466ed','08b8a20687784c08862e4842d282d8ac','27a67a6aebf243949d1cd24ce08e006a','440ce624b7094e3d99f0be89eb2eb4f2','7e86b3d467c14100958c50246f0a29d2','21789ef0fc664f519bc8e2689d19aad7','33cfad8961bf48df975e69b9e641cdda','0cdd9ee42a2a488c81e004bbded65352','6c2bac09260142b09a4060eaa4f3c9d3','097f39f8f3744031880def433c568002','d8ddc69a24c541c1bd4ce4795b180354','a76fb94621ab41d4b701360d5376bfb3','0771dda152bc474b83c57b0da848c899')) and (mgs.mall_goods_sku_id = sgs.mall_goods_sku_id))  (cost=0.25 rows=0) (never executed)\n        -> Single-row index lookup on mgs using PRIMARY (mall_goods_sku_id=sgs.mall_goods_sku_id)  (cost=0.25 rows=1) (never executed)\n"]}, {"sql": " SELECT   mgs.sku_id AS skuId,   mgs.sku_name AS skuName,   s.shop_id AS shopId,   s.shop_name AS shopName,   sg.shop_goods_type AS shopGoodsType,   sgs.shop_goods_sku_type AS shopGoodsSkuType   FROM   shop s   LEFT JOIN shop_goods sg ON s.shop_id = sg.shop_id   LEFT JOIN shop_goods_sku sgs ON sgs.shop_goods_id = sg.shop_goods_id   LEFT JOIN mall_goods_sku mgs ON mgs.mall_goods_sku_id = sgs.mall_goods_sku_id   WHERE   mgs.sku_id IN   (    '9d6237eaaa7a43998097e2de31f51102'   )       AND sg.shop_goods_type IN (1,2,3)", "analyze": ["-> Nested loop inner join  (cost=131.70 rows=9) (actual time=0.012..0.012 rows=0 loops=1)\n    -> Nested loop inner join  (cost=98.63 rows=94) (actual time=0.012..0.012 rows=0 loops=1)\n        -> Nested loop inner join  (cost=65.56 rows=56) (actual time=0.012..0.012 rows=0 loops=1)\n            -> Table scan on s  (cost=0.35 rows=1) (actual time=0.011..0.011 rows=0 loops=1)\n            -> Filter: (sg.shop_goods_type in (1,2,3))  (cost=52.16 rows=56) (never executed)\n                -> Index lookup on sg using index_shop_id (shop_id=s.shop_id), with index condition: (s.shop_id = sg.shop_id)  (cost=52.16 rows=186) (never executed)\n        -> Index lookup on sgs using index_shop_goods_id (shop_goods_id=sg.shop_goods_id)  (cost=0.43 rows=2) (never executed)\n    -> Filter: ((mgs.sku_id = '9d6237eaaa7a43998097e2de31f51102') and (mgs.mall_goods_sku_id = sgs.mall_goods_sku_id))  (cost=0.25 rows=0) (never executed)\n        -> Single-row index lookup on mgs using PRIMARY (mall_goods_sku_id=sgs.mall_goods_sku_id)  (cost=0.25 rows=1) (never executed)\n"]}, {"sql": " SELECT   mgs.sku_id AS skuId,   mgs.sku_name AS skuName,   s.shop_id AS shopId,   s.shop_name AS shopName,   sg.shop_goods_type AS shopGoodsType,   sgs.shop_goods_sku_type AS shopGoodsSkuType   FROM   shop s   LEFT JOIN shop_goods sg ON s.shop_id = sg.shop_id   LEFT JOIN shop_goods_sku sgs ON sgs.shop_goods_id = sg.shop_goods_id   LEFT JOIN mall_goods_sku mgs ON mgs.mall_goods_sku_id = sgs.mall_goods_sku_id   WHERE   mgs.sku_id IN   (    '4171d3d56ddc437ab358239c9220fe12'   )       AND sg.shop_goods_type IN (1,2,3)", "analyze": ["-> Nested loop inner join  (cost=131.70 rows=9) (actual time=0.012..0.012 rows=0 loops=1)\n    -> Nested loop inner join  (cost=98.63 rows=94) (actual time=0.011..0.011 rows=0 loops=1)\n        -> Nested loop inner join  (cost=65.56 rows=56) (actual time=0.011..0.011 rows=0 loops=1)\n            -> Table scan on s  (cost=0.35 rows=1) (actual time=0.011..0.011 rows=0 loops=1)\n            -> Filter: (sg.shop_goods_type in (1,2,3))  (cost=52.16 rows=56) (never executed)\n                -> Index lookup on sg using index_shop_id (shop_id=s.shop_id), with index condition: (s.shop_id = sg.shop_id)  (cost=52.16 rows=186) (never executed)\n        -> Index lookup on sgs using index_shop_goods_id (shop_goods_id=sg.shop_goods_id)  (cost=0.43 rows=2) (never executed)\n    -> Filter: ((mgs.sku_id = '4171d3d56ddc437ab358239c9220fe12') and (mgs.mall_goods_sku_id = sgs.mall_goods_sku_id))  (cost=0.25 rows=0) (never executed)\n        -> Single-row index lookup on mgs using PRIMARY (mall_goods_sku_id=sgs.mall_goods_sku_id)  (cost=0.25 rows=1) (never executed)\n"]}, {"sql": " SELECT   mgs.sku_id AS skuId,   mgs.sku_name AS skuName,   s.shop_id AS shopId,   s.shop_name AS shopName,   sg.shop_goods_type AS shopGoodsType,   sgs.shop_goods_sku_type AS shopGoodsSkuType   FROM   shop s   LEFT JOIN shop_goods sg ON s.shop_id = sg.shop_id   LEFT JOIN shop_goods_sku sgs ON sgs.shop_goods_id = sg.shop_goods_id   LEFT JOIN mall_goods_sku mgs ON mgs.mall_goods_sku_id = sgs.mall_goods_sku_id   WHERE   mgs.sku_id IN   (    '1163ada391ae42d1b2897e2237f865f6'   )       AND sg.shop_goods_type IN (1,2,3)", "analyze": ["-> Nested loop inner join  (cost=131.70 rows=9) (actual time=0.012..0.012 rows=0 loops=1)\n    -> Nested loop inner join  (cost=98.63 rows=94) (actual time=0.012..0.012 rows=0 loops=1)\n        -> Nested loop inner join  (cost=65.56 rows=56) (actual time=0.011..0.011 rows=0 loops=1)\n            -> Table scan on s  (cost=0.35 rows=1) (actual time=0.011..0.011 rows=0 loops=1)\n            -> Filter: (sg.shop_goods_type in (1,2,3))  (cost=52.16 rows=56) (never executed)\n                -> Index lookup on sg using index_shop_id (shop_id=s.shop_id), with index condition: (s.shop_id = sg.shop_id)  (cost=52.16 rows=186) (never executed)\n        -> Index lookup on sgs using index_shop_goods_id (shop_goods_id=sg.shop_goods_id)  (cost=0.43 rows=2) (never executed)\n    -> Filter: ((mgs.sku_id = '1163ada391ae42d1b2897e2237f865f6') and (mgs.mall_goods_sku_id = sgs.mall_goods_sku_id))  (cost=0.25 rows=0) (never executed)\n        -> Single-row index lookup on mgs using PRIMARY (mall_goods_sku_id=sgs.mall_goods_sku_id)  (cost=0.25 rows=1) (never executed)\n"]}, {"sql": " SELECT   mgs.sku_id AS skuId,   mgs.sku_name AS skuName,   s.shop_id AS shopId,   s.shop_name AS shopName,   sg.shop_goods_type AS shopGoodsType,   sgs.shop_goods_sku_type AS shopGoodsSkuType   FROM   shop s   LEFT JOIN shop_goods sg ON s.shop_id = sg.shop_id   LEFT JOIN shop_goods_sku sgs ON sgs.shop_goods_id = sg.shop_goods_id   LEFT JOIN mall_goods_sku mgs ON mgs.mall_goods_sku_id = sgs.mall_goods_sku_id   WHERE   mgs.sku_id IN   (    '9d6237eaaa7a43998097e2de31f51102'   )       AND sg.shop_goods_type IN (1,2,3)", "analyze": ["-> Nested loop inner join  (cost=131.70 rows=9) (actual time=0.014..0.014 rows=0 loops=1)\n    -> Nested loop inner join  (cost=98.63 rows=94) (actual time=0.014..0.014 rows=0 loops=1)\n        -> Nested loop inner join  (cost=65.56 rows=56) (actual time=0.013..0.013 rows=0 loops=1)\n            -> Table scan on s  (cost=0.35 rows=1) (actual time=0.013..0.013 rows=0 loops=1)\n            -> Filter: (sg.shop_goods_type in (1,2,3))  (cost=52.16 rows=56) (never executed)\n                -> Index lookup on sg using index_shop_id (shop_id=s.shop_id), with index condition: (s.shop_id = sg.shop_id)  (cost=52.16 rows=186) (never executed)\n        -> Index lookup on sgs using index_shop_goods_id (shop_goods_id=sg.shop_goods_id)  (cost=0.43 rows=2) (never executed)\n    -> Filter: ((mgs.sku_id = '9d6237eaaa7a43998097e2de31f51102') and (mgs.mall_goods_sku_id = sgs.mall_goods_sku_id))  (cost=0.25 rows=0) (never executed)\n        -> Single-row index lookup on mgs using PRIMARY (mall_goods_sku_id=sgs.mall_goods_sku_id)  (cost=0.25 rows=1) (never executed)\n"]}, {"sql": " SELECT   mgs.sku_id AS skuId,   mgs.sku_name AS skuName,   s.shop_id AS shopId,   s.shop_name AS shopName,   sg.shop_goods_type AS shopGoodsType,   sgs.shop_goods_sku_type AS shopGoodsSkuType   FROM   shop s   LEFT JOIN shop_goods sg ON s.shop_id = sg.shop_id   LEFT JOIN shop_goods_sku sgs ON sgs.shop_goods_id = sg.shop_goods_id   LEFT JOIN mall_goods_sku mgs ON mgs.mall_goods_sku_id = sgs.mall_goods_sku_id   WHERE   mgs.sku_id IN   (    '1163ada391ae42d1b2897e2237f865f6'   )       AND sg.shop_goods_type IN (1,2,3)", "analyze": ["-> Nested loop inner join  (cost=131.70 rows=9) (actual time=0.013..0.013 rows=0 loops=1)\n    -> Nested loop inner join  (cost=98.63 rows=94) (actual time=0.012..0.012 rows=0 loops=1)\n        -> Nested loop inner join  (cost=65.56 rows=56) (actual time=0.012..0.012 rows=0 loops=1)\n            -> Table scan on s  (cost=0.35 rows=1) (actual time=0.012..0.012 rows=0 loops=1)\n            -> Filter: (sg.shop_goods_type in (1,2,3))  (cost=52.16 rows=56) (never executed)\n                -> Index lookup on sg using index_shop_id (shop_id=s.shop_id), with index condition: (s.shop_id = sg.shop_id)  (cost=52.16 rows=186) (never executed)\n        -> Index lookup on sgs using index_shop_goods_id (shop_goods_id=sg.shop_goods_id)  (cost=0.43 rows=2) (never executed)\n    -> Filter: ((mgs.sku_id = '1163ada391ae42d1b2897e2237f865f6') and (mgs.mall_goods_sku_id = sgs.mall_goods_sku_id))  (cost=0.25 rows=0) (never executed)\n        -> Single-row index lookup on mgs using PRIMARY (mall_goods_sku_id=sgs.mall_goods_sku_id)  (cost=0.25 rows=1) (never executed)\n"]}, {"sql": " SELECT   mgs.sku_id AS skuId,   mgs.sku_name AS skuName,   s.shop_id AS shopId,   s.shop_name AS shopName,   sg.shop_goods_type AS shopGoodsType,   sgs.shop_goods_sku_type AS shopGoodsSkuType   FROM   shop s   LEFT JOIN shop_goods sg ON s.shop_id = sg.shop_id   LEFT JOIN shop_goods_sku sgs ON sgs.shop_goods_id = sg.shop_goods_id   LEFT JOIN mall_goods_sku mgs ON mgs.mall_goods_sku_id = sgs.mall_goods_sku_id   WHERE   mgs.sku_id IN   (    '4171d3d56ddc437ab358239c9220fe12'   )       AND sg.shop_goods_type IN (1,2,3)", "analyze": ["-> Nested loop inner join  (cost=131.70 rows=9) (actual time=0.012..0.012 rows=0 loops=1)\n    -> Nested loop inner join  (cost=98.63 rows=94) (actual time=0.012..0.012 rows=0 loops=1)\n        -> Nested loop inner join  (cost=65.56 rows=56) (actual time=0.012..0.012 rows=0 loops=1)\n            -> Table scan on s  (cost=0.35 rows=1) (actual time=0.011..0.011 rows=0 loops=1)\n            -> Filter: (sg.shop_goods_type in (1,2,3))  (cost=52.16 rows=56) (never executed)\n                -> Index lookup on sg using index_shop_id (shop_id=s.shop_id), with index condition: (s.shop_id = sg.shop_id)  (cost=52.16 rows=186) (never executed)\n        -> Index lookup on sgs using index_shop_goods_id (shop_goods_id=sg.shop_goods_id)  (cost=0.43 rows=2) (never executed)\n    -> Filter: ((mgs.sku_id = '4171d3d56ddc437ab358239c9220fe12') and (mgs.mall_goods_sku_id = sgs.mall_goods_sku_id))  (cost=0.25 rows=0) (never executed)\n        -> Single-row index lookup on mgs using PRIMARY (mall_goods_sku_id=sgs.mall_goods_sku_id)  (cost=0.25 rows=1) (never executed)\n"]}, {"sql": " SELECT   mgs.sku_id AS skuId,   mgs.sku_name AS skuName,   s.shop_id AS shopId,   s.shop_name AS shopName,   sg.shop_goods_type AS shopGoodsType,   sgs.shop_goods_sku_type AS shopGoodsSkuType   FROM   shop s   LEFT JOIN shop_goods sg ON s.shop_id = sg.shop_id   LEFT JOIN shop_goods_sku sgs ON sgs.shop_goods_id = sg.shop_goods_id   LEFT JOIN mall_goods_sku mgs ON mgs.mall_goods_sku_id = sgs.mall_goods_sku_id   WHERE   mgs.sku_id IN   (    '1163ada391ae42d1b2897e2237f865f6'   )       AND sg.shop_goods_type IN (1,2,3)", "analyze": ["-> Nested loop inner join  (cost=131.70 rows=9) (actual time=0.012..0.012 rows=0 loops=1)\n    -> Nested loop inner join  (cost=98.63 rows=94) (actual time=0.011..0.011 rows=0 loops=1)\n        -> Nested loop inner join  (cost=65.56 rows=56) (actual time=0.011..0.011 rows=0 loops=1)\n            -> Table scan on s  (cost=0.35 rows=1) (actual time=0.011..0.011 rows=0 loops=1)\n            -> Filter: (sg.shop_goods_type in (1,2,3))  (cost=52.16 rows=56) (never executed)\n                -> Index lookup on sg using index_shop_id (shop_id=s.shop_id), with index condition: (s.shop_id = sg.shop_id)  (cost=52.16 rows=186) (never executed)\n        -> Index lookup on sgs using index_shop_goods_id (shop_goods_id=sg.shop_goods_id)  (cost=0.43 rows=2) (never executed)\n    -> Filter: ((mgs.sku_id = '1163ada391ae42d1b2897e2237f865f6') and (mgs.mall_goods_sku_id = sgs.mall_goods_sku_id))  (cost=0.25 rows=0) (never executed)\n        -> Single-row index lookup on mgs using PRIMARY (mall_goods_sku_id=sgs.mall_goods_sku_id)  (cost=0.25 rows=1) (never executed)\n"]}, {"sql": " SELECT   mgs.sku_id AS skuId,   mgs.sku_name AS skuName,   s.shop_id AS shopId,   s.shop_name AS shopName,   sg.shop_goods_type AS shopGoodsType,   sgs.shop_goods_sku_type AS shopGoodsSkuType   FROM   shop s   LEFT JOIN shop_goods sg ON s.shop_id = sg.shop_id   LEFT JOIN shop_goods_sku sgs ON sgs.shop_goods_id = sg.shop_goods_id   LEFT JOIN mall_goods_sku mgs ON mgs.mall_goods_sku_id = sgs.mall_goods_sku_id   WHERE   mgs.sku_id IN   (    '4171d3d56ddc437ab358239c9220fe12'   )       AND sg.shop_goods_type IN (1,2,3)", "analyze": ["-> Nested loop inner join  (cost=131.70 rows=9) (actual time=0.012..0.012 rows=0 loops=1)\n    -> Nested loop inner join  (cost=98.63 rows=94) (actual time=0.012..0.012 rows=0 loops=1)\n        -> Nested loop inner join  (cost=65.56 rows=56) (actual time=0.012..0.012 rows=0 loops=1)\n            -> Table scan on s  (cost=0.35 rows=1) (actual time=0.011..0.011 rows=0 loops=1)\n            -> Filter: (sg.shop_goods_type in (1,2,3))  (cost=52.16 rows=56) (never executed)\n                -> Index lookup on sg using index_shop_id (shop_id=s.shop_id), with index condition: (s.shop_id = sg.shop_id)  (cost=52.16 rows=186) (never executed)\n        -> Index lookup on sgs using index_shop_goods_id (shop_goods_id=sg.shop_goods_id)  (cost=0.43 rows=2) (never executed)\n    -> Filter: ((mgs.sku_id = '4171d3d56ddc437ab358239c9220fe12') and (mgs.mall_goods_sku_id = sgs.mall_goods_sku_id))  (cost=0.25 rows=0) (never executed)\n        -> Single-row index lookup on mgs using PRIMARY (mall_goods_sku_id=sgs.mall_goods_sku_id)  (cost=0.25 rows=1) (never executed)\n"]}, {"sql": " SELECT   mgs.sku_id AS skuId,   mgs.sku_name AS skuName,   s.shop_id AS shopId,   s.shop_name AS shopName,   sg.shop_goods_type AS shopGoodsType,   sgs.shop_goods_sku_type AS shopGoodsSkuType   FROM   shop s   LEFT JOIN shop_goods sg ON s.shop_id = sg.shop_id   LEFT JOIN shop_goods_sku sgs ON sgs.shop_goods_id = sg.shop_goods_id   LEFT JOIN mall_goods_sku mgs ON mgs.mall_goods_sku_id = sgs.mall_goods_sku_id   WHERE   mgs.sku_id IN   (    '4171d3d56ddc437ab358239c9220fe12'   )       AND sg.shop_goods_type IN (1,2,3)", "analyze": ["-> Nested loop inner join  (cost=131.70 rows=9) (actual time=0.012..0.012 rows=0 loops=1)\n    -> Nested loop inner join  (cost=98.63 rows=94) (actual time=0.012..0.012 rows=0 loops=1)\n        -> Nested loop inner join  (cost=65.56 rows=56) (actual time=0.012..0.012 rows=0 loops=1)\n            -> Table scan on s  (cost=0.35 rows=1) (actual time=0.011..0.011 rows=0 loops=1)\n            -> Filter: (sg.shop_goods_type in (1,2,3))  (cost=52.16 rows=56) (never executed)\n                -> Index lookup on sg using index_shop_id (shop_id=s.shop_id), with index condition: (s.shop_id = sg.shop_id)  (cost=52.16 rows=186) (never executed)\n        -> Index lookup on sgs using index_shop_goods_id (shop_goods_id=sg.shop_goods_id)  (cost=0.43 rows=2) (never executed)\n    -> Filter: ((mgs.sku_id = '4171d3d56ddc437ab358239c9220fe12') and (mgs.mall_goods_sku_id = sgs.mall_goods_sku_id))  (cost=0.25 rows=0) (never executed)\n        -> Single-row index lookup on mgs using PRIMARY (mall_goods_sku_id=sgs.mall_goods_sku_id)  (cost=0.25 rows=1) (never executed)\n"]}, {"sql": " SELECT   mgs.sku_id AS skuId,   mgs.sku_name AS skuName,   s.shop_id AS shopId,   s.shop_name AS shopName,   sg.shop_goods_type AS shopGoodsType,   sgs.shop_goods_sku_type AS shopGoodsSkuType   FROM   shop s   LEFT JOIN shop_goods sg ON s.shop_id = sg.shop_id   LEFT JOIN shop_goods_sku sgs ON sgs.shop_goods_id = sg.shop_goods_id   LEFT JOIN mall_goods_sku mgs ON mgs.mall_goods_sku_id = sgs.mall_goods_sku_id   WHERE   mgs.sku_id IN   (    '1163ada391ae42d1b2897e2237f865f6'   )       AND sg.shop_goods_type IN (1,2,3)", "analyze": ["-> Nested loop inner join  (cost=131.70 rows=9) (actual time=0.012..0.012 rows=0 loops=1)\n    -> Nested loop inner join  (cost=98.63 rows=94) (actual time=0.012..0.012 rows=0 loops=1)\n        -> Nested loop inner join  (cost=65.56 rows=56) (actual time=0.012..0.012 rows=0 loops=1)\n            -> Table scan on s  (cost=0.35 rows=1) (actual time=0.011..0.011 rows=0 loops=1)\n            -> Filter: (sg.shop_goods_type in (1,2,3))  (cost=52.16 rows=56) (never executed)\n                -> Index lookup on sg using index_shop_id (shop_id=s.shop_id), with index condition: (s.shop_id = sg.shop_id)  (cost=52.16 rows=186) (never executed)\n        -> Index lookup on sgs using index_shop_goods_id (shop_goods_id=sg.shop_goods_id)  (cost=0.43 rows=2) (never executed)\n    -> Filter: ((mgs.sku_id = '1163ada391ae42d1b2897e2237f865f6') and (mgs.mall_goods_sku_id = sgs.mall_goods_sku_id))  (cost=0.25 rows=0) (never executed)\n        -> Single-row index lookup on mgs using PRIMARY (mall_goods_sku_id=sgs.mall_goods_sku_id)  (cost=0.25 rows=1) (never executed)\n"]}, {"sql": " SELECT   mgs.sku_id AS skuId,   mgs.sku_name AS skuName,   s.shop_id AS shopId,   s.shop_name AS shopName,   sg.shop_goods_type AS shopGoodsType,   sgs.shop_goods_sku_type AS shopGoodsSkuType   FROM   shop s   LEFT JOIN shop_goods sg ON s.shop_id = sg.shop_id   LEFT JOIN shop_goods_sku sgs ON sgs.shop_goods_id = sg.shop_goods_id   LEFT JOIN mall_goods_sku mgs ON mgs.mall_goods_sku_id = sgs.mall_goods_sku_id   WHERE   mgs.sku_id IN   (    '4171d3d56ddc437ab358239c9220fe12'   )       AND sg.shop_goods_type IN (1,2,3)", "analyze": ["-> Nested loop inner join  (cost=131.70 rows=9) (actual time=0.012..0.012 rows=0 loops=1)\n    -> Nested loop inner join  (cost=98.63 rows=94) (actual time=0.012..0.012 rows=0 loops=1)\n        -> Nested loop inner join  (cost=65.56 rows=56) (actual time=0.011..0.011 rows=0 loops=1)\n            -> Table scan on s  (cost=0.35 rows=1) (actual time=0.011..0.011 rows=0 loops=1)\n            -> Filter: (sg.shop_goods_type in (1,2,3))  (cost=52.16 rows=56) (never executed)\n                -> Index lookup on sg using index_shop_id (shop_id=s.shop_id), with index condition: (s.shop_id = sg.shop_id)  (cost=52.16 rows=186) (never executed)\n        -> Index lookup on sgs using index_shop_goods_id (shop_goods_id=sg.shop_goods_id)  (cost=0.43 rows=2) (never executed)\n    -> Filter: ((mgs.sku_id = '4171d3d56ddc437ab358239c9220fe12') and (mgs.mall_goods_sku_id = sgs.mall_goods_sku_id))  (cost=0.25 rows=0) (never executed)\n        -> Single-row index lookup on mgs using PRIMARY (mall_goods_sku_id=sgs.mall_goods_sku_id)  (cost=0.25 rows=1) (never executed)\n"]}, {"sql": " SELECT   mgs.sku_id AS skuId,   mgs.sku_name AS skuName,   s.shop_id AS shopId,   s.shop_name AS shopName,   sg.shop_goods_type AS shopGoodsType,   sgs.shop_goods_sku_type AS shopGoodsSkuType   FROM   shop s   LEFT JOIN shop_goods sg ON s.shop_id = sg.shop_id   LEFT JOIN shop_goods_sku sgs ON sgs.shop_goods_id = sg.shop_goods_id   LEFT JOIN mall_goods_sku mgs ON mgs.mall_goods_sku_id = sgs.mall_goods_sku_id   WHERE   mgs.sku_id IN   (    '8ed7e88147d84018bd914b5906b5b1c5'   ,    '2328554089ef460bac5a71abadc5996d'   ,    'b55cccc2458346b783eb0c35693f1995'   )       AND sg.shop_goods_type IN (1,2,3)", "analyze": ["-> Nested loop inner join  (cost=131.70 rows=28) (actual time=0.012..0.012 rows=0 loops=1)\n    -> Nested loop inner join  (cost=98.63 rows=94) (actual time=0.012..0.012 rows=0 loops=1)\n        -> Nested loop inner join  (cost=65.56 rows=56) (actual time=0.012..0.012 rows=0 loops=1)\n            -> Table scan on s  (cost=0.35 rows=1) (actual time=0.011..0.011 rows=0 loops=1)\n            -> Filter: (sg.shop_goods_type in (1,2,3))  (cost=52.16 rows=56) (never executed)\n                -> Index lookup on sg using index_shop_id (shop_id=s.shop_id), with index condition: (s.shop_id = sg.shop_id)  (cost=52.16 rows=186) (never executed)\n        -> Index lookup on sgs using index_shop_goods_id (shop_goods_id=sg.shop_goods_id)  (cost=0.43 rows=2) (never executed)\n    -> Filter: ((mgs.sku_id in ('8ed7e88147d84018bd914b5906b5b1c5','2328554089ef460bac5a71abadc5996d','b55cccc2458346b783eb0c35693f1995')) and (mgs.mall_goods_sku_id = sgs.mall_goods_sku_id))  (cost=0.25 rows=0) (never executed)\n        -> Single-row index lookup on mgs using PRIMARY (mall_goods_sku_id=sgs.mall_goods_sku_id)  (cost=0.25 rows=1) (never executed)\n"]}, {"sql": " SELECT   mgs.sku_id AS skuId,   mgs.sku_name AS skuName,   s.shop_id AS shopId,   s.shop_name AS shopName,   sg.shop_goods_type AS shopGoodsType,   sgs.shop_goods_sku_type AS shopGoodsSkuType   FROM   shop s   LEFT JOIN shop_goods sg ON s.shop_id = sg.shop_id   LEFT JOIN shop_goods_sku sgs ON sgs.shop_goods_id = sg.shop_goods_id   LEFT JOIN mall_goods_sku mgs ON mgs.mall_goods_sku_id = sgs.mall_goods_sku_id   WHERE   mgs.sku_id IN   (    '4380ab01bfca475eab0775033f685d9f'   )       AND sg.shop_goods_type IN (1,2,3)", "analyze": ["-> Nested loop inner join  (cost=131.70 rows=9) (actual time=0.012..0.012 rows=0 loops=1)\n    -> Nested loop inner join  (cost=98.63 rows=94) (actual time=0.012..0.012 rows=0 loops=1)\n        -> Nested loop inner join  (cost=65.56 rows=56) (actual time=0.011..0.011 rows=0 loops=1)\n            -> Table scan on s  (cost=0.35 rows=1) (actual time=0.011..0.011 rows=0 loops=1)\n            -> Filter: (sg.shop_goods_type in (1,2,3))  (cost=52.16 rows=56) (never executed)\n                -> Index lookup on sg using index_shop_id (shop_id=s.shop_id), with index condition: (s.shop_id = sg.shop_id)  (cost=52.16 rows=186) (never executed)\n        -> Index lookup on sgs using index_shop_goods_id (shop_goods_id=sg.shop_goods_id)  (cost=0.43 rows=2) (never executed)\n    -> Filter: ((mgs.sku_id = '4380ab01bfca475eab0775033f685d9f') and (mgs.mall_goods_sku_id = sgs.mall_goods_sku_id))  (cost=0.25 rows=0) (never executed)\n        -> Single-row index lookup on mgs using PRIMARY (mall_goods_sku_id=sgs.mall_goods_sku_id)  (cost=0.25 rows=1) (never executed)\n"]}, {"sql": " SELECT   mgs.sku_id AS skuId,   mgs.sku_name AS skuName,   s.shop_id AS shopId,   s.shop_name AS shopName,   sg.shop_goods_type AS shopGoodsType,   sgs.shop_goods_sku_type AS shopGoodsSkuType   FROM   shop s   LEFT JOIN shop_goods sg ON s.shop_id = sg.shop_id   LEFT JOIN shop_goods_sku sgs ON sgs.shop_goods_id = sg.shop_goods_id   LEFT JOIN mall_goods_sku mgs ON mgs.mall_goods_sku_id = sgs.mall_goods_sku_id   WHERE   mgs.sku_id IN   (    '3b41df93c86e4d8fac54a90e104ed43c'   )       AND sg.shop_goods_type IN (1,2,3)", "analyze": ["-> Nested loop inner join  (cost=131.70 rows=9) (actual time=0.012..0.012 rows=0 loops=1)\n    -> Nested loop inner join  (cost=98.63 rows=94) (actual time=0.012..0.012 rows=0 loops=1)\n        -> Nested loop inner join  (cost=65.56 rows=56) (actual time=0.012..0.012 rows=0 loops=1)\n            -> Table scan on s  (cost=0.35 rows=1) (actual time=0.011..0.011 rows=0 loops=1)\n            -> Filter: (sg.shop_goods_type in (1,2,3))  (cost=52.16 rows=56) (never executed)\n                -> Index lookup on sg using index_shop_id (shop_id=s.shop_id), with index condition: (s.shop_id = sg.shop_id)  (cost=52.16 rows=186) (never executed)\n        -> Index lookup on sgs using index_shop_goods_id (shop_goods_id=sg.shop_goods_id)  (cost=0.43 rows=2) (never executed)\n    -> Filter: ((mgs.sku_id = '3b41df93c86e4d8fac54a90e104ed43c') and (mgs.mall_goods_sku_id = sgs.mall_goods_sku_id))  (cost=0.25 rows=0) (never executed)\n        -> Single-row index lookup on mgs using PRIMARY (mall_goods_sku_id=sgs.mall_goods_sku_id)  (cost=0.25 rows=1) (never executed)\n"]}, {"sql": " SELECT   COUNT(1)   FROM   shop_goods AS a,   shop_goods_sku AS k,   mall_goods AS b,   mall_picture AS c     WHERE shop_id = 'b37589add41d45b1a024b8833cd218e4'    and a.mall_goods_id = b.mall_goods_id    and c.mall_goods_id=b.mall_goods_id    and c.mall_picture_type=1       \t\tAND (a.is_package = 1 OR a.is_package IS NULL)    \t           and a.shop_goods_type = 1                                     \t\t\t \t\t\t\tand a.shop_goods_id = k.shop_goods_id    \tAND k.shop_member_rebate_status = 1 \t\t\t\tAND a.is_package IS NULL", "analyze": ["-> Aggregate: count(1)  (actual time=0.105..0.105 rows=1 loops=1)\n    -> Nested loop inner join  (cost=0.80 rows=0) (actual time=0.103..0.103 rows=0 loops=1)\n        -> Nested loop inner join  (cost=0.79 rows=0) (actual time=0.102..0.102 rows=0 loops=1)\n            -> Nested loop inner join  (cost=0.78 rows=0) (actual time=0.102..0.102 rows=0 loops=1)\n                -> Filter: ((a.shop_goods_type = 1) and ((a.is_package = 1) or (a.is_package is null)) and (a.is_package is null) and (a.mall_goods_id is not null))  (cost=0.76 rows=0) (actual time=0.066..0.068 rows=1 loops=1)\n                    -> Index lookup on a using idx_shop_id (shop_id='b37589add41d45b1a024b8833cd218e4')  (cost=0.76 rows=3) (actual time=0.061..0.064 rows=3 loops=1)\n                -> Filter: (k.shop_member_rebate_status = 1)  (cost=0.76 rows=0) (actual time=0.033..0.033 rows=0 loops=1)\n                    -> Index lookup on k using index_shop_goods_id (shop_goods_id=a.shop_goods_id)  (cost=0.76 rows=2) (actual time=0.032..0.033 rows=1 loops=1)\n            -> Filter: (a.mall_goods_id = b.mall_goods_id)  (cost=12.49 rows=1) (never executed)\n                -> Single-row index lookup on b using PRIMARY (mall_goods_id=a.mall_goods_id)  (cost=12.49 rows=1) (never executed)\n        -> Filter: (c.mall_picture_type = 1)  (cost=4.02 rows=0) (never executed)\n            -> Index lookup on c using idx_mall_goods_id (mall_goods_id=b.mall_goods_id), with index condition: (c.mall_goods_id = b.mall_goods_id)  (cost=4.02 rows=3) (never executed)\n"]}, {"sql": " SELECT   COUNT(1)   FROM   shop_goods AS a,   mall_goods AS b,   mall_picture AS c     WHERE shop_id = 'b37589add41d45b1a024b8833cd218e4'    and a.mall_goods_id = b.mall_goods_id    and c.mall_goods_id=b.mall_goods_id    and c.mall_picture_type=1       \t\tAND (a.is_package = 1 OR a.is_package IS NULL)    \t           and a.shop_goods_type = 1                                         and DATE_SUB(NOW(), INTERVAL 7 DAY) < a.update_time", "analyze": ["-> Aggregate: count(1)  (actual time=0.064..0.065 rows=1 loops=1)\n    -> Nested loop inner join  (cost=0.84 rows=0) (actual time=0.063..0.063 rows=0 loops=1)\n        -> Nested loop inner join  (cost=0.79 rows=0) (actual time=0.062..0.062 rows=0 loops=1)\n            -> Filter: ((a.shop_goods_type = 1) and ((a.is_package = 1) or (a.is_package is null)) and (<cache>((now() - interval 7 day)) < a.update_time) and (a.mall_goods_id is not null))  (cost=0.76 rows=0) (actual time=0.062..0.062 rows=0 loops=1)\n                -> Index lookup on a using idx_shop_id (shop_id='b37589add41d45b1a024b8833cd218e4')  (cost=0.76 rows=3) (actual time=0.043..0.048 rows=3 loops=1)\n            -> Filter: (a.mall_goods_id = b.mall_goods_id)  (cost=2.66 rows=1) (never executed)\n                -> Single-row index lookup on b using PRIMARY (mall_goods_id=a.mall_goods_id)  (cost=2.66 rows=1) (never executed)\n        -> Filter: (c.mall_picture_type = 1)  (cost=1.26 rows=0) (never executed)\n            -> Index lookup on c using idx_mall_goods_id (mall_goods_id=b.mall_goods_id), with index condition: (c.mall_goods_id = b.mall_goods_id)  (cost=1.26 rows=3) (never executed)\n"]}, {"sql": " SELECT   COUNT(1)   FROM   shop_goods AS a,   mall_goods AS b,   mall_picture AS c     WHERE shop_id = '610c5b15aac34199aefa90ced6f6b820'    and a.mall_goods_id = b.mall_goods_id    and c.mall_goods_id=b.mall_goods_id    and c.mall_picture_type=1       \t\tAND (a.is_package = 1 OR a.is_package IS NULL)    \t           and a.shop_goods_type = 1                                         and DATE_SUB(NOW(), INTERVAL 7 DAY) < a.update_time", "analyze": ["-> Aggregate: count(1)  (actual time=3.882..3.882 rows=1 loops=1)\n    -> Nested loop inner join  (cost=354.55 rows=2) (actual time=3.880..3.880 rows=0 loops=1)\n        -> Nested loop inner join  (cost=346.12 rows=9) (actual time=3.880..3.880 rows=0 loops=1)\n            -> Filter: ((a.shop_goods_type = 1) and ((a.is_package = 1) or (a.is_package is null)) and (<cache>((now() - interval 7 day)) < a.update_time) and (a.mall_goods_id is not null))  (cost=339.61 rows=9) (actual time=3.879..3.879 rows=0 loops=1)\n                -> Index lookup on a using idx_shop_id (shop_id='610c5b15aac34199aefa90ced6f6b820')  (cost=339.61 rows=1355) (actual time=0.166..3.748 rows=1355 loops=1)\n            -> Filter: (a.mall_goods_id = b.mall_goods_id)  (cost=0.67 rows=1) (never executed)\n                -> Single-row index lookup on b using PRIMARY (mall_goods_id=a.mall_goods_id)  (cost=0.67 rows=1) (never executed)\n        -> Filter: (c.mall_picture_type = 1)  (cost=0.70 rows=0) (never executed)\n            -> Index lookup on c using idx_mall_goods_id (mall_goods_id=b.mall_goods_id), with index condition: (c.mall_goods_id = b.mall_goods_id)  (cost=0.70 rows=3) (never executed)\n"]}, {"sql": " SELECT   COUNT(1)   FROM   shop_goods AS a,   mall_goods AS b,   mall_picture AS c     WHERE shop_id = '610c5b15aac34199aefa90ced6f6b820'    and a.mall_goods_id = b.mall_goods_id    and c.mall_goods_id=b.mall_goods_id    and c.mall_picture_type=1       \t\tAND (a.is_package = 1 OR a.is_package IS NULL)    \t           and a.shop_goods_type = 1                                      and a.goods_recommend_status = 1", "analyze": ["-> Aggregate: count(1)  (actual time=3.413..3.413 rows=1 loops=1)\n    -> Nested loop inner join  (cost=343.49 rows=1) (actual time=3.412..3.412 rows=0 loops=1)\n        -> Nested loop inner join  (cost=340.96 rows=3) (actual time=3.411..3.411 rows=0 loops=1)\n            -> Filter: ((a.goods_recommend_status = 1) and (a.shop_goods_type = 1) and ((a.is_package = 1) or (a.is_package is null)) and (a.mall_goods_id is not null))  (cost=339.01 rows=3) (actual time=3.411..3.411 rows=0 loops=1)\n                -> Index lookup on a using idx_shop_id (shop_id='610c5b15aac34199aefa90ced6f6b820')  (cost=339.01 rows=1355) (actual time=0.134..3.320 rows=1355 loops=1)\n            -> Filter: (a.mall_goods_id = b.mall_goods_id)  (cost=0.70 rows=1) (never executed)\n                -> Single-row index lookup on b using PRIMARY (mall_goods_id=a.mall_goods_id)  (cost=0.70 rows=1) (never executed)\n        -> Filter: (c.mall_picture_type = 1)  (cost=0.71 rows=0) (never executed)\n            -> Index lookup on c using idx_mall_goods_id (mall_goods_id=b.mall_goods_id), with index condition: (c.mall_goods_id = b.mall_goods_id)  (cost=0.71 rows=3) (never executed)\n"]}, {"sql": " SELECT   COUNT(1)   FROM   shop_goods AS a,   mall_goods AS b,   mall_picture AS c     WHERE shop_id = '610c5b15aac34199aefa90ced6f6b820'    and a.mall_goods_id = b.mall_goods_id    and c.mall_goods_id=b.mall_goods_id    and c.mall_picture_type=1       \t\tAND a.is_package = 1    \t           and a.shop_goods_type = 1", "analyze": ["-> Aggregate: count(1)  (actual time=3.301..3.301 rows=1 loops=1)\n    -> Nested loop inner join  (cost=363.70 rows=4) (actual time=3.300..3.300 rows=0 loops=1)\n        -> Nested loop inner join  (cost=350.39 rows=14) (actual time=3.299..3.299 rows=0 loops=1)\n            -> Filter: ((a.shop_goods_type = 1) and (a.is_package = 1) and (a.mall_goods_id is not null))  (cost=340.11 rows=14) (actual time=3.299..3.299 rows=0 loops=1)\n                -> Index lookup on a using idx_shop_id (shop_id='610c5b15aac34199aefa90ced6f6b820')  (cost=340.11 rows=1355) (actual time=0.147..3.207 rows=1355 loops=1)\n            -> Filter: (a.mall_goods_id = b.mall_goods_id)  (cost=0.67 rows=1) (never executed)\n                -> Single-row index lookup on b using PRIMARY (mall_goods_id=a.mall_goods_id)  (cost=0.67 rows=1) (never executed)\n        -> Filter: (c.mall_picture_type = 1)  (cost=0.70 rows=0) (never executed)\n            -> Index lookup on c using idx_mall_goods_id (mall_goods_id=b.mall_goods_id), with index condition: (c.mall_goods_id = b.mall_goods_id)  (cost=0.70 rows=3) (never executed)\n"]}, {"sql": " SELECT   COUNT(1)   FROM   shop_goods AS a,   mall_goods AS b,   mall_picture AS c     WHERE shop_id = 'abb270c1063447a18a4a9d24f650bbb0'    and a.mall_goods_id = b.mall_goods_id    and c.mall_goods_id=b.mall_goods_id    and c.mall_picture_type=1       \t\tAND (a.is_package = 1 OR a.is_package IS NULL)    \t           and a.shop_goods_type = 1", "analyze": ["-> Aggregate: count(1)  (actual time=0.296..0.296 rows=1 loops=1)\n    -> Nested loop inner join  (cost=5.98 rows=0) (actual time=0.148..0.290 rows=4 loops=1)\n        -> Nested loop inner join  (cost=5.59 rows=0) (actual time=0.112..0.180 rows=4 loops=1)\n            -> Filter: ((a.shop_goods_type = 1) and ((a.is_package = 1) or (a.is_package is null)) and (a.mall_goods_id is not null))  (cost=5.29 rows=0) (actual time=0.089..0.110 rows=4 loops=1)\n                -> Index lookup on a using idx_shop_id (shop_id='abb270c1063447a18a4a9d24f650bbb0')  (cost=5.29 rows=21) (actual time=0.085..0.092 rows=21 loops=1)\n            -> Filter: (a.mall_goods_id = b.mall_goods_id)  (cost=0.91 rows=1) (actual time=0.017..0.017 rows=1 loops=4)\n                -> Single-row index lookup on b using PRIMARY (mall_goods_id=a.mall_goods_id)  (cost=0.91 rows=1) (actual time=0.016..0.016 rows=1 loops=4)\n        -> Filter: (c.mall_picture_type = 1)  (cost=0.77 rows=0) (actual time=0.022..0.027 rows=1 loops=4)\n            -> Index lookup on c using idx_mall_goods_id (mall_goods_id=b.mall_goods_id), with index condition: (c.mall_goods_id = b.mall_goods_id)  (cost=0.77 rows=3) (actual time=0.020..0.025 rows=4 loops=4)\n"]}, {"sql": " SELECT   COUNT(1)   FROM   shop_goods AS a,   mall_goods AS b,   mall_picture AS c     WHERE shop_id = '610c5b15aac34199aefa90ced6f6b820'    and a.mall_goods_id = b.mall_goods_id    and c.mall_goods_id=b.mall_goods_id    and c.mall_picture_type=1       \t\tAND (a.is_package = 1 OR a.is_package IS NULL)    \t           and a.shop_goods_type = 1                                         and DATE_SUB(NOW(), INTERVAL 7 DAY) < a.update_time", "analyze": ["-> Aggregate: count(1)  (actual time=3.522..3.523 rows=1 loops=1)\n    -> Nested loop inner join  (cost=354.55 rows=2) (actual time=3.521..3.521 rows=0 loops=1)\n        -> Nested loop inner join  (cost=346.12 rows=9) (actual time=3.520..3.520 rows=0 loops=1)\n            -> Filter: ((a.shop_goods_type = 1) and ((a.is_package = 1) or (a.is_package is null)) and (<cache>((now() - interval 7 day)) < a.update_time) and (a.mall_goods_id is not null))  (cost=339.61 rows=9) (actual time=3.520..3.520 rows=0 loops=1)\n                -> Index lookup on a using idx_shop_id (shop_id='610c5b15aac34199aefa90ced6f6b820')  (cost=339.61 rows=1355) (actual time=0.137..3.388 rows=1355 loops=1)\n            -> Filter: (a.mall_goods_id = b.mall_goods_id)  (cost=0.67 rows=1) (never executed)\n                -> Single-row index lookup on b using PRIMARY (mall_goods_id=a.mall_goods_id)  (cost=0.67 rows=1) (never executed)\n        -> Filter: (c.mall_picture_type = 1)  (cost=0.70 rows=0) (never executed)\n            -> Index lookup on c using idx_mall_goods_id (mall_goods_id=b.mall_goods_id), with index condition: (c.mall_goods_id = b.mall_goods_id)  (cost=0.70 rows=3) (never executed)\n"]}, {"sql": " SELECT   COUNT(1)   FROM   shop_goods AS a,   mall_goods AS b,   mall_picture AS c     WHERE shop_id = '610c5b15aac34199aefa90ced6f6b820'    and a.mall_goods_id = b.mall_goods_id    and c.mall_goods_id=b.mall_goods_id    and c.mall_picture_type=1       \t\tAND (a.is_package = 1 OR a.is_package IS NULL)    \t           and a.shop_goods_type = 1", "analyze": ["-> Aggregate: count(1)  (actual time=8.440..8.440 rows=1 loops=1)\n    -> Nested loop inner join  (cost=386.15 rows=7) (actual time=0.248..8.352 rows=331 loops=1)\n        -> Nested loop inner join  (cost=360.86 rows=26) (actual time=0.225..5.353 rows=331 loops=1)\n            -> Filter: ((a.shop_goods_type = 1) and ((a.is_package = 1) or (a.is_package is null)) and (a.mall_goods_id is not null))  (cost=341.32 rows=26) (actual time=0.206..3.678 rows=331 loops=1)\n                -> Index lookup on a using idx_shop_id (shop_id='610c5b15aac34199aefa90ced6f6b820')  (cost=341.32 rows=1355) (actual time=0.202..3.445 rows=1355 loops=1)\n            -> Filter: (a.mall_goods_id = b.mall_goods_id)  (cost=0.66 rows=1) (actual time=0.005..0.005 rows=1 loops=331)\n                -> Single-row index lookup on b using PRIMARY (mall_goods_id=a.mall_goods_id)  (cost=0.66 rows=1) (actual time=0.004..0.004 rows=1 loops=331)\n        -> Filter: (c.mall_picture_type = 1)  (cost=0.70 rows=0) (actual time=0.008..0.009 rows=1 loops=331)\n            -> Index lookup on c using idx_mall_goods_id (mall_goods_id=b.mall_goods_id), with index condition: (c.mall_goods_id = b.mall_goods_id)  (cost=0.70 rows=3) (actual time=0.007..0.008 rows=1 loops=331)\n"]}, {"sql": " SELECT   mall_goods_sku_id AS mallGoodsSkuId ,   sku_id AS skuId,   sku_code AS skuCode,   sku_name AS skuName,   spu_id AS spuId,   spu_code AS spuCode,   mall_goods_sku_property AS mallGoodsSkuProperty,   mall_goods_sku_picture AS mallGoodsSkuPicture,   mall_id AS mallId,   mall_goods_id AS mallGoodsId,   mall_goods_sku_price_effective_time AS mallGoodsSkuPriceEffectiveTime,   mall_goods_sku_sale_price AS mallGoodsSkuSalePrice,   mall_goods_sku_market_price AS mallGoodsSkuMarketPrice,   mall_goods_sku_type AS mallGoodsSkuType,   mobile_code AS mobileCode,   mall_member_points_status AS mallMemberPointsStatus,   mall_member_rebate_status AS mallMemberRebateStatus   FROM   mall_goods_sku     WHERE mall_id = '27310000000000000000'              and sku_id IN (          null     ,      '100018431918'     ,      '863f94231ad34580b0ad99fb8c2c612f'     ,      'a49beea870a54a8ab493972cb8243b4f'     ,      '100005550235'     ,      '100008184380'         )", "analyze": ["-> Filter: (mall_goods_sku.sku_id in (NULL,'100018431918','863f94231ad34580b0ad99fb8c2c612f','a49beea870a54a8ab493972cb8243b4f','100005550235','100008184380'))  (cost=248.10 rows=414) (actual time=2.930..2.930 rows=0 loops=1)\n    -> Index lookup on mall_goods_sku using mall_id (mall_id='27310000000000000000')  (cost=248.10 rows=827) (actual time=0.086..2.834 rows=827 loops=1)\n"]}, {"sql": " select    a.shop_goods_id as shopGoodsId,    b.spu_code as spuCode,    b.spu_id as spuId,    b.mall_goods_id as mallGoodsId,    b.sku_code as skuCode   from shop_goods_sku a,mall_goods_sku b   where a.mall_goods_sku_id=b.mall_goods_sku_id and a.shop_goods_sku_type=1   and b.sku_code in   (    '00000109500100060000'   ,    '00000109500100030000'   ,    '00000009400100240000'   ,    '00000009400100230000'   ,    '00000009400100100001'   ,    '00000117300100130000'   ,    '00000118800100120000'   ,    '00000009400100130001'   ,    '00000117300100010000'   ,    '00000117500100070000'   )   group by a.shop_goods_id,b.spu_code,b.spu_id,b.mall_goods_id,b.sku_code", "analyze": ["-> Table scan on <temporary>  (cost=0.01..75.58 rows=5846) (actual time=0.003..0.003 rows=0 loops=1)\n    -> Temporary table with deduplication  (cost=16635.32..16710.89 rows=5846) (actual time=493.518..493.518 rows=0 loops=1)\n        -> Nested loop inner join  (cost=16050.67 rows=5846) (actual time=493.473..493.473 rows=0 loops=1)\n            -> Filter: ((a.shop_goods_sku_type = 1) and (a.mall_goods_sku_id is not null))  (cost=11958.15 rows=11693) (actual time=0.054..85.987 rows=78839 loops=1)\n                -> Table scan on a  (cost=11958.15 rows=116929) (actual time=0.052..69.908 rows=125862 loops=1)\n            -> Filter: ((a.mall_goods_sku_id = b.mall_goods_sku_id) and (b.sku_code in ('00000109500100060000','00000109500100030000','00000009400100240000','00000009400100230000','00000009400100100001','00000117300100130000','00000118800100120000','00000009400100130001','00000117300100010000','00000117500100070000')))  (cost=0.25 rows=0) (actual time=0.005..0.005 rows=0 loops=78839)\n                -> Single-row index lookup on b using PRIMARY (mall_goods_sku_id=a.mall_goods_sku_id)  (cost=0.25 rows=1) (actual time=0.004..0.004 rows=1 loops=78839)\n"]}, {"sql": " SELECT DISTINCT   mg.mall_goods_name AS mallGoodsName,   mg.mall_goods_id AS mallGoodsId,   mgs.mall_goods_sku_sale_price AS mallGoodsSkuSalePrice,   mgs.mall_goods_sku_market_price AS mallGoodsSkuMarketPrice,   mgs.sku_name AS skuName,   mgs.sku_id AS skuId,   mgs.mall_goods_sku_type as mallGoodsSkuType   FROM   mall_goods mg   LEFT JOIN mall_goods_sku mgs ON mg.mall_goods_id = mgs.mall_goods_id   LEFT JOIN shop_goods_sku sgs ON sgs.mall_goods_sku_id = mgs.mall_goods_sku_id   LEFT JOIN shop_goods sg ON sg.shop_goods_id = sgs.shop_goods_id   LEFT JOIN shop s ON s.shop_id = sg.shop_id   WHERE   mg.status = 1 AND   mgs.sku_id IN (      '09ebe1a3600f49149626c9e7b303263e'     )      and    (     s.dept_code like '2791%'    or     s.dept_code like '3791%'    )", "analyze": ["-> Table scan on <temporary>  (cost=0.81..2.54 rows=3) (actual time=0.001..0.001 rows=0 loops=1)\n    -> Temporary table with deduplication  (cost=284.15..285.88 rows=3) (actual time=0.059..0.059 rows=0 loops=1)\n        -> Nested loop inner join  (cost=283.03 rows=3) (actual time=0.022..0.022 rows=0 loops=1)\n            -> Nested loop inner join  (cost=259.12 rows=31) (actual time=0.021..0.021 rows=0 loops=1)\n                -> Nested loop inner join  (cost=148.89 rows=315) (actual time=0.021..0.021 rows=0 loops=1)\n                    -> Nested loop inner join  (cost=38.65 rows=186) (actual time=0.021..0.021 rows=0 loops=1)\n                        -> Filter: ((s.dept_code like '2791%') or (s.dept_code like '3791%'))  (cost=0.35 rows=1) (actual time=0.021..0.021 rows=0 loops=1)\n                            -> Table scan on s  (cost=0.35 rows=1) (actual time=0.020..0.020 rows=0 loops=1)\n                        -> Filter: (s.shop_id = sg.shop_id)  (cost=38.30 rows=186) (never executed)\n                            -> Index lookup on sg using index_shop_id (shop_id=s.shop_id)  (cost=38.30 rows=186) (never executed)\n                    -> Index lookup on sgs using index_shop_goods_id (shop_goods_id=sg.shop_goods_id)  (cost=0.42 rows=2) (never executed)\n                -> Filter: ((mgs.sku_id = '09ebe1a3600f49149626c9e7b303263e') and (sgs.mall_goods_sku_id = mgs.mall_goods_sku_id) and (mgs.mall_goods_id is not null))  (cost=0.25 rows=0) (never executed)\n                    -> Single-row index lookup on mgs using PRIMARY (mall_goods_sku_id=sgs.mall_goods_sku_id)  (cost=0.25 rows=1) (never executed)\n            -> Filter: ((mg.`status` = 1) and (mg.mall_goods_id = mgs.mall_goods_id))  (cost=0.66 rows=0) (never executed)\n                -> Single-row index lookup on mg using PRIMARY (mall_goods_id=mgs.mall_goods_id)  (cost=0.66 rows=1) (never executed)\n"]}, {"sql": " SELECT   mgs.sku_id AS skuId,   mgs.sku_name AS skuName,   s.shop_id AS shopId,   s.shop_name AS shopName,   sg.shop_goods_type AS shopGoodsType,   sgs.shop_goods_sku_type AS shopGoodsSkuType   FROM   shop s   LEFT JOIN shop_goods sg ON s.shop_id = sg.shop_id   LEFT JOIN shop_goods_sku sgs ON sgs.shop_goods_id = sg.shop_goods_id   LEFT JOIN mall_goods_sku mgs ON mgs.mall_goods_sku_id = sgs.mall_goods_sku_id   WHERE   mgs.sku_id IN   (    '62486305554e4306ae9f2924ee3c3c95'   )       AND sg.shop_goods_type IN (1,2,3)", "analyze": ["-> Nested loop inner join  (cost=131.70 rows=9) (actual time=0.013..0.013 rows=0 loops=1)\n    -> Nested loop inner join  (cost=98.63 rows=94) (actual time=0.013..0.013 rows=0 loops=1)\n        -> Nested loop inner join  (cost=65.56 rows=56) (actual time=0.013..0.013 rows=0 loops=1)\n            -> Table scan on s  (cost=0.35 rows=1) (actual time=0.012..0.012 rows=0 loops=1)\n            -> Filter: (sg.shop_goods_type in (1,2,3))  (cost=52.16 rows=56) (never executed)\n                -> Index lookup on sg using index_shop_id (shop_id=s.shop_id), with index condition: (s.shop_id = sg.shop_id)  (cost=52.16 rows=186) (never executed)\n        -> Index lookup on sgs using index_shop_goods_id (shop_goods_id=sg.shop_goods_id)  (cost=0.43 rows=2) (never executed)\n    -> Filter: ((mgs.sku_id = '62486305554e4306ae9f2924ee3c3c95') and (mgs.mall_goods_sku_id = sgs.mall_goods_sku_id))  (cost=0.25 rows=0) (never executed)\n        -> Single-row index lookup on mgs using PRIMARY (mall_goods_sku_id=sgs.mall_goods_sku_id)  (cost=0.25 rows=1) (never executed)\n"]}, {"sql": " SELECT   mgs.sku_id AS skuId,   mgs.sku_name AS skuName,   s.shop_id AS shopId,   s.shop_name AS shopName,   sg.shop_goods_type AS shopGoodsType,   sgs.shop_goods_sku_type AS shopGoodsSkuType   FROM   shop s   LEFT JOIN shop_goods sg ON s.shop_id = sg.shop_id   LEFT JOIN shop_goods_sku sgs ON sgs.shop_goods_id = sg.shop_goods_id   LEFT JOIN mall_goods_sku mgs ON mgs.mall_goods_sku_id = sgs.mall_goods_sku_id   WHERE   mgs.sku_id IN   (    '62486305554e4306ae9f2924ee3c3c95'   )       AND sg.shop_goods_type IN (1,2,3)", "analyze": ["-> Nested loop inner join  (cost=131.70 rows=9) (actual time=0.014..0.014 rows=0 loops=1)\n    -> Nested loop inner join  (cost=98.63 rows=94) (actual time=0.014..0.014 rows=0 loops=1)\n        -> Nested loop inner join  (cost=65.56 rows=56) (actual time=0.013..0.013 rows=0 loops=1)\n            -> Table scan on s  (cost=0.35 rows=1) (actual time=0.013..0.013 rows=0 loops=1)\n            -> Filter: (sg.shop_goods_type in (1,2,3))  (cost=52.16 rows=56) (never executed)\n                -> Index lookup on sg using index_shop_id (shop_id=s.shop_id), with index condition: (s.shop_id = sg.shop_id)  (cost=52.16 rows=186) (never executed)\n        -> Index lookup on sgs using index_shop_goods_id (shop_goods_id=sg.shop_goods_id)  (cost=0.43 rows=2) (never executed)\n    -> Filter: ((mgs.sku_id = '62486305554e4306ae9f2924ee3c3c95') and (mgs.mall_goods_sku_id = sgs.mall_goods_sku_id))  (cost=0.25 rows=0) (never executed)\n        -> Single-row index lookup on mgs using PRIMARY (mall_goods_sku_id=sgs.mall_goods_sku_id)  (cost=0.25 rows=1) (never executed)\n"]}, {"sql": " SELECT   mgs.sku_id AS skuId,   mgs.sku_name AS skuName,   s.shop_id AS shopId,   s.shop_name AS shopName,   sg.shop_goods_type AS shopGoodsType,   sgs.shop_goods_sku_type AS shopGoodsSkuType   FROM   shop s   LEFT JOIN shop_goods sg ON s.shop_id = sg.shop_id   LEFT JOIN shop_goods_sku sgs ON sgs.shop_goods_id = sg.shop_goods_id   LEFT JOIN mall_goods_sku mgs ON mgs.mall_goods_sku_id = sgs.mall_goods_sku_id   WHERE   mgs.sku_id IN   (    '847cd271b1cf40afbf7a2c1cb851faee'   ,    '20f615556b3840158fc145f5f26d1d11'   ,    '4c068d714cdb4309a0a1baee2d08b707'   ,    '827cf262a71245e9b5b693c41d832423'   ,    'e8a2a316f14a48fbbabfe9a2ee6cb303'   )       AND sg.shop_goods_type IN (1,2,3)", "analyze": ["-> Nested loop inner join  (cost=131.70 rows=47) (actual time=0.012..0.012 rows=0 loops=1)\n    -> Nested loop inner join  (cost=98.63 rows=94) (actual time=0.012..0.012 rows=0 loops=1)\n        -> Nested loop inner join  (cost=65.56 rows=56) (actual time=0.012..0.012 rows=0 loops=1)\n            -> Table scan on s  (cost=0.35 rows=1) (actual time=0.011..0.011 rows=0 loops=1)\n            -> Filter: (sg.shop_goods_type in (1,2,3))  (cost=52.16 rows=56) (never executed)\n                -> Index lookup on sg using index_shop_id (shop_id=s.shop_id), with index condition: (s.shop_id = sg.shop_id)  (cost=52.16 rows=186) (never executed)\n        -> Index lookup on sgs using index_shop_goods_id (shop_goods_id=sg.shop_goods_id)  (cost=0.43 rows=2) (never executed)\n    -> Filter: ((mgs.sku_id in ('847cd271b1cf40afbf7a2c1cb851faee','20f615556b3840158fc145f5f26d1d11','4c068d714cdb4309a0a1baee2d08b707','827cf262a71245e9b5b693c41d832423','e8a2a316f14a48fbbabfe9a2ee6cb303')) and (mgs.mall_goods_sku_id = sgs.mall_goods_sku_id))  (cost=0.25 rows=0) (never executed)\n        -> Single-row index lookup on mgs using PRIMARY (mall_goods_sku_id=sgs.mall_goods_sku_id)  (cost=0.25 rows=1) (never executed)\n"]}, {"sql": " SELECT   COUNT(1)   FROM   shop_goods AS a,   mall_goods AS b,   mall_picture AS c     WHERE shop_id = '66d0385b55a44af0b98049219cd32414'    and a.mall_goods_id = b.mall_goods_id    and c.mall_goods_id=b.mall_goods_id    and c.mall_picture_type=1       \t\tAND (a.is_package = 1 OR a.is_package IS NULL)    \t           and a.shop_goods_type = 1                                         and DATE_SUB(NOW(), INTERVAL 7 DAY) < a.update_time", "analyze": ["-> Aggregate: count(1)  (actual time=3.165..3.166 rows=1 loops=1)\n    -> Nested loop inner join  (cost=273.17 rows=2) (actual time=3.164..3.164 rows=0 loops=1)\n        -> Nested loop inner join  (cost=266.68 rows=7) (actual time=3.163..3.163 rows=0 loops=1)\n            -> Filter: ((a.shop_goods_type = 1) and ((a.is_package = 1) or (a.is_package is null)) and (<cache>((now() - interval 7 day)) < a.update_time) and (a.mall_goods_id is not null))  (cost=261.66 rows=7) (actual time=3.163..3.163 rows=0 loops=1)\n                -> Index lookup on a using idx_shop_id (shop_id='66d0385b55a44af0b98049219cd32414')  (cost=261.66 rows=1044) (actual time=0.229..3.015 rows=1044 loops=1)\n            -> Filter: (a.mall_goods_id = b.mall_goods_id)  (cost=0.67 rows=1) (never executed)\n                -> Single-row index lookup on b using PRIMARY (mall_goods_id=a.mall_goods_id)  (cost=0.67 rows=1) (never executed)\n        -> Filter: (c.mall_picture_type = 1)  (cost=0.71 rows=0) (never executed)\n            -> Index lookup on c using idx_mall_goods_id (mall_goods_id=b.mall_goods_id), with index condition: (c.mall_goods_id = b.mall_goods_id)  (cost=0.71 rows=3) (never executed)\n"]}, {"sql": " SELECT   COUNT(1)   FROM   shop_goods AS a,   mall_goods AS b,   mall_picture AS c     WHERE shop_id = '66d0385b55a44af0b98049219cd32414'    and a.mall_goods_id = b.mall_goods_id    and c.mall_goods_id=b.mall_goods_id    and c.mall_picture_type=1       \t\tAND (a.is_package = 1 OR a.is_package IS NULL)    \t           and a.shop_goods_type = 1", "analyze": ["-> Aggregate: count(1)  (actual time=19.282..19.282 rows=1 loops=1)\n    -> Nested loop inner join  (cost=297.52 rows=6) (actual time=0.342..19.109 rows=633 loops=1)\n        -> Nested loop inner join  (cost=278.04 rows=20) (actual time=0.296..7.261 rows=633 loops=1)\n            -> Filter: ((a.shop_goods_type = 1) and ((a.is_package = 1) or (a.is_package is null)) and (a.mall_goods_id is not null))  (cost=262.98 rows=20) (actual time=0.267..3.545 rows=633 loops=1)\n                -> Index lookup on a using idx_shop_id (shop_id='66d0385b55a44af0b98049219cd32414')  (cost=262.98 rows=1044) (actual time=0.262..3.186 rows=1044 loops=1)\n            -> Filter: (a.mall_goods_id = b.mall_goods_id)  (cost=0.66 rows=1) (actual time=0.006..0.006 rows=1 loops=633)\n                -> Single-row index lookup on b using PRIMARY (mall_goods_id=a.mall_goods_id)  (cost=0.66 rows=1) (actual time=0.005..0.005 rows=1 loops=633)\n        -> Filter: (c.mall_picture_type = 1)  (cost=0.70 rows=0) (actual time=0.014..0.018 rows=1 loops=633)\n            -> Index lookup on c using idx_mall_goods_id (mall_goods_id=b.mall_goods_id), with index condition: (c.mall_goods_id = b.mall_goods_id)  (cost=0.70 rows=3) (actual time=0.012..0.017 rows=3 loops=633)\n"]}, {"sql": " SELECT   COUNT(1)   FROM   shop_goods AS a,   mall_goods AS b,   mall_picture AS c     WHERE shop_id = '66d0385b55a44af0b98049219cd32414'    and a.mall_goods_id = b.mall_goods_id    and c.mall_goods_id=b.mall_goods_id    and c.mall_picture_type=1       \t\tAND (a.is_package = 1 OR a.is_package IS NULL)    \t           and a.shop_goods_type = 1                                      and a.goods_recommend_status = 1", "analyze": ["-> Aggregate: count(1)  (actual time=3.735..3.735 rows=1 loops=1)\n    -> Nested loop inner join  (cost=264.65 rows=1) (actual time=0.200..3.723 rows=24 loops=1)\n        -> Nested loop inner join  (cost=262.70 rows=2) (actual time=0.174..3.112 rows=24 loops=1)\n            -> Filter: ((a.goods_recommend_status = 1) and (a.shop_goods_type = 1) and ((a.is_package = 1) or (a.is_package is null)) and (a.mall_goods_id is not null))  (cost=261.20 rows=2) (actual time=0.162..2.944 rows=24 loops=1)\n                -> Index lookup on a using idx_shop_id (shop_id='66d0385b55a44af0b98049219cd32414')  (cost=261.20 rows=1044) (actual time=0.155..2.859 rows=1044 loops=1)\n            -> Filter: (a.mall_goods_id = b.mall_goods_id)  (cost=0.71 rows=1) (actual time=0.007..0.007 rows=1 loops=24)\n                -> Single-row index lookup on b using PRIMARY (mall_goods_id=a.mall_goods_id)  (cost=0.71 rows=1) (actual time=0.006..0.006 rows=1 loops=24)\n        -> Filter: (c.mall_picture_type = 1)  (cost=0.72 rows=0) (actual time=0.019..0.025 rows=1 loops=24)\n            -> Index lookup on c using idx_mall_goods_id (mall_goods_id=b.mall_goods_id), with index condition: (c.mall_goods_id = b.mall_goods_id)  (cost=0.72 rows=3) (actual time=0.015..0.024 rows=5 loops=24)\n"]}, {"sql": " SELECT   COUNT(1)   FROM   shop_goods AS a,   mall_goods AS b,   mall_picture AS c     WHERE shop_id = '66d0385b55a44af0b98049219cd32414'    and a.mall_goods_id = b.mall_goods_id    and c.mall_goods_id=b.mall_goods_id    and c.mall_picture_type=1       \t\tAND a.is_package = 1    \t           and a.shop_goods_type = 1", "analyze": ["-> Aggregate: count(1)  (actual time=4.611..4.611 rows=1 loops=1)\n    -> Nested loop inner join  (cost=280.22 rows=3) (actual time=4.609..4.609 rows=0 loops=1)\n        -> Nested loop inner join  (cost=269.97 rows=10) (actual time=4.608..4.608 rows=0 loops=1)\n            -> Filter: ((a.shop_goods_type = 1) and (a.is_package = 1) and (a.mall_goods_id is not null))  (cost=262.04 rows=10) (actual time=4.607..4.607 rows=0 loops=1)\n                -> Index lookup on a using idx_shop_id (shop_id='66d0385b55a44af0b98049219cd32414')  (cost=262.04 rows=1044) (actual time=0.245..4.477 rows=1044 loops=1)\n            -> Filter: (a.mall_goods_id = b.mall_goods_id)  (cost=0.67 rows=1) (never executed)\n                -> Single-row index lookup on b using PRIMARY (mall_goods_id=a.mall_goods_id)  (cost=0.67 rows=1) (never executed)\n        -> Filter: (c.mall_picture_type = 1)  (cost=0.70 rows=0) (never executed)\n            -> Index lookup on c using idx_mall_goods_id (mall_goods_id=b.mall_goods_id), with index condition: (c.mall_goods_id = b.mall_goods_id)  (cost=0.70 rows=3) (never executed)\n"]}, {"sql": " SELECT   COUNT(1)   FROM   shop_goods AS a,   mall_goods AS b,   mall_picture AS c     WHERE shop_id = 'e7697824c19f4488acf023af710afc15'    and a.mall_goods_id = b.mall_goods_id    and c.mall_goods_id=b.mall_goods_id    and c.mall_picture_type=1       \t\tAND a.is_package = 1    \t           and a.shop_goods_type = 1", "analyze": ["-> Aggregate: count(1)  (actual time=4.040..4.041 rows=1 loops=1)\n    -> Nested loop inner join  (cost=363.70 rows=4) (actual time=4.038..4.038 rows=0 loops=1)\n        -> Nested loop inner join  (cost=350.39 rows=14) (actual time=4.037..4.037 rows=0 loops=1)\n            -> Filter: ((a.shop_goods_type = 1) and (a.is_package = 1) and (a.mall_goods_id is not null))  (cost=340.11 rows=14) (actual time=4.037..4.037 rows=0 loops=1)\n                -> Index lookup on a using idx_shop_id (shop_id='e7697824c19f4488acf023af710afc15')  (cost=340.11 rows=1355) (actual time=0.227..3.929 rows=1355 loops=1)\n            -> Filter: (a.mall_goods_id = b.mall_goods_id)  (cost=0.67 rows=1) (never executed)\n                -> Single-row index lookup on b using PRIMARY (mall_goods_id=a.mall_goods_id)  (cost=0.67 rows=1) (never executed)\n        -> Filter: (c.mall_picture_type = 1)  (cost=0.70 rows=0) (never executed)\n            -> Index lookup on c using idx_mall_goods_id (mall_goods_id=b.mall_goods_id), with index condition: (c.mall_goods_id = b.mall_goods_id)  (cost=0.70 rows=3) (never executed)\n"]}, {"sql": " SELECT   COUNT(1)   FROM   shop_goods AS a,   mall_goods AS b,   mall_picture AS c     WHERE shop_id = 'e7697824c19f4488acf023af710afc15'    and a.mall_goods_id = b.mall_goods_id    and c.mall_goods_id=b.mall_goods_id    and c.mall_picture_type=1       \t\tAND (a.is_package = 1 OR a.is_package IS NULL)    \t           and a.shop_goods_type = 1                                         and DATE_SUB(NOW(), INTERVAL 7 DAY) < a.update_time", "analyze": ["-> Aggregate: count(1)  (actual time=3.578..3.578 rows=1 loops=1)\n    -> Nested loop inner join  (cost=354.55 rows=2) (actual time=3.577..3.577 rows=0 loops=1)\n        -> Nested loop inner join  (cost=346.12 rows=9) (actual time=3.576..3.576 rows=0 loops=1)\n            -> Filter: ((a.shop_goods_type = 1) and ((a.is_package = 1) or (a.is_package is null)) and (<cache>((now() - interval 7 day)) < a.update_time) and (a.mall_goods_id is not null))  (cost=339.61 rows=9) (actual time=3.576..3.576 rows=0 loops=1)\n                -> Index lookup on a using idx_shop_id (shop_id='e7697824c19f4488acf023af710afc15')  (cost=339.61 rows=1355) (actual time=0.161..3.441 rows=1355 loops=1)\n            -> Filter: (a.mall_goods_id = b.mall_goods_id)  (cost=0.67 rows=1) (never executed)\n                -> Single-row index lookup on b using PRIMARY (mall_goods_id=a.mall_goods_id)  (cost=0.67 rows=1) (never executed)\n        -> Filter: (c.mall_picture_type = 1)  (cost=0.70 rows=0) (never executed)\n            -> Index lookup on c using idx_mall_goods_id (mall_goods_id=b.mall_goods_id), with index condition: (c.mall_goods_id = b.mall_goods_id)  (cost=0.70 rows=3) (never executed)\n"]}, {"sql": " SELECT   COUNT(1)   FROM   shop_goods AS a,   mall_goods AS b,   mall_picture AS c     WHERE shop_id = 'e7697824c19f4488acf023af710afc15'    and a.mall_goods_id = b.mall_goods_id    and c.mall_goods_id=b.mall_goods_id    and c.mall_picture_type=1       \t\tAND (a.is_package = 1 OR a.is_package IS NULL)    \t           and a.shop_goods_type = 1                                      and a.goods_recommend_status = 1", "analyze": ["-> Aggregate: count(1)  (actual time=3.484..3.484 rows=1 loops=1)\n    -> Nested loop inner join  (cost=343.49 rows=1) (actual time=3.482..3.482 rows=0 loops=1)\n        -> Nested loop inner join  (cost=340.96 rows=3) (actual time=3.481..3.481 rows=0 loops=1)\n            -> Filter: ((a.goods_recommend_status = 1) and (a.shop_goods_type = 1) and ((a.is_package = 1) or (a.is_package is null)) and (a.mall_goods_id is not null))  (cost=339.01 rows=3) (actual time=3.481..3.481 rows=0 loops=1)\n                -> Index lookup on a using idx_shop_id (shop_id='e7697824c19f4488acf023af710afc15')  (cost=339.01 rows=1355) (actual time=0.138..3.397 rows=1355 loops=1)\n            -> Filter: (a.mall_goods_id = b.mall_goods_id)  (cost=0.70 rows=1) (never executed)\n                -> Single-row index lookup on b using PRIMARY (mall_goods_id=a.mall_goods_id)  (cost=0.70 rows=1) (never executed)\n        -> Filter: (c.mall_picture_type = 1)  (cost=0.71 rows=0) (never executed)\n            -> Index lookup on c using idx_mall_goods_id (mall_goods_id=b.mall_goods_id), with index condition: (c.mall_goods_id = b.mall_goods_id)  (cost=0.71 rows=3) (never executed)\n"]}, {"sql": " SELECT   COUNT(1)   FROM   shop_goods AS a,   mall_goods AS b,   mall_picture AS c     WHERE shop_id = '9217410df1c04ffeab0b40d178dc7778'    and a.mall_goods_id = b.mall_goods_id    and c.mall_goods_id=b.mall_goods_id    and c.mall_picture_type=1       \t\tAND (a.is_package = 1 OR a.is_package IS NULL)    \t           and a.shop_goods_type = 1                                         and DATE_SUB(NOW(), INTERVAL 7 DAY) < a.update_time", "analyze": ["-> Aggregate: count(1)  (actual time=1.688..1.688 rows=1 loops=1)\n    -> Nested loop inner join  (cost=145.22 rows=1) (actual time=1.686..1.686 rows=0 loops=1)\n        -> Nested loop inner join  (cost=141.77 rows=4) (actual time=1.686..1.686 rows=0 loops=1)\n            -> Filter: ((a.shop_goods_type = 1) and ((a.is_package = 1) or (a.is_package is null)) and (<cache>((now() - interval 7 day)) < a.update_time) and (a.mall_goods_id is not null))  (cost=139.10 rows=4) (actual time=1.685..1.685 rows=0 loops=1)\n                -> Index lookup on a using idx_shop_id (shop_id='9217410df1c04ffeab0b40d178dc7778')  (cost=139.10 rows=555) (actual time=0.181..1.599 rows=555 loops=1)\n            -> Filter: (a.mall_goods_id = b.mall_goods_id)  (cost=0.69 rows=1) (never executed)\n                -> Single-row index lookup on b using PRIMARY (mall_goods_id=a.mall_goods_id)  (cost=0.69 rows=1) (never executed)\n        -> Filter: (c.mall_picture_type = 1)  (cost=0.71 rows=0) (never executed)\n            -> Index lookup on c using idx_mall_goods_id (mall_goods_id=b.mall_goods_id), with index condition: (c.mall_goods_id = b.mall_goods_id)  (cost=0.71 rows=3) (never executed)\n"]}, {"sql": " SELECT   COUNT(1)   FROM   shop_goods AS a,   mall_goods AS b,   mall_picture AS c     WHERE shop_id = '9217410df1c04ffeab0b40d178dc7778'    and a.mall_goods_id = b.mall_goods_id    and c.mall_goods_id=b.mall_goods_id    and c.mall_picture_type=1       \t\tAND (a.is_package = 1 OR a.is_package IS NULL)    \t           and a.shop_goods_type = 1                                      and a.goods_recommend_status = 1", "analyze": ["-> Aggregate: count(1)  (actual time=1.690..1.690 rows=1 loops=1)\n    -> Nested loop inner join  (cost=140.69 rows=0) (actual time=0.312..1.684 rows=3 loops=1)\n        -> Nested loop inner join  (cost=139.66 rows=1) (actual time=0.282..1.523 rows=3 loops=1)\n            -> Filter: ((a.goods_recommend_status = 1) and (a.shop_goods_type = 1) and ((a.is_package = 1) or (a.is_package is null)) and (a.mall_goods_id is not null))  (cost=138.86 rows=1) (actual time=0.267..1.491 rows=3 loops=1)\n                -> Index lookup on a using idx_shop_id (shop_id='9217410df1c04ffeab0b40d178dc7778')  (cost=138.86 rows=555) (actual time=0.143..1.449 rows=555 loops=1)\n            -> Filter: (a.mall_goods_id = b.mall_goods_id)  (cost=0.75 rows=1) (actual time=0.010..0.010 rows=1 loops=3)\n                -> Single-row index lookup on b using PRIMARY (mall_goods_id=a.mall_goods_id)  (cost=0.75 rows=1) (actual time=0.009..0.009 rows=1 loops=3)\n        -> Filter: (c.mall_picture_type = 1)  (cost=0.73 rows=0) (actual time=0.037..0.053 rows=1 loops=3)\n            -> Index lookup on c using idx_mall_goods_id (mall_goods_id=b.mall_goods_id), with index condition: (c.mall_goods_id = b.mall_goods_id)  (cost=0.73 rows=3) (actual time=0.035..0.050 rows=6 loops=3)\n"]}, {"sql": " SELECT   COUNT(1)   FROM   shop_goods AS a,   mall_goods AS b,   mall_picture AS c     WHERE shop_id = '9217410df1c04ffeab0b40d178dc7778'    and a.mall_goods_id = b.mall_goods_id    and c.mall_goods_id=b.mall_goods_id    and c.mall_picture_type=1       \t\tAND a.is_package = 1    \t           and a.shop_goods_type = 1", "analyze": ["-> Aggregate: count(1)  (actual time=1.537..1.537 rows=1 loops=1)\n    -> Nested loop inner join  (cost=148.97 rows=2) (actual time=1.535..1.535 rows=0 loops=1)\n        -> Nested loop inner join  (cost=143.52 rows=6) (actual time=1.534..1.534 rows=0 loops=1)\n            -> Filter: ((a.shop_goods_type = 1) and (a.is_package = 1) and (a.mall_goods_id is not null))  (cost=139.31 rows=6) (actual time=1.534..1.534 rows=0 loops=1)\n                -> Index lookup on a using idx_shop_id (shop_id='9217410df1c04ffeab0b40d178dc7778')  (cost=139.31 rows=555) (actual time=0.152..1.490 rows=555 loops=1)\n            -> Filter: (a.mall_goods_id = b.mall_goods_id)  (cost=0.68 rows=1) (never executed)\n                -> Single-row index lookup on b using PRIMARY (mall_goods_id=a.mall_goods_id)  (cost=0.68 rows=1) (never executed)\n        -> Filter: (c.mall_picture_type = 1)  (cost=0.71 rows=0) (never executed)\n            -> Index lookup on c using idx_mall_goods_id (mall_goods_id=b.mall_goods_id), with index condition: (c.mall_goods_id = b.mall_goods_id)  (cost=0.71 rows=3) (never executed)\n"]}, {"sql": " SELECT   COUNT(1)   FROM   shop_goods AS a,   mall_goods AS b,   mall_picture AS c     WHERE shop_id = '9217410df1c04ffeab0b40d178dc7778'    and a.mall_goods_id = b.mall_goods_id    and c.mall_goods_id=b.mall_goods_id    and c.mall_picture_type=1       \t\tAND (a.is_package = 1 OR a.is_package IS NULL)    \t           and a.shop_goods_type = 1", "analyze": ["-> Aggregate: count(1)  (actual time=9.042..9.042 rows=1 loops=1)\n    -> Nested loop inner join  (cost=158.17 rows=3) (actual time=0.207..8.967 rows=270 loops=1)\n        -> Nested loop inner join  (cost=147.81 rows=11) (actual time=0.157..3.172 rows=270 loops=1)\n            -> Filter: ((a.shop_goods_type = 1) and ((a.is_package = 1) or (a.is_package is null)) and (a.mall_goods_id is not null))  (cost=139.80 rows=11) (actual time=0.143..1.704 rows=270 loops=1)\n                -> Index lookup on a using idx_shop_id (shop_id='9217410df1c04ffeab0b40d178dc7778')  (cost=139.80 rows=555) (actual time=0.141..1.558 rows=555 loops=1)\n            -> Filter: (a.mall_goods_id = b.mall_goods_id)  (cost=0.67 rows=1) (actual time=0.005..0.005 rows=1 loops=270)\n                -> Single-row index lookup on b using PRIMARY (mall_goods_id=a.mall_goods_id)  (cost=0.67 rows=1) (actual time=0.005..0.005 rows=1 loops=270)\n        -> Filter: (c.mall_picture_type = 1)  (cost=0.70 rows=0) (actual time=0.016..0.021 rows=1 loops=270)\n            -> Index lookup on c using idx_mall_goods_id (mall_goods_id=b.mall_goods_id), with index condition: (c.mall_goods_id = b.mall_goods_id)  (cost=0.70 rows=3) (actual time=0.013..0.020 rows=4 loops=270)\n"]}, {"sql": " SELECT   COUNT(1)   FROM   shop_goods AS a,   mall_goods AS b,   mall_picture AS c     WHERE shop_id = 'da3c581f47fb40d79ef7040c91007831'    and a.mall_goods_id = b.mall_goods_id    and c.mall_goods_id=b.mall_goods_id    and c.mall_picture_type=1       \t\tAND (a.is_package = 1 OR a.is_package IS NULL)    \t           and a.shop_goods_type = 1                                         and DATE_SUB(NOW(), INTERVAL 7 DAY) < a.update_time", "analyze": ["-> Aggregate: count(1)  (actual time=0.345..0.345 rows=1 loops=1)\n    -> Nested loop inner join  (cost=25.90 rows=0) (actual time=0.344..0.344 rows=0 loops=1)\n        -> Nested loop inner join  (cost=25.29 rows=1) (actual time=0.343..0.343 rows=0 loops=1)\n            -> Filter: ((a.shop_goods_type = 1) and ((a.is_package = 1) or (a.is_package is null)) and (<cache>((now() - interval 7 day)) < a.update_time) and (a.mall_goods_id is not null))  (cost=24.81 rows=1) (actual time=0.342..0.342 rows=0 loops=1)\n                -> Index lookup on a using idx_shop_id (shop_id='da3c581f47fb40d79ef7040c91007831')  (cost=24.81 rows=99) (actual time=0.167..0.320 rows=99 loops=1)\n            -> Filter: (a.mall_goods_id = b.mall_goods_id)  (cost=0.82 rows=1) (never executed)\n                -> Single-row index lookup on b using PRIMARY (mall_goods_id=a.mall_goods_id)  (cost=0.82 rows=1) (never executed)\n        -> Filter: (c.mall_picture_type = 1)  (cost=0.75 rows=0) (never executed)\n            -> Index lookup on c using idx_mall_goods_id (mall_goods_id=b.mall_goods_id), with index condition: (c.mall_goods_id = b.mall_goods_id)  (cost=0.75 rows=3) (never executed)\n"]}, {"sql": " SELECT   COUNT(1)   FROM   shop_goods AS a,   mall_goods AS b,   mall_picture AS c     WHERE shop_id = 'da3c581f47fb40d79ef7040c91007831'    and a.mall_goods_id = b.mall_goods_id    and c.mall_goods_id=b.mall_goods_id    and c.mall_picture_type=1       \t\tAND (a.is_package = 1 OR a.is_package IS NULL)    \t           and a.shop_goods_type = 1                                      and a.goods_recommend_status = 1", "analyze": ["-> Aggregate: count(1)  (actual time=0.515..0.516 rows=1 loops=1)\n    -> Nested loop inner join  (cost=25.10 rows=0) (actual time=0.514..0.514 rows=0 loops=1)\n        -> Nested loop inner join  (cost=24.91 rows=0) (actual time=0.513..0.513 rows=0 loops=1)\n            -> Filter: ((a.goods_recommend_status = 1) and (a.shop_goods_type = 1) and ((a.is_package = 1) or (a.is_package is null)) and (a.mall_goods_id is not null))  (cost=24.77 rows=0) (actual time=0.512..0.512 rows=0 loops=1)\n                -> Index lookup on a using idx_shop_id (shop_id='da3c581f47fb40d79ef7040c91007831')  (cost=24.77 rows=99) (actual time=0.219..0.500 rows=99 loops=1)\n            -> Filter: (a.mall_goods_id = b.mall_goods_id)  (cost=1.19 rows=1) (never executed)\n                -> Single-row index lookup on b using PRIMARY (mall_goods_id=a.mall_goods_id)  (cost=1.19 rows=1) (never executed)\n        -> Filter: (c.mall_picture_type = 1)  (cost=0.85 rows=0) (never executed)\n            -> Index lookup on c using idx_mall_goods_id (mall_goods_id=b.mall_goods_id), with index condition: (c.mall_goods_id = b.mall_goods_id)  (cost=0.85 rows=3) (never executed)\n"]}, {"sql": " SELECT   COUNT(1)   FROM   shop_goods AS a,   mall_goods AS b,   mall_picture AS c     WHERE shop_id = 'da3c581f47fb40d79ef7040c91007831'    and a.mall_goods_id = b.mall_goods_id    and c.mall_goods_id=b.mall_goods_id    and c.mall_picture_type=1       \t\tAND a.is_package = 1    \t           and a.shop_goods_type = 1", "analyze": ["-> Aggregate: count(1)  (actual time=0.277..0.277 rows=1 loops=1)\n    -> Nested loop inner join  (cost=26.57 rows=0) (actual time=0.276..0.276 rows=0 loops=1)\n        -> Nested loop inner join  (cost=25.60 rows=1) (actual time=0.275..0.275 rows=0 loops=1)\n            -> Filter: ((a.shop_goods_type = 1) and (a.is_package = 1) and (a.mall_goods_id is not null))  (cost=24.85 rows=1) (actual time=0.275..0.275 rows=0 loops=1)\n                -> Index lookup on a using idx_shop_id (shop_id='da3c581f47fb40d79ef7040c91007831')  (cost=24.85 rows=99) (actual time=0.139..0.266 rows=99 loops=1)\n            -> Filter: (a.mall_goods_id = b.mall_goods_id)  (cost=0.76 rows=1) (never executed)\n                -> Single-row index lookup on b using PRIMARY (mall_goods_id=a.mall_goods_id)  (cost=0.76 rows=1) (never executed)\n        -> Filter: (c.mall_picture_type = 1)  (cost=0.73 rows=0) (never executed)\n            -> Index lookup on c using idx_mall_goods_id (mall_goods_id=b.mall_goods_id), with index condition: (c.mall_goods_id = b.mall_goods_id)  (cost=0.73 rows=3) (never executed)\n"]}, {"sql": " SELECT   COUNT(1)   FROM   shop_goods AS a,   mall_goods AS b,   mall_picture AS c     WHERE shop_id = 'da3c581f47fb40d79ef7040c91007831'    and a.mall_goods_id = b.mall_goods_id    and c.mall_goods_id=b.mall_goods_id    and c.mall_picture_type=1       \t\tAND (a.is_package = 1 OR a.is_package IS NULL)    \t           and a.shop_goods_type = 1", "analyze": ["-> Aggregate: count(1)  (actual time=1.644..1.645 rows=1 loops=1)\n    -> Nested loop inner join  (cost=28.21 rows=1) (actual time=0.185..1.628 rows=45 loops=1)\n        -> Nested loop inner join  (cost=26.37 rows=2) (actual time=0.163..0.747 rows=45 loops=1)\n            -> Filter: ((a.shop_goods_type = 1) and ((a.is_package = 1) or (a.is_package is null)) and (a.mall_goods_id is not null))  (cost=24.94 rows=2) (actual time=0.132..0.288 rows=45 loops=1)\n                -> Index lookup on a using idx_shop_id (shop_id='da3c581f47fb40d79ef7040c91007831')  (cost=24.94 rows=99) (actual time=0.129..0.262 rows=99 loops=1)\n            -> Filter: (a.mall_goods_id = b.mall_goods_id)  (cost=0.71 rows=1) (actual time=0.010..0.010 rows=1 loops=45)\n                -> Single-row index lookup on b using PRIMARY (mall_goods_id=a.mall_goods_id)  (cost=0.71 rows=1) (actual time=0.009..0.009 rows=1 loops=45)\n        -> Filter: (c.mall_picture_type = 1)  (cost=0.72 rows=0) (actual time=0.016..0.019 rows=1 loops=45)\n            -> Index lookup on c using idx_mall_goods_id (mall_goods_id=b.mall_goods_id), with index condition: (c.mall_goods_id = b.mall_goods_id)  (cost=0.72 rows=3) (actual time=0.015..0.018 rows=3 loops=45)\n"]}, {"sql": " SELECT   mall_goods_sku_id AS mallGoodsSkuId ,   sku_id AS skuId,   sku_code AS skuCode,   sku_name AS skuName,   spu_id AS spuId,   spu_code AS spuCode,   mall_goods_sku_property AS mallGoodsSkuProperty,   mall_goods_sku_picture AS mallGoodsSkuPicture,   mall_id AS mallId,   mall_goods_id AS mallGoodsId,   mall_goods_sku_price_effective_time AS mallGoodsSkuPriceEffectiveTime,   mall_goods_sku_sale_price AS mallGoodsSkuSalePrice,   mall_goods_sku_market_price AS mallGoodsSkuMarketPrice,   mall_goods_sku_type AS mallGoodsSkuType,   mobile_code AS mobileCode,   mall_member_points_status AS mallMemberPointsStatus,   mall_member_rebate_status AS mallMemberRebateStatus   FROM   mall_goods_sku     WHERE mall_id = '22700000000000000000'              and sku_id IN (          'd901f6e1500742138f893988be79d306'     ,      '3c53ae43aa9e4885af61b1314a0da086'     ,      'eabdbfc42afb4ca4b3959b8cebf8223d'     ,      'e4f57e87588f46f29cb6d08d0ced70c8'     ,      '7643327'     ,      '1989563'     ,      '551054'     ,      'ab0e7e1e404747129db7842e2ea49368'         )", "analyze": ["-> Filter: (mall_goods_sku.sku_id in ('d901f6e1500742138f893988be79d306','3c53ae43aa9e4885af61b1314a0da086','eabdbfc42afb4ca4b3959b8cebf8223d','e4f57e87588f46f29cb6d08d0ced70c8','7643327','1989563','551054','ab0e7e1e404747129db7842e2ea49368'))  (cost=3.60 rows=6) (actual time=0.137..0.137 rows=0 loops=1)\n    -> Index lookup on mall_goods_sku using mall_id (mall_id='22700000000000000000')  (cost=3.60 rows=12) (actual time=0.120..0.132 rows=12 loops=1)\n"]}, {"sql": " SELECT   COUNT(1)   FROM   shop_goods AS a,   mall_goods AS b,   mall_picture AS c     WHERE shop_id = 'cc851be7037845319b28e019c39e1031'    and a.mall_goods_id = b.mall_goods_id    and c.mall_goods_id=b.mall_goods_id    and c.mall_picture_type=1       \t\tAND (a.is_package = 1 OR a.is_package IS NULL)    \t           and a.shop_goods_type = 1                                         and DATE_SUB(NOW(), INTERVAL 7 DAY) < a.update_time", "analyze": ["-> Aggregate: count(1)  (actual time=0.037..0.037 rows=1 loops=1)\n    -> Nested loop inner join  (cost=0.84 rows=0) (actual time=0.036..0.036 rows=0 loops=1)\n        -> Nested loop inner join  (cost=0.79 rows=0) (actual time=0.035..0.035 rows=0 loops=1)\n            -> Filter: ((a.shop_goods_type = 1) and ((a.is_package = 1) or (a.is_package is null)) and (<cache>((now() - interval 7 day)) < a.update_time) and (a.mall_goods_id is not null))  (cost=0.76 rows=0) (actual time=0.035..0.035 rows=0 loops=1)\n                -> Index lookup on a using idx_shop_id (shop_id='cc851be7037845319b28e019c39e1031')  (cost=0.76 rows=3) (actual time=0.031..0.034 rows=3 loops=1)\n            -> Filter: (a.mall_goods_id = b.mall_goods_id)  (cost=2.66 rows=1) (never executed)\n                -> Single-row index lookup on b using PRIMARY (mall_goods_id=a.mall_goods_id)  (cost=2.66 rows=1) (never executed)\n        -> Filter: (c.mall_picture_type = 1)  (cost=1.26 rows=0) (never executed)\n            -> Index lookup on c using idx_mall_goods_id (mall_goods_id=b.mall_goods_id), with index condition: (c.mall_goods_id = b.mall_goods_id)  (cost=1.26 rows=3) (never executed)\n"]}, {"sql": " SELECT   COUNT(1)   FROM   shop_goods AS a,   mall_goods AS b,   mall_picture AS c     WHERE shop_id = 'cc851be7037845319b28e019c39e1031'    and a.mall_goods_id = b.mall_goods_id    and c.mall_goods_id=b.mall_goods_id    and c.mall_picture_type=1       \t\tAND a.is_package = 1    \t           and a.shop_goods_type = 1", "analyze": ["-> Aggregate: count(1)  (actual time=0.036..0.036 rows=1 loops=1)\n    -> Nested loop inner join  (cost=0.84 rows=0) (actual time=0.035..0.035 rows=0 loops=1)\n        -> Nested loop inner join  (cost=0.79 rows=0) (actual time=0.034..0.034 rows=0 loops=1)\n            -> Filter: ((a.shop_goods_type = 1) and (a.is_package = 1) and (a.mall_goods_id is not null))  (cost=0.76 rows=0) (actual time=0.034..0.034 rows=0 loops=1)\n                -> Index lookup on a using idx_shop_id (shop_id='cc851be7037845319b28e019c39e1031')  (cost=0.76 rows=3) (actual time=0.030..0.033 rows=3 loops=1)\n            -> Filter: (a.mall_goods_id = b.mall_goods_id)  (cost=2.66 rows=1) (never executed)\n                -> Single-row index lookup on b using PRIMARY (mall_goods_id=a.mall_goods_id)  (cost=2.66 rows=1) (never executed)\n        -> Filter: (c.mall_picture_type = 1)  (cost=1.26 rows=0) (never executed)\n            -> Index lookup on c using idx_mall_goods_id (mall_goods_id=b.mall_goods_id), with index condition: (c.mall_goods_id = b.mall_goods_id)  (cost=1.26 rows=3) (never executed)\n"]}, {"sql": " SELECT   COUNT(1)   FROM   shop_goods AS a,   mall_goods AS b,   mall_picture AS c     WHERE shop_id = 'cc851be7037845319b28e019c39e1031'    and a.mall_goods_id = b.mall_goods_id    and c.mall_goods_id=b.mall_goods_id    and c.mall_picture_type=1       \t\tAND (a.is_package = 1 OR a.is_package IS NULL)    \t           and a.shop_goods_type = 1                                      and a.goods_recommend_status = 1", "analyze": ["-> Aggregate: count(1)  (actual time=0.036..0.036 rows=1 loops=1)\n    -> Nested loop inner join  (cost=0.84 rows=0) (actual time=0.035..0.035 rows=0 loops=1)\n        -> Nested loop inner join  (cost=0.79 rows=0) (actual time=0.034..0.034 rows=0 loops=1)\n            -> Filter: ((a.goods_recommend_status = 1) and (a.shop_goods_type = 1) and ((a.is_package = 1) or (a.is_package is null)) and (a.mall_goods_id is not null))  (cost=0.76 rows=0) (actual time=0.033..0.033 rows=0 loops=1)\n                -> Index lookup on a using idx_shop_id (shop_id='cc851be7037845319b28e019c39e1031')  (cost=0.76 rows=3) (actual time=0.029..0.032 rows=3 loops=1)\n            -> Filter: (a.mall_goods_id = b.mall_goods_id)  (cost=2.66 rows=1) (never executed)\n                -> Single-row index lookup on b using PRIMARY (mall_goods_id=a.mall_goods_id)  (cost=2.66 rows=1) (never executed)\n        -> Filter: (c.mall_picture_type = 1)  (cost=1.26 rows=0) (never executed)\n            -> Index lookup on c using idx_mall_goods_id (mall_goods_id=b.mall_goods_id), with index condition: (c.mall_goods_id = b.mall_goods_id)  (cost=1.26 rows=3) (never executed)\n"]}, {"sql": " SELECT   COUNT(1)   FROM   shop_goods AS a,   mall_goods AS b,   mall_picture AS c     WHERE shop_id = 'cc851be7037845319b28e019c39e1031'    and a.mall_goods_id = b.mall_goods_id    and c.mall_goods_id=b.mall_goods_id    and c.mall_picture_type=1       \t\tAND (a.is_package = 1 OR a.is_package IS NULL)    \t           and a.shop_goods_type = 1", "analyze": ["-> Aggregate: count(1)  (actual time=0.036..0.036 rows=1 loops=1)\n    -> Nested loop inner join  (cost=0.85 rows=0) (actual time=0.035..0.035 rows=0 loops=1)\n        -> Nested loop inner join  (cost=0.80 rows=0) (actual time=0.034..0.034 rows=0 loops=1)\n            -> Filter: ((a.shop_goods_type = 1) and ((a.is_package = 1) or (a.is_package is null)) and (a.mall_goods_id is not null))  (cost=0.76 rows=0) (actual time=0.034..0.034 rows=0 loops=1)\n                -> Index lookup on a using idx_shop_id (shop_id='cc851be7037845319b28e019c39e1031')  (cost=0.76 rows=3) (actual time=0.030..0.033 rows=3 loops=1)\n            -> Filter: (a.mall_goods_id = b.mall_goods_id)  (cost=2.41 rows=1) (never executed)\n                -> Single-row index lookup on b using PRIMARY (mall_goods_id=a.mall_goods_id)  (cost=2.41 rows=1) (never executed)\n        -> Filter: (c.mall_picture_type = 1)  (cost=1.19 rows=0) (never executed)\n            -> Index lookup on c using idx_mall_goods_id (mall_goods_id=b.mall_goods_id), with index condition: (c.mall_goods_id = b.mall_goods_id)  (cost=1.19 rows=3) (never executed)\n"]}, {"sql": " SELECT   COUNT(1)   FROM   shop_goods AS a,   mall_goods AS b,   mall_picture AS c     WHERE shop_id = '44c7cc30f1494fd6b00487c9a73927fa'    and a.mall_goods_id = b.mall_goods_id    and c.mall_goods_id=b.mall_goods_id    and c.mall_picture_type=1       \t\tAND (a.is_package = 1 OR a.is_package IS NULL)    \t           and a.shop_goods_type = 1                                         and DATE_SUB(NOW(), INTERVAL 7 DAY) < a.update_time", "analyze": ["-> Aggregate: count(1)  (actual time=4.086..4.086 rows=1 loops=1)\n    -> Nested loop inner join  (cost=354.55 rows=2) (actual time=4.084..4.084 rows=0 loops=1)\n        -> Nested loop inner join  (cost=346.12 rows=9) (actual time=4.084..4.084 rows=0 loops=1)\n            -> Filter: ((a.shop_goods_type = 1) and ((a.is_package = 1) or (a.is_package is null)) and (<cache>((now() - interval 7 day)) < a.update_time) and (a.mall_goods_id is not null))  (cost=339.61 rows=9) (actual time=4.083..4.083 rows=0 loops=1)\n                -> Index lookup on a using idx_shop_id (shop_id='44c7cc30f1494fd6b00487c9a73927fa')  (cost=339.61 rows=1355) (actual time=0.164..3.934 rows=1355 loops=1)\n            -> Filter: (a.mall_goods_id = b.mall_goods_id)  (cost=0.67 rows=1) (never executed)\n                -> Single-row index lookup on b using PRIMARY (mall_goods_id=a.mall_goods_id)  (cost=0.67 rows=1) (never executed)\n        -> Filter: (c.mall_picture_type = 1)  (cost=0.70 rows=0) (never executed)\n            -> Index lookup on c using idx_mall_goods_id (mall_goods_id=b.mall_goods_id), with index condition: (c.mall_goods_id = b.mall_goods_id)  (cost=0.70 rows=3) (never executed)\n"]}, {"sql": " SELECT   COUNT(1)   FROM   shop_goods AS a,   mall_goods AS b,   mall_picture AS c     WHERE shop_id = '44c7cc30f1494fd6b00487c9a73927fa'    and a.mall_goods_id = b.mall_goods_id    and c.mall_goods_id=b.mall_goods_id    and c.mall_picture_type=1       \t\tAND a.is_package = 1    \t           and a.shop_goods_type = 1", "analyze": ["-> Aggregate: count(1)  (actual time=3.476..3.476 rows=1 loops=1)\n    -> Nested loop inner join  (cost=363.70 rows=4) (actual time=3.474..3.474 rows=0 loops=1)\n        -> Nested loop inner join  (cost=350.39 rows=14) (actual time=3.473..3.473 rows=0 loops=1)\n            -> Filter: ((a.shop_goods_type = 1) and (a.is_package = 1) and (a.mall_goods_id is not null))  (cost=340.11 rows=14) (actual time=3.473..3.473 rows=0 loops=1)\n                -> Index lookup on a using idx_shop_id (shop_id='44c7cc30f1494fd6b00487c9a73927fa')  (cost=340.11 rows=1355) (actual time=0.143..3.381 rows=1355 loops=1)\n            -> Filter: (a.mall_goods_id = b.mall_goods_id)  (cost=0.67 rows=1) (never executed)\n                -> Single-row index lookup on b using PRIMARY (mall_goods_id=a.mall_goods_id)  (cost=0.67 rows=1) (never executed)\n        -> Filter: (c.mall_picture_type = 1)  (cost=0.70 rows=0) (never executed)\n            -> Index lookup on c using idx_mall_goods_id (mall_goods_id=b.mall_goods_id), with index condition: (c.mall_goods_id = b.mall_goods_id)  (cost=0.70 rows=3) (never executed)\n"]}, {"sql": " SELECT   COUNT(1)   FROM   shop_goods AS a,   mall_goods AS b,   mall_picture AS c     WHERE shop_id = '44c7cc30f1494fd6b00487c9a73927fa'    and a.mall_goods_id = b.mall_goods_id    and c.mall_goods_id=b.mall_goods_id    and c.mall_picture_type=1       \t\tAND (a.is_package = 1 OR a.is_package IS NULL)    \t           and a.shop_goods_type = 1                                      and a.goods_recommend_status = 1", "analyze": ["-> Aggregate: count(1)  (actual time=3.572..3.572 rows=1 loops=1)\n    -> Nested loop inner join  (cost=343.49 rows=1) (actual time=3.570..3.570 rows=0 loops=1)\n        -> Nested loop inner join  (cost=340.96 rows=3) (actual time=3.569..3.569 rows=0 loops=1)\n            -> Filter: ((a.goods_recommend_status = 1) and (a.shop_goods_type = 1) and ((a.is_package = 1) or (a.is_package is null)) and (a.mall_goods_id is not null))  (cost=339.01 rows=3) (actual time=3.569..3.569 rows=0 loops=1)\n                -> Index lookup on a using idx_shop_id (shop_id='44c7cc30f1494fd6b00487c9a73927fa')  (cost=339.01 rows=1355) (actual time=0.142..3.487 rows=1355 loops=1)\n            -> Filter: (a.mall_goods_id = b.mall_goods_id)  (cost=0.70 rows=1) (never executed)\n                -> Single-row index lookup on b using PRIMARY (mall_goods_id=a.mall_goods_id)  (cost=0.70 rows=1) (never executed)\n        -> Filter: (c.mall_picture_type = 1)  (cost=0.71 rows=0) (never executed)\n            -> Index lookup on c using idx_mall_goods_id (mall_goods_id=b.mall_goods_id), with index condition: (c.mall_goods_id = b.mall_goods_id)  (cost=0.71 rows=3) (never executed)\n"]}, {"sql": " SELECT   COUNT(1)   FROM   shop_goods AS a,   mall_goods AS b,   mall_picture AS c     WHERE shop_id = '44c7cc30f1494fd6b00487c9a73927fa'    and a.mall_goods_id = b.mall_goods_id    and c.mall_goods_id=b.mall_goods_id    and c.mall_picture_type=1       \t\tAND (a.is_package = 1 OR a.is_package IS NULL)    \t           and a.shop_goods_type = 1", "analyze": ["-> Aggregate: count(1)  (actual time=8.533..8.534 rows=1 loops=1)\n    -> Nested loop inner join  (cost=386.15 rows=7) (actual time=0.200..8.451 rows=325 loops=1)\n        -> Nested loop inner join  (cost=360.86 rows=26) (actual time=0.174..5.505 rows=325 loops=1)\n            -> Filter: ((a.shop_goods_type = 1) and ((a.is_package = 1) or (a.is_package is null)) and (a.mall_goods_id is not null))  (cost=341.32 rows=26) (actual time=0.159..3.830 rows=325 loops=1)\n                -> Index lookup on a using idx_shop_id (shop_id='44c7cc30f1494fd6b00487c9a73927fa')  (cost=341.32 rows=1355) (actual time=0.155..3.628 rows=1355 loops=1)\n            -> Filter: (a.mall_goods_id = b.mall_goods_id)  (cost=0.66 rows=1) (actual time=0.005..0.005 rows=1 loops=325)\n                -> Single-row index lookup on b using PRIMARY (mall_goods_id=a.mall_goods_id)  (cost=0.66 rows=1) (actual time=0.004..0.004 rows=1 loops=325)\n        -> Filter: (c.mall_picture_type = 1)  (cost=0.70 rows=0) (actual time=0.008..0.009 rows=1 loops=325)\n            -> Index lookup on c using idx_mall_goods_id (mall_goods_id=b.mall_goods_id), with index condition: (c.mall_goods_id = b.mall_goods_id)  (cost=0.70 rows=3) (actual time=0.007..0.008 rows=1 loops=325)\n"]}, {"sql": " SELECT   COUNT(1)   FROM   shop_goods AS a,   mall_goods AS b,   mall_picture AS c     WHERE shop_id = 'a861f3e082ec4710bdfa95ebdf405875'    and a.mall_goods_id = b.mall_goods_id    and c.mall_goods_id=b.mall_goods_id    and c.mall_picture_type=1       \t\tAND (a.is_package = 1 OR a.is_package IS NULL)    \t           and a.shop_goods_type = 1", "analyze": ["-> Aggregate: count(1)  (actual time=0.160..0.160 rows=1 loops=1)\n    -> Nested loop inner join  (cost=1.14 rows=0) (actual time=0.125..0.155 rows=2 loops=1)\n        -> Nested loop inner join  (cost=1.07 rows=0) (actual time=0.063..0.074 rows=2 loops=1)\n            -> Filter: ((a.shop_goods_type = 1) and ((a.is_package = 1) or (a.is_package is null)) and (a.mall_goods_id is not null))  (cost=1.01 rows=0) (actual time=0.050..0.053 rows=2 loops=1)\n                -> Index lookup on a using idx_shop_id (shop_id='a861f3e082ec4710bdfa95ebdf405875')  (cost=1.01 rows=4) (actual time=0.047..0.050 rows=4 loops=1)\n            -> Filter: (a.mall_goods_id = b.mall_goods_id)  (cost=1.97 rows=1) (actual time=0.010..0.010 rows=1 loops=2)\n                -> Single-row index lookup on b using PRIMARY (mall_goods_id=a.mall_goods_id)  (cost=1.97 rows=1) (actual time=0.009..0.009 rows=1 loops=2)\n        -> Filter: (c.mall_picture_type = 1)  (cost=1.07 rows=0) (actual time=0.038..0.039 rows=1 loops=2)\n            -> Index lookup on c using idx_mall_goods_id (mall_goods_id=b.mall_goods_id), with index condition: (c.mall_goods_id = b.mall_goods_id)  (cost=1.07 rows=3) (actual time=0.036..0.038 rows=2 loops=2)\n"]}, {"sql": " SELECT   COUNT(1)   FROM   shop_goods AS a,   mall_goods AS b,   mall_picture AS c     WHERE shop_id = 'a861f3e082ec4710bdfa95ebdf405875'    and a.mall_goods_id = b.mall_goods_id    and c.mall_goods_id=b.mall_goods_id    and c.mall_picture_type=1       \t\tAND a.is_package = 1    \t           and a.shop_goods_type = 1", "analyze": ["-> Aggregate: count(1)  (actual time=0.042..0.042 rows=1 loops=1)\n    -> Nested loop inner join  (cost=1.09 rows=0) (actual time=0.040..0.040 rows=0 loops=1)\n        -> Nested loop inner join  (cost=1.04 rows=0) (actual time=0.040..0.040 rows=0 loops=1)\n            -> Filter: ((a.shop_goods_type = 1) and (a.is_package = 1) and (a.mall_goods_id is not null))  (cost=1.01 rows=0) (actual time=0.039..0.039 rows=0 loops=1)\n                -> Index lookup on a using idx_shop_id (shop_id='a861f3e082ec4710bdfa95ebdf405875')  (cost=1.01 rows=4) (actual time=0.035..0.038 rows=4 loops=1)\n            -> Filter: (a.mall_goods_id = b.mall_goods_id)  (cost=2.66 rows=1) (never executed)\n                -> Single-row index lookup on b using PRIMARY (mall_goods_id=a.mall_goods_id)  (cost=2.66 rows=1) (never executed)\n        -> Filter: (c.mall_picture_type = 1)  (cost=1.26 rows=0) (never executed)\n            -> Index lookup on c using idx_mall_goods_id (mall_goods_id=b.mall_goods_id), with index condition: (c.mall_goods_id = b.mall_goods_id)  (cost=1.26 rows=3) (never executed)\n"]}, {"sql": " SELECT   COUNT(1)   FROM   shop_goods AS a,   mall_goods AS b,   mall_picture AS c     WHERE shop_id = 'a861f3e082ec4710bdfa95ebdf405875'    and a.mall_goods_id = b.mall_goods_id    and c.mall_goods_id=b.mall_goods_id    and c.mall_picture_type=1       \t\tAND (a.is_package = 1 OR a.is_package IS NULL)    \t           and a.shop_goods_type = 1                                      and a.goods_recommend_status = 1", "analyze": ["-> Aggregate: count(1)  (actual time=0.042..0.042 rows=1 loops=1)\n    -> Nested loop inner join  (cost=1.09 rows=0) (actual time=0.041..0.041 rows=0 loops=1)\n        -> Nested loop inner join  (cost=1.04 rows=0) (actual time=0.040..0.040 rows=0 loops=1)\n            -> Filter: ((a.goods_recommend_status = 1) and (a.shop_goods_type = 1) and ((a.is_package = 1) or (a.is_package is null)) and (a.mall_goods_id is not null))  (cost=1.01 rows=0) (actual time=0.040..0.040 rows=0 loops=1)\n                -> Index lookup on a using idx_shop_id (shop_id='a861f3e082ec4710bdfa95ebdf405875')  (cost=1.01 rows=4) (actual time=0.035..0.038 rows=4 loops=1)\n            -> Filter: (a.mall_goods_id = b.mall_goods_id)  (cost=2.66 rows=1) (never executed)\n                -> Single-row index lookup on b using PRIMARY (mall_goods_id=a.mall_goods_id)  (cost=2.66 rows=1) (never executed)\n        -> Filter: (c.mall_picture_type = 1)  (cost=1.26 rows=0) (never executed)\n            -> Index lookup on c using idx_mall_goods_id (mall_goods_id=b.mall_goods_id), with index condition: (c.mall_goods_id = b.mall_goods_id)  (cost=1.26 rows=3) (never executed)\n"]}, {"sql": " SELECT   COUNT(1)   FROM   shop_goods AS a,   mall_goods AS b,   mall_picture AS c     WHERE shop_id = 'a861f3e082ec4710bdfa95ebdf405875'    and a.mall_goods_id = b.mall_goods_id    and c.mall_goods_id=b.mall_goods_id    and c.mall_picture_type=1       \t\tAND (a.is_package = 1 OR a.is_package IS NULL)    \t           and a.shop_goods_type = 1                                         and DATE_SUB(NOW(), INTERVAL 7 DAY) < a.update_time", "analyze": ["-> Aggregate: count(1)  (actual time=0.052..0.052 rows=1 loops=1)\n    -> Nested loop inner join  (cost=1.09 rows=0) (actual time=0.051..0.051 rows=0 loops=1)\n        -> Nested loop inner join  (cost=1.04 rows=0) (actual time=0.050..0.050 rows=0 loops=1)\n            -> Filter: ((a.shop_goods_type = 1) and ((a.is_package = 1) or (a.is_package is null)) and (<cache>((now() - interval 7 day)) < a.update_time) and (a.mall_goods_id is not null))  (cost=1.01 rows=0) (actual time=0.050..0.050 rows=0 loops=1)\n                -> Index lookup on a using idx_shop_id (shop_id='a861f3e082ec4710bdfa95ebdf405875')  (cost=1.01 rows=4) (actual time=0.034..0.037 rows=4 loops=1)\n            -> Filter: (a.mall_goods_id = b.mall_goods_id)  (cost=2.66 rows=1) (never executed)\n                -> Single-row index lookup on b using PRIMARY (mall_goods_id=a.mall_goods_id)  (cost=2.66 rows=1) (never executed)\n        -> Filter: (c.mall_picture_type = 1)  (cost=1.26 rows=0) (never executed)\n            -> Index lookup on c using idx_mall_goods_id (mall_goods_id=b.mall_goods_id), with index condition: (c.mall_goods_id = b.mall_goods_id)  (cost=1.26 rows=3) (never executed)\n"]}, {"sql": " SELECT   COUNT(1)   FROM   shop_goods AS a,   mall_goods AS b,   mall_picture AS c     WHERE shop_id = 'b37589add41d45b1a024b8833cd218e4'    and a.mall_goods_id = b.mall_goods_id    and c.mall_goods_id=b.mall_goods_id    and c.mall_picture_type=1       \t\tAND (a.is_package = 1 OR a.is_package IS NULL)    \t           and a.shop_goods_type = 1                                         and DATE_SUB(NOW(), INTERVAL 7 DAY) < a.update_time", "analyze": ["-> Aggregate: count(1)  (actual time=0.048..0.049 rows=1 loops=1)\n    -> Nested loop inner join  (cost=0.84 rows=0) (actual time=0.047..0.047 rows=0 loops=1)\n        -> Nested loop inner join  (cost=0.79 rows=0) (actual time=0.047..0.047 rows=0 loops=1)\n            -> Filter: ((a.shop_goods_type = 1) and ((a.is_package = 1) or (a.is_package is null)) and (<cache>((now() - interval 7 day)) < a.update_time) and (a.mall_goods_id is not null))  (cost=0.76 rows=0) (actual time=0.046..0.046 rows=0 loops=1)\n                -> Index lookup on a using idx_shop_id (shop_id='b37589add41d45b1a024b8833cd218e4')  (cost=0.76 rows=3) (actual time=0.034..0.038 rows=3 loops=1)\n            -> Filter: (a.mall_goods_id = b.mall_goods_id)  (cost=2.66 rows=1) (never executed)\n                -> Single-row index lookup on b using PRIMARY (mall_goods_id=a.mall_goods_id)  (cost=2.66 rows=1) (never executed)\n        -> Filter: (c.mall_picture_type = 1)  (cost=1.26 rows=0) (never executed)\n            -> Index lookup on c using idx_mall_goods_id (mall_goods_id=b.mall_goods_id), with index condition: (c.mall_goods_id = b.mall_goods_id)  (cost=1.26 rows=3) (never executed)\n"]}, {"sql": " SELECT   COUNT(1)   FROM   shop_goods AS a,   mall_goods AS b,   mall_picture AS c     WHERE shop_id = 'b015a4bd1b6f4608bdc86404154e7b66'    and a.mall_goods_id = b.mall_goods_id    and c.mall_goods_id=b.mall_goods_id    and c.mall_picture_type=1       \t\tAND a.is_package = 1    \t           and a.shop_goods_type = 1", "analyze": ["-> Aggregate: count(1)  (actual time=0.043..0.043 rows=1 loops=1)\n    -> Nested loop inner join  (cost=0.84 rows=0) (actual time=0.042..0.042 rows=0 loops=1)\n        -> Nested loop inner join  (cost=0.79 rows=0) (actual time=0.041..0.041 rows=0 loops=1)\n            -> Filter: ((a.shop_goods_type = 1) and (a.is_package = 1) and (a.mall_goods_id is not null))  (cost=0.76 rows=0) (actual time=0.041..0.041 rows=0 loops=1)\n                -> Index lookup on a using idx_shop_id (shop_id='b015a4bd1b6f4608bdc86404154e7b66')  (cost=0.76 rows=3) (actual time=0.037..0.039 rows=3 loops=1)\n            -> Filter: (a.mall_goods_id = b.mall_goods_id)  (cost=2.66 rows=1) (never executed)\n                -> Single-row index lookup on b using PRIMARY (mall_goods_id=a.mall_goods_id)  (cost=2.66 rows=1) (never executed)\n        -> Filter: (c.mall_picture_type = 1)  (cost=1.26 rows=0) (never executed)\n            -> Index lookup on c using idx_mall_goods_id (mall_goods_id=b.mall_goods_id), with index condition: (c.mall_goods_id = b.mall_goods_id)  (cost=1.26 rows=3) (never executed)\n"]}, {"sql": " SELECT   COUNT(1)   FROM   shop_goods AS a,   mall_goods AS b,   mall_picture AS c     WHERE shop_id = 'b015a4bd1b6f4608bdc86404154e7b66'    and a.mall_goods_id = b.mall_goods_id    and c.mall_goods_id=b.mall_goods_id    and c.mall_picture_type=1       \t\tAND (a.is_package = 1 OR a.is_package IS NULL)    \t           and a.shop_goods_type = 1                                         and DATE_SUB(NOW(), INTERVAL 7 DAY) < a.update_time", "analyze": ["-> Aggregate: count(1)  (actual time=0.058..0.058 rows=1 loops=1)\n    -> Nested loop inner join  (cost=0.84 rows=0) (actual time=0.056..0.056 rows=0 loops=1)\n        -> Nested loop inner join  (cost=0.79 rows=0) (actual time=0.056..0.056 rows=0 loops=1)\n            -> Filter: ((a.shop_goods_type = 1) and ((a.is_package = 1) or (a.is_package is null)) and (<cache>((now() - interval 7 day)) < a.update_time) and (a.mall_goods_id is not null))  (cost=0.76 rows=0) (actual time=0.055..0.055 rows=0 loops=1)\n                -> Index lookup on a using idx_shop_id (shop_id='b015a4bd1b6f4608bdc86404154e7b66')  (cost=0.76 rows=3) (actual time=0.048..0.053 rows=3 loops=1)\n            -> Filter: (a.mall_goods_id = b.mall_goods_id)  (cost=2.66 rows=1) (never executed)\n                -> Single-row index lookup on b using PRIMARY (mall_goods_id=a.mall_goods_id)  (cost=2.66 rows=1) (never executed)\n        -> Filter: (c.mall_picture_type = 1)  (cost=1.26 rows=0) (never executed)\n            -> Index lookup on c using idx_mall_goods_id (mall_goods_id=b.mall_goods_id), with index condition: (c.mall_goods_id = b.mall_goods_id)  (cost=1.26 rows=3) (never executed)\n"]}, {"sql": " SELECT   COUNT(1)   FROM   shop_goods AS a,   mall_goods AS b,   mall_picture AS c     WHERE shop_id = 'b015a4bd1b6f4608bdc86404154e7b66'    and a.mall_goods_id = b.mall_goods_id    and c.mall_goods_id=b.mall_goods_id    and c.mall_picture_type=1       \t\tAND (a.is_package = 1 OR a.is_package IS NULL)    \t           and a.shop_goods_type = 1", "analyze": ["-> Aggregate: count(1)  (actual time=0.041..0.041 rows=1 loops=1)\n    -> Nested loop inner join  (cost=0.85 rows=0) (actual time=0.040..0.040 rows=0 loops=1)\n        -> Nested loop inner join  (cost=0.80 rows=0) (actual time=0.039..0.039 rows=0 loops=1)\n            -> Filter: ((a.shop_goods_type = 1) and ((a.is_package = 1) or (a.is_package is null)) and (a.mall_goods_id is not null))  (cost=0.76 rows=0) (actual time=0.039..0.039 rows=0 loops=1)\n                -> Index lookup on a using idx_shop_id (shop_id='b015a4bd1b6f4608bdc86404154e7b66')  (cost=0.76 rows=3) (actual time=0.035..0.037 rows=3 loops=1)\n            -> Filter: (a.mall_goods_id = b.mall_goods_id)  (cost=2.41 rows=1) (never executed)\n                -> Single-row index lookup on b using PRIMARY (mall_goods_id=a.mall_goods_id)  (cost=2.41 rows=1) (never executed)\n        -> Filter: (c.mall_picture_type = 1)  (cost=1.19 rows=0) (never executed)\n            -> Index lookup on c using idx_mall_goods_id (mall_goods_id=b.mall_goods_id), with index condition: (c.mall_goods_id = b.mall_goods_id)  (cost=1.19 rows=3) (never executed)\n"]}, {"sql": " SELECT   COUNT(1)   FROM   shop_goods AS a,   mall_goods AS b,   mall_picture AS c     WHERE shop_id = 'b015a4bd1b6f4608bdc86404154e7b66'    and a.mall_goods_id = b.mall_goods_id    and c.mall_goods_id=b.mall_goods_id    and c.mall_picture_type=1       \t\tAND (a.is_package = 1 OR a.is_package IS NULL)    \t           and a.shop_goods_type = 1                                      and a.goods_recommend_status = 1", "analyze": ["-> Aggregate: count(1)  (actual time=0.039..0.039 rows=1 loops=1)\n    -> Nested loop inner join  (cost=0.84 rows=0) (actual time=0.037..0.037 rows=0 loops=1)\n        -> Nested loop inner join  (cost=0.79 rows=0) (actual time=0.037..0.037 rows=0 loops=1)\n            -> Filter: ((a.goods_recommend_status = 1) and (a.shop_goods_type = 1) and ((a.is_package = 1) or (a.is_package is null)) and (a.mall_goods_id is not null))  (cost=0.76 rows=0) (actual time=0.036..0.036 rows=0 loops=1)\n                -> Index lookup on a using idx_shop_id (shop_id='b015a4bd1b6f4608bdc86404154e7b66')  (cost=0.76 rows=3) (actual time=0.032..0.035 rows=3 loops=1)\n            -> Filter: (a.mall_goods_id = b.mall_goods_id)  (cost=2.66 rows=1) (never executed)\n                -> Single-row index lookup on b using PRIMARY (mall_goods_id=a.mall_goods_id)  (cost=2.66 rows=1) (never executed)\n        -> Filter: (c.mall_picture_type = 1)  (cost=1.26 rows=0) (never executed)\n            -> Index lookup on c using idx_mall_goods_id (mall_goods_id=b.mall_goods_id), with index condition: (c.mall_goods_id = b.mall_goods_id)  (cost=1.26 rows=3) (never executed)\n"]}, {"sql": " SELECT DISTINCT   mg.mall_goods_name AS mallGoodsName,   mg.mall_goods_id AS mallGoodsId,   mgs.mall_goods_sku_sale_price AS mallGoodsSkuSalePrice,   mgs.mall_goods_sku_market_price AS mallGoodsSkuMarketPrice,   mgs.sku_name AS skuName,   mgs.sku_id AS skuId,   mgs.mall_goods_sku_type as mallGoodsSkuType   FROM   mall_goods mg   LEFT JOIN mall_goods_sku mgs ON mg.mall_goods_id = mgs.mall_goods_id   LEFT JOIN shop_goods_sku sgs ON sgs.mall_goods_sku_id = mgs.mall_goods_sku_id   LEFT JOIN shop_goods sg ON sg.shop_goods_id = sgs.shop_goods_id   LEFT JOIN shop s ON s.shop_id = sg.shop_id   WHERE   mg.status = 1 AND   mgs.sku_id IN (      'e21807feb57948469667f20f1d834810'     )      and    (     s.dept_code like '2791%'    or     s.dept_code like '3791%'    )", "analyze": ["-> Table scan on <temporary>  (cost=0.81..2.54 rows=3) (actual time=0.001..0.001 rows=0 loops=1)\n    -> Temporary table with deduplication  (cost=284.15..285.88 rows=3) (actual time=0.061..0.061 rows=0 loops=1)\n        -> Nested loop inner join  (cost=283.03 rows=3) (actual time=0.018..0.018 rows=0 loops=1)\n            -> Nested loop inner join  (cost=259.12 rows=31) (actual time=0.018..0.018 rows=0 loops=1)\n                -> Nested loop inner join  (cost=148.89 rows=315) (actual time=0.018..0.018 rows=0 loops=1)\n                    -> Nested loop inner join  (cost=38.65 rows=186) (actual time=0.018..0.018 rows=0 loops=1)\n                        -> Filter: ((s.dept_code like '2791%') or (s.dept_code like '3791%'))  (cost=0.35 rows=1) (actual time=0.017..0.017 rows=0 loops=1)\n                            -> Table scan on s  (cost=0.35 rows=1) (actual time=0.017..0.017 rows=0 loops=1)\n                        -> Filter: (s.shop_id = sg.shop_id)  (cost=38.30 rows=186) (never executed)\n                            -> Index lookup on sg using index_shop_id (shop_id=s.shop_id)  (cost=38.30 rows=186) (never executed)\n                    -> Index lookup on sgs using index_shop_goods_id (shop_goods_id=sg.shop_goods_id)  (cost=0.42 rows=2) (never executed)\n                -> Filter: ((mgs.sku_id = 'e21807feb57948469667f20f1d834810') and (sgs.mall_goods_sku_id = mgs.mall_goods_sku_id) and (mgs.mall_goods_id is not null))  (cost=0.25 rows=0) (never executed)\n                    -> Single-row index lookup on mgs using PRIMARY (mall_goods_sku_id=sgs.mall_goods_sku_id)  (cost=0.25 rows=1) (never executed)\n            -> Filter: ((mg.`status` = 1) and (mg.mall_goods_id = mgs.mall_goods_id))  (cost=0.66 rows=0) (never executed)\n                -> Single-row index lookup on mg using PRIMARY (mall_goods_id=mgs.mall_goods_id)  (cost=0.66 rows=1) (never executed)\n"]}, {"sql": " SELECT DISTINCT   mg.mall_goods_name AS mallGoodsName,   mg.mall_goods_id AS mallGoodsId,   mgs.mall_goods_sku_sale_price AS mallGoodsSkuSalePrice,   mgs.mall_goods_sku_market_price AS mallGoodsSkuMarketPrice,   mgs.sku_name AS skuName,   mgs.sku_id AS skuId,   mgs.mall_goods_sku_type as mallGoodsSkuType   FROM   mall_goods mg   LEFT JOIN mall_goods_sku mgs ON mg.mall_goods_id = mgs.mall_goods_id   LEFT JOIN shop_goods_sku sgs ON sgs.mall_goods_sku_id = mgs.mall_goods_sku_id   LEFT JOIN shop_goods sg ON sg.shop_goods_id = sgs.shop_goods_id   LEFT JOIN shop s ON s.shop_id = sg.shop_id   WHERE   mg.status = 1 AND   mgs.sku_id IN (      '206f6f5e72d6417eb68594e10887c112'     )      and    (     s.dept_code like '2431%'    or     s.dept_code like '3431%'    )", "analyze": ["-> Table scan on <temporary>  (cost=0.81..2.54 rows=3) (actual time=0.001..0.001 rows=0 loops=1)\n    -> Temporary table with deduplication  (cost=284.15..285.88 rows=3) (actual time=0.058..0.058 rows=0 loops=1)\n        -> Nested loop inner join  (cost=283.03 rows=3) (actual time=0.020..0.020 rows=0 loops=1)\n            -> Nested loop inner join  (cost=259.12 rows=31) (actual time=0.020..0.020 rows=0 loops=1)\n                -> Nested loop inner join  (cost=148.89 rows=315) (actual time=0.019..0.019 rows=0 loops=1)\n                    -> Nested loop inner join  (cost=38.65 rows=186) (actual time=0.019..0.019 rows=0 loops=1)\n                        -> Filter: ((s.dept_code like '2431%') or (s.dept_code like '3431%'))  (cost=0.35 rows=1) (actual time=0.019..0.019 rows=0 loops=1)\n                            -> Table scan on s  (cost=0.35 rows=1) (actual time=0.018..0.018 rows=0 loops=1)\n                        -> Filter: (s.shop_id = sg.shop_id)  (cost=38.30 rows=186) (never executed)\n                            -> Index lookup on sg using index_shop_id (shop_id=s.shop_id)  (cost=38.30 rows=186) (never executed)\n                    -> Index lookup on sgs using index_shop_goods_id (shop_goods_id=sg.shop_goods_id)  (cost=0.42 rows=2) (never executed)\n                -> Filter: ((mgs.sku_id = '206f6f5e72d6417eb68594e10887c112') and (sgs.mall_goods_sku_id = mgs.mall_goods_sku_id) and (mgs.mall_goods_id is not null))  (cost=0.25 rows=0) (never executed)\n                    -> Single-row index lookup on mgs using PRIMARY (mall_goods_sku_id=sgs.mall_goods_sku_id)  (cost=0.25 rows=1) (never executed)\n            -> Filter: ((mg.`status` = 1) and (mg.mall_goods_id = mgs.mall_goods_id))  (cost=0.66 rows=0) (never executed)\n                -> Single-row index lookup on mg using PRIMARY (mall_goods_id=mgs.mall_goods_id)  (cost=0.66 rows=1) (never executed)\n"]}, {"sql": " SELECT   mgs.sku_id AS skuId,   mgs.sku_name AS skuName,   s.shop_id AS shopId,   s.shop_name AS shopName,   sg.shop_goods_type AS shopGoodsType,   sgs.shop_goods_sku_type AS shopGoodsSkuType   FROM   shop s   LEFT JOIN shop_goods sg ON s.shop_id = sg.shop_id   LEFT JOIN shop_goods_sku sgs ON sgs.shop_goods_id = sg.shop_goods_id   LEFT JOIN mall_goods_sku mgs ON mgs.mall_goods_sku_id = sgs.mall_goods_sku_id   WHERE   mgs.sku_id IN   (    'ff6f1b1ebebb4ca58751a1a2846c50bd'   ,    '57c6006a61d141609e10102d996bf13b'   ,    'f6203594e6cb4151be487aa14316b6ba'   )       AND sg.shop_goods_type IN (1,2,3)", "analyze": ["-> Nested loop inner join  (cost=131.70 rows=28) (actual time=0.015..0.015 rows=0 loops=1)\n    -> Nested loop inner join  (cost=98.63 rows=94) (actual time=0.014..0.014 rows=0 loops=1)\n        -> Nested loop inner join  (cost=65.56 rows=56) (actual time=0.014..0.014 rows=0 loops=1)\n            -> Table scan on s  (cost=0.35 rows=1) (actual time=0.014..0.014 rows=0 loops=1)\n            -> Filter: (sg.shop_goods_type in (1,2,3))  (cost=52.16 rows=56) (never executed)\n                -> Index lookup on sg using index_shop_id (shop_id=s.shop_id), with index condition: (s.shop_id = sg.shop_id)  (cost=52.16 rows=186) (never executed)\n        -> Index lookup on sgs using index_shop_goods_id (shop_goods_id=sg.shop_goods_id)  (cost=0.43 rows=2) (never executed)\n    -> Filter: ((mgs.sku_id in ('ff6f1b1ebebb4ca58751a1a2846c50bd','57c6006a61d141609e10102d996bf13b','f6203594e6cb4151be487aa14316b6ba')) and (mgs.mall_goods_sku_id = sgs.mall_goods_sku_id))  (cost=0.25 rows=0) (never executed)\n        -> Single-row index lookup on mgs using PRIMARY (mall_goods_sku_id=sgs.mall_goods_sku_id)  (cost=0.25 rows=1) (never executed)\n"]}, {"sql": " SELECT   mgs.sku_id AS skuId,   mgs.sku_name AS skuName,   s.shop_id AS shopId,   s.shop_name AS shopName,   sg.shop_goods_type AS shopGoodsType,   sgs.shop_goods_sku_type AS shopGoodsSkuType   FROM   shop s   LEFT JOIN shop_goods sg ON s.shop_id = sg.shop_id   LEFT JOIN shop_goods_sku sgs ON sgs.shop_goods_id = sg.shop_goods_id   LEFT JOIN mall_goods_sku mgs ON mgs.mall_goods_sku_id = sgs.mall_goods_sku_id   WHERE   mgs.sku_id IN   (    'ec9a6408a34646a49ac93503c85105b9'   )       AND sg.shop_goods_type IN (1,2,3)", "analyze": ["-> Nested loop inner join  (cost=131.70 rows=9) (actual time=0.013..0.013 rows=0 loops=1)\n    -> Nested loop inner join  (cost=98.63 rows=94) (actual time=0.013..0.013 rows=0 loops=1)\n        -> Nested loop inner join  (cost=65.56 rows=56) (actual time=0.012..0.012 rows=0 loops=1)\n            -> Table scan on s  (cost=0.35 rows=1) (actual time=0.012..0.012 rows=0 loops=1)\n            -> Filter: (sg.shop_goods_type in (1,2,3))  (cost=52.16 rows=56) (never executed)\n                -> Index lookup on sg using index_shop_id (shop_id=s.shop_id), with index condition: (s.shop_id = sg.shop_id)  (cost=52.16 rows=186) (never executed)\n        -> Index lookup on sgs using index_shop_goods_id (shop_goods_id=sg.shop_goods_id)  (cost=0.43 rows=2) (never executed)\n    -> Filter: ((mgs.sku_id = 'ec9a6408a34646a49ac93503c85105b9') and (mgs.mall_goods_sku_id = sgs.mall_goods_sku_id))  (cost=0.25 rows=0) (never executed)\n        -> Single-row index lookup on mgs using PRIMARY (mall_goods_sku_id=sgs.mall_goods_sku_id)  (cost=0.25 rows=1) (never executed)\n"]}, {"sql": " SELECT   mgs.sku_id AS skuId,   mgs.sku_name AS skuName,   s.shop_id AS shopId,   s.shop_name AS shopName,   sg.shop_goods_type AS shopGoodsType,   sgs.shop_goods_sku_type AS shopGoodsSkuType   FROM   shop s   LEFT JOIN shop_goods sg ON s.shop_id = sg.shop_id   LEFT JOIN shop_goods_sku sgs ON sgs.shop_goods_id = sg.shop_goods_id   LEFT JOIN mall_goods_sku mgs ON mgs.mall_goods_sku_id = sgs.mall_goods_sku_id   WHERE   mgs.sku_id IN   (    '26682328644b4c69818fcbf045309b13'   ,    '4557ddadc0054f48a7dbb3372c22ff5a'   )       AND sg.shop_goods_type IN (1,2,3)", "analyze": ["-> Nested loop inner join  (cost=131.70 rows=19) (actual time=0.013..0.013 rows=0 loops=1)\n    -> Nested loop inner join  (cost=98.63 rows=94) (actual time=0.012..0.012 rows=0 loops=1)\n        -> Nested loop inner join  (cost=65.56 rows=56) (actual time=0.012..0.012 rows=0 loops=1)\n            -> Table scan on s  (cost=0.35 rows=1) (actual time=0.012..0.012 rows=0 loops=1)\n            -> Filter: (sg.shop_goods_type in (1,2,3))  (cost=52.16 rows=56) (never executed)\n                -> Index lookup on sg using index_shop_id (shop_id=s.shop_id), with index condition: (s.shop_id = sg.shop_id)  (cost=52.16 rows=186) (never executed)\n        -> Index lookup on sgs using index_shop_goods_id (shop_goods_id=sg.shop_goods_id)  (cost=0.43 rows=2) (never executed)\n    -> Filter: ((mgs.sku_id in ('26682328644b4c69818fcbf045309b13','4557ddadc0054f48a7dbb3372c22ff5a')) and (mgs.mall_goods_sku_id = sgs.mall_goods_sku_id))  (cost=0.25 rows=0) (never executed)\n        -> Single-row index lookup on mgs using PRIMARY (mall_goods_sku_id=sgs.mall_goods_sku_id)  (cost=0.25 rows=1) (never executed)\n"]}, {"sql": " SELECT   mgs.sku_id AS skuId,   mgs.sku_name AS skuName,   s.shop_id AS shopId,   s.shop_name AS shopName,   sg.shop_goods_type AS shopGoodsType,   sgs.shop_goods_sku_type AS shopGoodsSkuType   FROM   shop s   LEFT JOIN shop_goods sg ON s.shop_id = sg.shop_id   LEFT JOIN shop_goods_sku sgs ON sgs.shop_goods_id = sg.shop_goods_id   LEFT JOIN mall_goods_sku mgs ON mgs.mall_goods_sku_id = sgs.mall_goods_sku_id   WHERE   mgs.sku_id IN   (    'aeded5a8365f40f7ad8e719968b11be8'   )       AND sg.shop_goods_type IN (1,2,3)", "analyze": ["-> Nested loop inner join  (cost=131.70 rows=9) (actual time=0.013..0.013 rows=0 loops=1)\n    -> Nested loop inner join  (cost=98.63 rows=94) (actual time=0.012..0.012 rows=0 loops=1)\n        -> Nested loop inner join  (cost=65.56 rows=56) (actual time=0.012..0.012 rows=0 loops=1)\n            -> Table scan on s  (cost=0.35 rows=1) (actual time=0.012..0.012 rows=0 loops=1)\n            -> Filter: (sg.shop_goods_type in (1,2,3))  (cost=52.16 rows=56) (never executed)\n                -> Index lookup on sg using index_shop_id (shop_id=s.shop_id), with index condition: (s.shop_id = sg.shop_id)  (cost=52.16 rows=186) (never executed)\n        -> Index lookup on sgs using index_shop_goods_id (shop_goods_id=sg.shop_goods_id)  (cost=0.43 rows=2) (never executed)\n    -> Filter: ((mgs.sku_id = 'aeded5a8365f40f7ad8e719968b11be8') and (mgs.mall_goods_sku_id = sgs.mall_goods_sku_id))  (cost=0.25 rows=0) (never executed)\n        -> Single-row index lookup on mgs using PRIMARY (mall_goods_sku_id=sgs.mall_goods_sku_id)  (cost=0.25 rows=1) (never executed)\n"]}, {"sql": " SELECT   mgs.sku_id AS skuId,   mgs.sku_name AS skuName,   s.shop_id AS shopId,   s.shop_name AS shopName,   sg.shop_goods_type AS shopGoodsType,   sgs.shop_goods_sku_type AS shopGoodsSkuType   FROM   shop s   LEFT JOIN shop_goods sg ON s.shop_id = sg.shop_id   LEFT JOIN shop_goods_sku sgs ON sgs.shop_goods_id = sg.shop_goods_id   LEFT JOIN mall_goods_sku mgs ON mgs.mall_goods_sku_id = sgs.mall_goods_sku_id   WHERE   mgs.sku_id IN   (    'a01c2341634d4a0fb35712546c7da03b'   ,    '22f2fc4350d0460a84be761d2619c64e'   ,    'a7060644e9b84541843e9513bdcd53f5'   ,    'f04d153ac59741debee4c7d312f66559'   ,    '862e9a4f99cb4c7f8ebb57ffe17e83c4'   ,    'ec09802674f44560b16d2f26a769dcd1'   ,    '88c78ee37d444f0ab9b75419171c92a6'   ,    '5be5be9ee1db44fdbf7c0fedb16bdd80'   ,    'b1486f289ebe439c80556c58d3472c8a'   ,    'bee34ac296394614bd403901179bc568'   ,    '1f3f8ed353a64d2ea2007d7264d07c26'   ,    'fcec51d557d24b429a029422769a8da8'   )       AND sg.shop_goods_type IN (1,2,3)", "analyze": ["-> Nested loop inner join  (cost=131.70 rows=47) (actual time=0.014..0.014 rows=0 loops=1)\n    -> Nested loop inner join  (cost=98.63 rows=94) (actual time=0.014..0.014 rows=0 loops=1)\n        -> Nested loop inner join  (cost=65.56 rows=56) (actual time=0.014..0.014 rows=0 loops=1)\n            -> Table scan on s  (cost=0.35 rows=1) (actual time=0.013..0.013 rows=0 loops=1)\n            -> Filter: (sg.shop_goods_type in (1,2,3))  (cost=52.16 rows=56) (never executed)\n                -> Index lookup on sg using index_shop_id (shop_id=s.shop_id), with index condition: (s.shop_id = sg.shop_id)  (cost=52.16 rows=186) (never executed)\n        -> Index lookup on sgs using index_shop_goods_id (shop_goods_id=sg.shop_goods_id)  (cost=0.43 rows=2) (never executed)\n    -> Filter: ((mgs.sku_id in ('a01c2341634d4a0fb35712546c7da03b','22f2fc4350d0460a84be761d2619c64e','a7060644e9b84541843e9513bdcd53f5','f04d153ac59741debee4c7d312f66559','862e9a4f99cb4c7f8ebb57ffe17e83c4','ec09802674f44560b16d2f26a769dcd1','88c78ee37d444f0ab9b75419171c92a6','5be5be9ee1db44fdbf7c0fedb16bdd80','b1486f289ebe439c80556c58d3472c8a','bee34ac296394614bd403901179bc568','1f3f8ed353a64d2ea2007d7264d07c26','fcec51d557d24b429a029422769a8da8')) and (mgs.mall_goods_sku_id = sgs.mall_goods_sku_id))  (cost=0.25 rows=0) (never executed)\n        -> Single-row index lookup on mgs using PRIMARY (mall_goods_sku_id=sgs.mall_goods_sku_id)  (cost=0.25 rows=1) (never executed)\n"]}, {"sql": " SELECT   mgs.sku_id AS skuId,   mgs.sku_name AS skuName,   s.shop_id AS shopId,   s.shop_name AS shopName,   sg.shop_goods_type AS shopGoodsType,   sgs.shop_goods_sku_type AS shopGoodsSkuType   FROM   shop s   LEFT JOIN shop_goods sg ON s.shop_id = sg.shop_id   LEFT JOIN shop_goods_sku sgs ON sgs.shop_goods_id = sg.shop_goods_id   LEFT JOIN mall_goods_sku mgs ON mgs.mall_goods_sku_id = sgs.mall_goods_sku_id   WHERE   mgs.sku_id IN   (    '0809d6ecce5945eb8af11626b9283736'   ,    'fde55e672ba8475d8cbcaab9c1d7ac73'   ,    '9a68ecb679c6480c900dd3b361f44626'   ,    'f221562b6e8141f6b0f101524a882b25'   ,    '46899ad9ab6244148f613ebca1ec4af9'   ,    '76b554325d114fa097c216edb6a2ec9a'   ,    '075d5a8ee4604345a95c029a7f90d999'   ,    '926acf8fce724b80a7f46d9aa8f45086'   ,    '53f213cc8aff425e83bafd8d559f29ce'   ,    'c0ec4bda6cf145aca7f67efa94682e19'   ,    'f66aca67dc17434a91481c41150a2924'   ,    '1c542d69545c4937a4b26c00032803a4'   ,    '9c9ebc041ba644f68bb39f7deb6e3510'   ,    'd3aaf55b878a42199d5c4368ec36cd13'   ,    '733cd219e22b47beb6d8ab58ce66ab8b'   )       AND sg.shop_goods_type IN (1,2,3)", "analyze": ["-> Nested loop inner join  (cost=131.70 rows=47) (actual time=0.012..0.012 rows=0 loops=1)\n    -> Nested loop inner join  (cost=98.63 rows=94) (actual time=0.012..0.012 rows=0 loops=1)\n        -> Nested loop inner join  (cost=65.56 rows=56) (actual time=0.011..0.011 rows=0 loops=1)\n            -> Table scan on s  (cost=0.35 rows=1) (actual time=0.011..0.011 rows=0 loops=1)\n            -> Filter: (sg.shop_goods_type in (1,2,3))  (cost=52.16 rows=56) (never executed)\n                -> Index lookup on sg using index_shop_id (shop_id=s.shop_id), with index condition: (s.shop_id = sg.shop_id)  (cost=52.16 rows=186) (never executed)\n        -> Index lookup on sgs using index_shop_goods_id (shop_goods_id=sg.shop_goods_id)  (cost=0.43 rows=2) (never executed)\n    -> Filter: ((mgs.sku_id in ('0809d6ecce5945eb8af11626b9283736','fde55e672ba8475d8cbcaab9c1d7ac73','9a68ecb679c6480c900dd3b361f44626','f221562b6e8141f6b0f101524a882b25','46899ad9ab6244148f613ebca1ec4af9','76b554325d114fa097c216edb6a2ec9a','075d5a8ee4604345a95c029a7f90d999','926acf8fce724b80a7f46d9aa8f45086','53f213cc8aff425e83bafd8d559f29ce','c0ec4bda6cf145aca7f67efa94682e19','f66aca67dc17434a91481c41150a2924','1c542d69545c4937a4b26c00032803a4','9c9ebc041ba644f68bb39f7deb6e3510','d3aaf55b878a42199d5c4368ec36cd13','733cd219e22b47beb6d8ab58ce66ab8b')) and (mgs.mall_goods_sku_id = sgs.mall_goods_sku_id))  (cost=0.25 rows=0) (never executed)\n        -> Single-row index lookup on mgs using PRIMARY (mall_goods_sku_id=sgs.mall_goods_sku_id)  (cost=0.25 rows=1) (never executed)\n"]}, {"sql": " SELECT   mgs.sku_id AS skuId,   mgs.sku_name AS skuName,   s.shop_id AS shopId,   s.shop_name AS shopName,   sg.shop_goods_type AS shopGoodsType,   sgs.shop_goods_sku_type AS shopGoodsSkuType   FROM   shop s   LEFT JOIN shop_goods sg ON s.shop_id = sg.shop_id   LEFT JOIN shop_goods_sku sgs ON sgs.shop_goods_id = sg.shop_goods_id   LEFT JOIN mall_goods_sku mgs ON mgs.mall_goods_sku_id = sgs.mall_goods_sku_id   WHERE   mgs.sku_id IN   (    '915d90d6102d425186b30d99d4450797'   ,    '97e71aac890e4660983cb3a8aa581554'   ,    '0bec13d4129342fb96d47226917352a2'   ,    '89f713078a0e4e4e85eecfed697b7d9f'   ,    '68fbbf08ba014357bbe364b86a04c75f'   ,    '51ff53fa8de6469ab455cbbebfdec58b'   ,    '4c24079329e041ec988ae208e12fb8ac'   ,    '14ecbe69fd594998a969fa4e2551cb5f'   ,    'e20667feabf749739cec08539a9cc5e1'   ,    'a537c088d5234a3ea3e28e2f0e077c80'   ,    '4c39cc2d61bc462e8c422a932bd1f5c0'   ,    '2952ee712c114a6c81d5e9cee209d83f'   ,    '937c0d3d8b654d45849eb1d08beeba52'   ,    'bbc8e82c6ee448a4bdab483d8192c919'   ,    'a790ce7c6c684f6c8ce8901071feb6fb'   ,    '54134cde9c41431db46f206a06e8e201'   ,    'a9505f41ba0d481f97dbaad20b3c8857'   ,    '07cec2c5dc564dfaa8ddb10c2df0c8f5'   ,    '551a2d1e99be476484a5985b853a3f84'   ,    '2695d1337fff4c33966ad673821d354d'   ,    '7f9d2f6fd5e849339e7fa8c3531291d4'   ,    'ccb446bd703b45c29442e8a62331004d'   ,    '6037c0fc5f8d456da701a80647dba5a7'   ,    '8b007cdbdef44518a684ddb5e128c12b'   ,    '8c15245087824a2db371db424f440831'   ,    'b3927fb1a3264dd9bbf3ed04272f1bdc'   ,    '5d84c52418394ef389bfb137df878ba2'   ,    '0d5141c58c7343c0ace54d273f482d14'   ,    '65afacb362114e978a1065ec7bd50f23'   ,    'ddb8ebecbbea441b804aebbf7f360d42'   ,    '4359d8e5fc444220a34841eb9c87ada3'   ,    '4fca7bba072742339d4ccc3694f4f6f5'   ,    '8b99f16c128e4623a3921ba361a942fe'   ,    'be4f4e73b5884c51b4bef834bd5a48ab'   ,    '2b9ff04e1c694e2abedb116560c146b6'   ,    '6765c30336db41f095cb7e89f0c87dd1'   ,    '20d56e2d65934d69b7cb2808e7a4379d'   ,    'e765131a873743d29c856cc44d3c0d41'   ,    'ce6b80ffa8d54c33a8743cf17d2af250'   ,    '1cbe0ff3751f44ae8bc888e27f17c2dd'   ,    '442e90feef444e97a05f4591c11b8061'   ,    '088ccb79d08648dbbc6a85878759ad8c'   ,    '66f346eafa944b56a21097280b59eec7'   ,    '2b92108ec7ec4e5e88370c00f2accadd'   ,    'a5fdf86010ad482583e2e67ba8c4e2d2'   ,    'a01570f1fd624d639defb1ccfe014141'   ,    'f3717ae77b8341f2a412625797116b5d'   ,    '01055ac40d7d4409924970a71cfaa08a'   ,    '8d4e5c567de648d48680574ae53a56c1'   ,    '933e8764db444462a7ece06b82fcf29b'   ,    '92331d89103949fc8b6c0889c37f7e15'   ,    'f4b224c2a0b344afb24057b300a67303'   ,    'e7fc39f61b0441a495cbd04e35e4c44e'   ,    'b2224c85a86a47cf9a3547f57c646962'   ,    '6ac2f1f6168a4b2aaad3ef4828b05f4f'   ,    '138797f58f0c44b3a0355366c9cb79cd'   ,    'a6b7c0b4c2bd46598be7ed859afe82e6'   ,    'b1bb450c8366458ba914d1531822b79c'   ,    'cd25834a2a794717a40b6ef175d985ad'   ,    '613675ddbb8e4d42a059e0c2f6a6f0a4'   ,    '2565e95f3f99469795027ead9ff7c56e'   ,    '1f6ef168e7b14a0e98a4e121ed2b7867'   ,    '49596636e34e46d1b5d89c91493a5690'   ,    '29de887874094e9db640d52d7005e7e0'   ,    'a0db2cf21beb4eec96989ca4db356eed'   ,    '969c8dbed8dc44eda273c17867f8ea23'   ,    'dd28e97de9474933bad20847cbd61646'   ,    '4b3f9d93d6f2405a9b78e5aafa820ee1'   ,    'ce4deb60ecd24c3f9ca3c3c34ad72e87'   ,    '7421454c2bae40bbb7178b34e816dcee'   ,    '5fa76ec770504dc986b2440b8db9487b'   ,    '990219050dd74fbcabd89d1a3a085ce1'   ,    '1a2f444a4a4e4ab998a2b35beb08f0f8'   ,    '6764528a0b214bd891e3a29cb3af3db4'   ,    'e1c14818b2904603a7a1c05ee2d27dc3'   ,    '9c699545d7c54880be4039d3a8237af9'   )       AND sg.shop_goods_type IN (1,2,3)", "analyze": ["-> Nested loop inner join  (cost=131.70 rows=47) (actual time=0.012..0.012 rows=0 loops=1)\n    -> Nested loop inner join  (cost=98.63 rows=94) (actual time=0.012..0.012 rows=0 loops=1)\n        -> Nested loop inner join  (cost=65.56 rows=56) (actual time=0.012..0.012 rows=0 loops=1)\n            -> Table scan on s  (cost=0.35 rows=1) (actual time=0.011..0.011 rows=0 loops=1)\n            -> Filter: (sg.shop_goods_type in (1,2,3))  (cost=52.16 rows=56) (never executed)\n                -> Index lookup on sg using index_shop_id (shop_id=s.shop_id), with index condition: (s.shop_id = sg.shop_id)  (cost=52.16 rows=186) (never executed)\n        -> Index lookup on sgs using index_shop_goods_id (shop_goods_id=sg.shop_goods_id)  (cost=0.43 rows=2) (never executed)\n    -> Filter: ((mgs.sku_id in ('915d90d6102d425186b30d99d4450797','97e71aac890e4660983cb3a8aa581554','0bec13d4129342fb96d47226917352a2','89f713078a0e4e4e85eecfed697b7d9f','68fbbf08ba014357bbe364b86a04c75f','51ff53fa8de6469ab455cbbebfdec58b','4c24079329e041ec988ae208e12fb8ac','14ecbe69fd594998a969fa4e2551cb5f','e20667feabf749739cec08539a9cc5e1','a537c088d5234a3ea3e28e2f0e077c80','4c39cc2d61bc462e8c422a932bd1f5c0','2952ee712c114a6c81d5e9cee209d83f','937c0d3d8b654d45849eb1d08beeba52','bbc8e82c6ee448a4bdab483d8192c919','a790ce7c6c684f6c8ce8901071feb6fb','54134cde9c41431db46f206a06e8e201','a9505f41ba0d481f97dbaad20b3c8857','07cec2c5dc564dfaa8ddb10c2df0c8f5','551a2d1e99be476484a5985b853a3f84','2695d1337fff4c33966ad673821d354d','7f9d2f6fd5e849339e7fa8c3531291d4','ccb446bd703b45c29442e8a62331004d','6037c0fc5f8d456da701a80647dba5a7','8b007cdbdef44518a684ddb5e128c12b','8c15245087824a2db371db424f440831','b3927fb1a3264dd9bbf3ed04272f1bdc','5d84c52418394ef389bfb137df878ba2','0d5141c58c7343c0ace54d273f482d14','65afacb362114e978a1065ec7bd50f23','ddb8ebecbbea441b804aebbf7f360d42','4359d8e5fc444220a34841eb9c87ada3','4fca7bba072742339d4ccc3694f4f6f5','8b99f16c128e4623a3921ba361a942fe','be4f4e73b5884c51b4bef834bd5a48ab','2b9ff04e1c694e2abedb116560c146b6','6765c30336db41f095cb7e89f0c87dd1','20d56e2d65934d69b7cb2808e7a4379d','e765131a873743d29c856cc44d3c0d41','ce6b80ffa8d54c33a8743cf17d2af250','1cbe0ff3751f44ae8bc888e27f17c2dd','442e90feef444e97a05f4591c11b8061','088ccb79d08648dbbc6a85878759ad8c','66f346eafa944b56a21097280b59eec7','2b92108ec7ec4e5e88370c00f2accadd','a5fdf86010ad482583e2e67ba8c4e2d2','a01570f1fd624d639defb1ccfe014141','f3717ae77b8341f2a412625797116b5d','01055ac40d7d4409924970a71cfaa08a','8d4e5c567de648d48680574ae53a56c1','933e8764db444462a7ece06b82fcf29b','92331d89103949fc8b6c0889c37f7e15','f4b224c2a0b344afb24057b300a67303','e7fc39f61b0441a495cbd04e35e4c44e','b2224c85a86a47cf9a3547f57c646962','6ac2f1f6168a4b2aaad3ef4828b05f4f','138797f58f0c44b3a0355366c9cb79cd','a6b7c0b4c2bd46598be7ed859afe82e6','b1bb450c8366458ba914d1531822b79c','cd25834a2a794717a40b6ef175d985ad','613675ddbb8e4d42a059e0c2f6a6f0a4','2565e95f3f99469795027ead9ff7c56e','1f6ef168e7b14a0e98a4e121ed2b7867','49596636e34e46d1b5d89c91493a5690','29de887874094e9db640d52d7005e7e0','a0db2cf21beb4eec96989ca4db356eed','969c8dbed8dc44eda273c17867f8ea23','dd28e97de9474933bad20847cbd61646','4b3f9d93d6f2405a9b78e5aafa820ee1','ce4deb60ecd24c3f9ca3c3c34ad72e87','7421454c2bae40bbb7178b34e816dcee','5fa76ec770504dc986b2440b8db9487b','990219050dd74fbcabd89d1a3a085ce1','1a2f444a4a4e4ab998a2b35beb08f0f8','6764528a0b214bd891e3a29cb3af3db4','e1c14818b2904603a7a1c05ee2d27dc3','9c699545d7c54880be4039d3a8237af9')) and (mgs.mall_goods_sku_id = sgs.mall_goods_sku_id))  (cost=0.25 rows=0) (never executed)\n        -> Single-row index lookup on mgs using PRIMARY (mall_goods_sku_id=sgs.mall_goods_sku_id)  (cost=0.25 rows=1) (never executed)\n"]}, {"sql": " SELECT   mgs.sku_id AS skuId,   mgs.sku_name AS skuName,   s.shop_id AS shopId,   s.shop_name AS shopName,   sg.shop_goods_type AS shopGoodsType,   sgs.shop_goods_sku_type AS shopGoodsSkuType   FROM   shop s   LEFT JOIN shop_goods sg ON s.shop_id = sg.shop_id   LEFT JOIN shop_goods_sku sgs ON sgs.shop_goods_id = sg.shop_goods_id   LEFT JOIN mall_goods_sku mgs ON mgs.mall_goods_sku_id = sgs.mall_goods_sku_id   WHERE   mgs.sku_id IN   (    '13915c5dd6914c91a5e3b3193704ee2d'   ,    'f53210783074416580636c1441ddafbc'   ,    'c57464e266d64aa89756deaab715befd'   ,    '51f1418c12f34aac9ef03a4039cdf902'   ,    '97e67a9305ba449285af19f55ca2b71f'   ,    '9fcd6909b5e247f5a1017a0bd74d542f'   ,    '251aef084bff435c8fb7afe60808caa0'   ,    '4ddf28d0da7340cbb0d63d80455aaf4e'   ,    '5e642338dcda42dd80f4b4a7f444deff'   ,    'a4326c79d6e342cc8674de3933c2977d'   ,    '9a91852b1c034ffb9b5510635cefc540'   ,    'd47e0d3628474844b7e46b5cf12a3020'   ,    'a894749bfe044bc2ace054fdb2f16176'   ,    '17cd05027dcb45989ef751c7449cd3ea'   ,    'be46dda1726a40bcaf6aadabb99920e9'   ,    '7e57b4d241944d0c8e5c28071329e7d1'   ,    'e50151e7c1ac419d8f7224c7e54ffb54'   ,    '436ee9abb6bd4b5eafbee097d180e751'   ,    '2f33d47ee6654e3784ae8394ba2e60f6'   ,    '02e8e7d3543d45bba6e87db698e0eb46'   ,    '61834aab72c04d13894eb66328835b18'   ,    'fd84c0f0befa4b75b56343ce41e559f0'   ,    '807c06e7bbb04f4f80380d02e7749bb6'   ,    '41a595bc14714840ad7933cd1d8466ed'   ,    '08b8a20687784c08862e4842d282d8ac'   ,    '27a67a6aebf243949d1cd24ce08e006a'   ,    '440ce624b7094e3d99f0be89eb2eb4f2'   ,    '7e86b3d467c14100958c50246f0a29d2'   ,    '21789ef0fc664f519bc8e2689d19aad7'   ,    '33cfad8961bf48df975e69b9e641cdda'   ,    '0cdd9ee42a2a488c81e004bbded65352'   ,    '6c2bac09260142b09a4060eaa4f3c9d3'   ,    '097f39f8f3744031880def433c568002'   ,    'd8ddc69a24c541c1bd4ce4795b180354'   ,    'a76fb94621ab41d4b701360d5376bfb3'   ,    '0771dda152bc474b83c57b0da848c899'   )       AND sg.shop_goods_type IN (1,2,3)", "analyze": ["-> Nested loop inner join  (cost=131.70 rows=47) (actual time=0.012..0.012 rows=0 loops=1)\n    -> Nested loop inner join  (cost=98.63 rows=94) (actual time=0.012..0.012 rows=0 loops=1)\n        -> Nested loop inner join  (cost=65.56 rows=56) (actual time=0.012..0.012 rows=0 loops=1)\n            -> Table scan on s  (cost=0.35 rows=1) (actual time=0.011..0.011 rows=0 loops=1)\n            -> Filter: (sg.shop_goods_type in (1,2,3))  (cost=52.16 rows=56) (never executed)\n                -> Index lookup on sg using index_shop_id (shop_id=s.shop_id), with index condition: (s.shop_id = sg.shop_id)  (cost=52.16 rows=186) (never executed)\n        -> Index lookup on sgs using index_shop_goods_id (shop_goods_id=sg.shop_goods_id)  (cost=0.43 rows=2) (never executed)\n    -> Filter: ((mgs.sku_id in ('13915c5dd6914c91a5e3b3193704ee2d','f53210783074416580636c1441ddafbc','c57464e266d64aa89756deaab715befd','51f1418c12f34aac9ef03a4039cdf902','97e67a9305ba449285af19f55ca2b71f','9fcd6909b5e247f5a1017a0bd74d542f','251aef084bff435c8fb7afe60808caa0','4ddf28d0da7340cbb0d63d80455aaf4e','5e642338dcda42dd80f4b4a7f444deff','a4326c79d6e342cc8674de3933c2977d','9a91852b1c034ffb9b5510635cefc540','d47e0d3628474844b7e46b5cf12a3020','a894749bfe044bc2ace054fdb2f16176','17cd05027dcb45989ef751c7449cd3ea','be46dda1726a40bcaf6aadabb99920e9','7e57b4d241944d0c8e5c28071329e7d1','e50151e7c1ac419d8f7224c7e54ffb54','436ee9abb6bd4b5eafbee097d180e751','2f33d47ee6654e3784ae8394ba2e60f6','02e8e7d3543d45bba6e87db698e0eb46','61834aab72c04d13894eb66328835b18','fd84c0f0befa4b75b56343ce41e559f0','807c06e7bbb04f4f80380d02e7749bb6','41a595bc14714840ad7933cd1d8466ed','08b8a20687784c08862e4842d282d8ac','27a67a6aebf243949d1cd24ce08e006a','440ce624b7094e3d99f0be89eb2eb4f2','7e86b3d467c14100958c50246f0a29d2','21789ef0fc664f519bc8e2689d19aad7','33cfad8961bf48df975e69b9e641cdda','0cdd9ee42a2a488c81e004bbded65352','6c2bac09260142b09a4060eaa4f3c9d3','097f39f8f3744031880def433c568002','d8ddc69a24c541c1bd4ce4795b180354','a76fb94621ab41d4b701360d5376bfb3','0771dda152bc474b83c57b0da848c899')) and (mgs.mall_goods_sku_id = sgs.mall_goods_sku_id))  (cost=0.25 rows=0) (never executed)\n        -> Single-row index lookup on mgs using PRIMARY (mall_goods_sku_id=sgs.mall_goods_sku_id)  (cost=0.25 rows=1) (never executed)\n"]}, {"sql": " SELECT   mgs.sku_id AS skuId,   mgs.sku_name AS skuName,   s.shop_id AS shopId,   s.shop_name AS shopName,   sg.shop_goods_type AS shopGoodsType,   sgs.shop_goods_sku_type AS shopGoodsSkuType   FROM   shop s   LEFT JOIN shop_goods sg ON s.shop_id = sg.shop_id   LEFT JOIN shop_goods_sku sgs ON sgs.shop_goods_id = sg.shop_goods_id   LEFT JOIN mall_goods_sku mgs ON mgs.mall_goods_sku_id = sgs.mall_goods_sku_id   WHERE   mgs.sku_id IN   (    '13915c5dd6914c91a5e3b3193704ee2d'   ,    'f53210783074416580636c1441ddafbc'   ,    'c57464e266d64aa89756deaab715befd'   ,    '51f1418c12f34aac9ef03a4039cdf902'   ,    '97e67a9305ba449285af19f55ca2b71f'   ,    '9fcd6909b5e247f5a1017a0bd74d542f'   ,    '251aef084bff435c8fb7afe60808caa0'   ,    '4ddf28d0da7340cbb0d63d80455aaf4e'   ,    '5e642338dcda42dd80f4b4a7f444deff'   ,    'a4326c79d6e342cc8674de3933c2977d'   ,    '9a91852b1c034ffb9b5510635cefc540'   ,    'd47e0d3628474844b7e46b5cf12a3020'   ,    'a894749bfe044bc2ace054fdb2f16176'   ,    '17cd05027dcb45989ef751c7449cd3ea'   ,    'be46dda1726a40bcaf6aadabb99920e9'   ,    '7e57b4d241944d0c8e5c28071329e7d1'   ,    'e50151e7c1ac419d8f7224c7e54ffb54'   ,    '436ee9abb6bd4b5eafbee097d180e751'   ,    '2f33d47ee6654e3784ae8394ba2e60f6'   ,    '02e8e7d3543d45bba6e87db698e0eb46'   ,    '61834aab72c04d13894eb66328835b18'   ,    'fd84c0f0befa4b75b56343ce41e559f0'   ,    '807c06e7bbb04f4f80380d02e7749bb6'   ,    '41a595bc14714840ad7933cd1d8466ed'   ,    '08b8a20687784c08862e4842d282d8ac'   ,    '27a67a6aebf243949d1cd24ce08e006a'   ,    '440ce624b7094e3d99f0be89eb2eb4f2'   ,    '7e86b3d467c14100958c50246f0a29d2'   ,    '21789ef0fc664f519bc8e2689d19aad7'   ,    '33cfad8961bf48df975e69b9e641cdda'   ,    '0cdd9ee42a2a488c81e004bbded65352'   ,    '6c2bac09260142b09a4060eaa4f3c9d3'   ,    '097f39f8f3744031880def433c568002'   ,    'd8ddc69a24c541c1bd4ce4795b180354'   ,    'a76fb94621ab41d4b701360d5376bfb3'   ,    '0771dda152bc474b83c57b0da848c899'   )       AND sg.shop_goods_type IN (1,2,3)", "analyze": ["-> Nested loop inner join  (cost=131.70 rows=47) (actual time=0.012..0.012 rows=0 loops=1)\n    -> Nested loop inner join  (cost=98.63 rows=94) (actual time=0.012..0.012 rows=0 loops=1)\n        -> Nested loop inner join  (cost=65.56 rows=56) (actual time=0.011..0.011 rows=0 loops=1)\n            -> Table scan on s  (cost=0.35 rows=1) (actual time=0.011..0.011 rows=0 loops=1)\n            -> Filter: (sg.shop_goods_type in (1,2,3))  (cost=52.16 rows=56) (never executed)\n                -> Index lookup on sg using index_shop_id (shop_id=s.shop_id), with index condition: (s.shop_id = sg.shop_id)  (cost=52.16 rows=186) (never executed)\n        -> Index lookup on sgs using index_shop_goods_id (shop_goods_id=sg.shop_goods_id)  (cost=0.43 rows=2) (never executed)\n    -> Filter: ((mgs.sku_id in ('13915c5dd6914c91a5e3b3193704ee2d','f53210783074416580636c1441ddafbc','c57464e266d64aa89756deaab715befd','51f1418c12f34aac9ef03a4039cdf902','97e67a9305ba449285af19f55ca2b71f','9fcd6909b5e247f5a1017a0bd74d542f','251aef084bff435c8fb7afe60808caa0','4ddf28d0da7340cbb0d63d80455aaf4e','5e642338dcda42dd80f4b4a7f444deff','a4326c79d6e342cc8674de3933c2977d','9a91852b1c034ffb9b5510635cefc540','d47e0d3628474844b7e46b5cf12a3020','a894749bfe044bc2ace054fdb2f16176','17cd05027dcb45989ef751c7449cd3ea','be46dda1726a40bcaf6aadabb99920e9','7e57b4d241944d0c8e5c28071329e7d1','e50151e7c1ac419d8f7224c7e54ffb54','436ee9abb6bd4b5eafbee097d180e751','2f33d47ee6654e3784ae8394ba2e60f6','02e8e7d3543d45bba6e87db698e0eb46','61834aab72c04d13894eb66328835b18','fd84c0f0befa4b75b56343ce41e559f0','807c06e7bbb04f4f80380d02e7749bb6','41a595bc14714840ad7933cd1d8466ed','08b8a20687784c08862e4842d282d8ac','27a67a6aebf243949d1cd24ce08e006a','440ce624b7094e3d99f0be89eb2eb4f2','7e86b3d467c14100958c50246f0a29d2','21789ef0fc664f519bc8e2689d19aad7','33cfad8961bf48df975e69b9e641cdda','0cdd9ee42a2a488c81e004bbded65352','6c2bac09260142b09a4060eaa4f3c9d3','097f39f8f3744031880def433c568002','d8ddc69a24c541c1bd4ce4795b180354','a76fb94621ab41d4b701360d5376bfb3','0771dda152bc474b83c57b0da848c899')) and (mgs.mall_goods_sku_id = sgs.mall_goods_sku_id))  (cost=0.25 rows=0) (never executed)\n        -> Single-row index lookup on mgs using PRIMARY (mall_goods_sku_id=sgs.mall_goods_sku_id)  (cost=0.25 rows=1) (never executed)\n"]}, {"sql": " SELECT   mgs.sku_id AS skuId,   mgs.sku_name AS skuName,   s.shop_id AS shopId,   s.shop_name AS shopName,   sg.shop_goods_type AS shopGoodsType,   sgs.shop_goods_sku_type AS shopGoodsSkuType   FROM   shop s   LEFT JOIN shop_goods sg ON s.shop_id = sg.shop_id   LEFT JOIN shop_goods_sku sgs ON sgs.shop_goods_id = sg.shop_goods_id   LEFT JOIN mall_goods_sku mgs ON mgs.mall_goods_sku_id = sgs.mall_goods_sku_id   WHERE   mgs.sku_id IN   (    '336f4e1e0e734b43b9205b76457091f5'   )       AND sg.shop_goods_type IN (1,2,3)", "analyze": ["-> Nested loop inner join  (cost=131.70 rows=9) (actual time=0.014..0.014 rows=0 loops=1)\n    -> Nested loop inner join  (cost=98.63 rows=94) (actual time=0.014..0.014 rows=0 loops=1)\n        -> Nested loop inner join  (cost=65.56 rows=56) (actual time=0.014..0.014 rows=0 loops=1)\n            -> Table scan on s  (cost=0.35 rows=1) (actual time=0.013..0.013 rows=0 loops=1)\n            -> Filter: (sg.shop_goods_type in (1,2,3))  (cost=52.16 rows=56) (never executed)\n                -> Index lookup on sg using index_shop_id (shop_id=s.shop_id), with index condition: (s.shop_id = sg.shop_id)  (cost=52.16 rows=186) (never executed)\n        -> Index lookup on sgs using index_shop_goods_id (shop_goods_id=sg.shop_goods_id)  (cost=0.43 rows=2) (never executed)\n    -> Filter: ((mgs.sku_id = '336f4e1e0e734b43b9205b76457091f5') and (mgs.mall_goods_sku_id = sgs.mall_goods_sku_id))  (cost=0.25 rows=0) (never executed)\n        -> Single-row index lookup on mgs using PRIMARY (mall_goods_sku_id=sgs.mall_goods_sku_id)  (cost=0.25 rows=1) (never executed)\n"]}, {"sql": " SELECT   mgs.sku_id AS skuId,   mgs.sku_name AS skuName,   s.shop_id AS shopId,   s.shop_name AS shopName,   sg.shop_goods_type AS shopGoodsType,   sgs.shop_goods_sku_type AS shopGoodsSkuType   FROM   shop s   LEFT JOIN shop_goods sg ON s.shop_id = sg.shop_id   LEFT JOIN shop_goods_sku sgs ON sgs.shop_goods_id = sg.shop_goods_id   LEFT JOIN mall_goods_sku mgs ON mgs.mall_goods_sku_id = sgs.mall_goods_sku_id   WHERE   mgs.sku_id IN   (    '915d90d6102d425186b30d99d4450797'   ,    '97e71aac890e4660983cb3a8aa581554'   ,    '0bec13d4129342fb96d47226917352a2'   ,    '89f713078a0e4e4e85eecfed697b7d9f'   ,    '68fbbf08ba014357bbe364b86a04c75f'   ,    '51ff53fa8de6469ab455cbbebfdec58b'   ,    '4c24079329e041ec988ae208e12fb8ac'   ,    '14ecbe69fd594998a969fa4e2551cb5f'   ,    'e20667feabf749739cec08539a9cc5e1'   ,    'a537c088d5234a3ea3e28e2f0e077c80'   ,    '4c39cc2d61bc462e8c422a932bd1f5c0'   ,    '2952ee712c114a6c81d5e9cee209d83f'   ,    '937c0d3d8b654d45849eb1d08beeba52'   ,    'bbc8e82c6ee448a4bdab483d8192c919'   ,    'a790ce7c6c684f6c8ce8901071feb6fb'   ,    '54134cde9c41431db46f206a06e8e201'   ,    'a9505f41ba0d481f97dbaad20b3c8857'   ,    '07cec2c5dc564dfaa8ddb10c2df0c8f5'   ,    '551a2d1e99be476484a5985b853a3f84'   ,    '2695d1337fff4c33966ad673821d354d'   ,    '7f9d2f6fd5e849339e7fa8c3531291d4'   ,    'ccb446bd703b45c29442e8a62331004d'   ,    '6037c0fc5f8d456da701a80647dba5a7'   ,    '8b007cdbdef44518a684ddb5e128c12b'   ,    '8c15245087824a2db371db424f440831'   ,    'b3927fb1a3264dd9bbf3ed04272f1bdc'   ,    '5d84c52418394ef389bfb137df878ba2'   ,    '0d5141c58c7343c0ace54d273f482d14'   ,    '65afacb362114e978a1065ec7bd50f23'   ,    'ddb8ebecbbea441b804aebbf7f360d42'   ,    '4359d8e5fc444220a34841eb9c87ada3'   ,    '4fca7bba072742339d4ccc3694f4f6f5'   ,    '8b99f16c128e4623a3921ba361a942fe'   ,    'be4f4e73b5884c51b4bef834bd5a48ab'   ,    '2b9ff04e1c694e2abedb116560c146b6'   ,    '6765c30336db41f095cb7e89f0c87dd1'   ,    '20d56e2d65934d69b7cb2808e7a4379d'   ,    'e765131a873743d29c856cc44d3c0d41'   ,    'ce6b80ffa8d54c33a8743cf17d2af250'   ,    '1cbe0ff3751f44ae8bc888e27f17c2dd'   ,    '442e90feef444e97a05f4591c11b8061'   ,    '088ccb79d08648dbbc6a85878759ad8c'   ,    '66f346eafa944b56a21097280b59eec7'   ,    '2b92108ec7ec4e5e88370c00f2accadd'   ,    'a5fdf86010ad482583e2e67ba8c4e2d2'   ,    'a01570f1fd624d639defb1ccfe014141'   ,    'f3717ae77b8341f2a412625797116b5d'   ,    '01055ac40d7d4409924970a71cfaa08a'   ,    '8d4e5c567de648d48680574ae53a56c1'   ,    '933e8764db444462a7ece06b82fcf29b'   ,    '92331d89103949fc8b6c0889c37f7e15'   ,    'f4b224c2a0b344afb24057b300a67303'   ,    'e7fc39f61b0441a495cbd04e35e4c44e'   ,    'b2224c85a86a47cf9a3547f57c646962'   ,    '6ac2f1f6168a4b2aaad3ef4828b05f4f'   ,    '138797f58f0c44b3a0355366c9cb79cd'   ,    'a6b7c0b4c2bd46598be7ed859afe82e6'   ,    'b1bb450c8366458ba914d1531822b79c'   ,    'cd25834a2a794717a40b6ef175d985ad'   ,    '613675ddbb8e4d42a059e0c2f6a6f0a4'   ,    '2565e95f3f99469795027ead9ff7c56e'   ,    '1f6ef168e7b14a0e98a4e121ed2b7867'   ,    '49596636e34e46d1b5d89c91493a5690'   ,    '29de887874094e9db640d52d7005e7e0'   ,    'a0db2cf21beb4eec96989ca4db356eed'   ,    '969c8dbed8dc44eda273c17867f8ea23'   ,    'dd28e97de9474933bad20847cbd61646'   ,    '4b3f9d93d6f2405a9b78e5aafa820ee1'   ,    'ce4deb60ecd24c3f9ca3c3c34ad72e87'   ,    '7421454c2bae40bbb7178b34e816dcee'   ,    '5fa76ec770504dc986b2440b8db9487b'   ,    '990219050dd74fbcabd89d1a3a085ce1'   ,    '1a2f444a4a4e4ab998a2b35beb08f0f8'   ,    '6764528a0b214bd891e3a29cb3af3db4'   ,    'e1c14818b2904603a7a1c05ee2d27dc3'   ,    '9c699545d7c54880be4039d3a8237af9'   )       AND sg.shop_goods_type IN (1,2,3)", "analyze": ["-> Nested loop inner join  (cost=131.70 rows=47) (actual time=0.013..0.013 rows=0 loops=1)\n    -> Nested loop inner join  (cost=98.63 rows=94) (actual time=0.012..0.012 rows=0 loops=1)\n        -> Nested loop inner join  (cost=65.56 rows=56) (actual time=0.012..0.012 rows=0 loops=1)\n            -> Table scan on s  (cost=0.35 rows=1) (actual time=0.012..0.012 rows=0 loops=1)\n            -> Filter: (sg.shop_goods_type in (1,2,3))  (cost=52.16 rows=56) (never executed)\n                -> Index lookup on sg using index_shop_id (shop_id=s.shop_id), with index condition: (s.shop_id = sg.shop_id)  (cost=52.16 rows=186) (never executed)\n        -> Index lookup on sgs using index_shop_goods_id (shop_goods_id=sg.shop_goods_id)  (cost=0.43 rows=2) (never executed)\n    -> Filter: ((mgs.sku_id in ('915d90d6102d425186b30d99d4450797','97e71aac890e4660983cb3a8aa581554','0bec13d4129342fb96d47226917352a2','89f713078a0e4e4e85eecfed697b7d9f','68fbbf08ba014357bbe364b86a04c75f','51ff53fa8de6469ab455cbbebfdec58b','4c24079329e041ec988ae208e12fb8ac','14ecbe69fd594998a969fa4e2551cb5f','e20667feabf749739cec08539a9cc5e1','a537c088d5234a3ea3e28e2f0e077c80','4c39cc2d61bc462e8c422a932bd1f5c0','2952ee712c114a6c81d5e9cee209d83f','937c0d3d8b654d45849eb1d08beeba52','bbc8e82c6ee448a4bdab483d8192c919','a790ce7c6c684f6c8ce8901071feb6fb','54134cde9c41431db46f206a06e8e201','a9505f41ba0d481f97dbaad20b3c8857','07cec2c5dc564dfaa8ddb10c2df0c8f5','551a2d1e99be476484a5985b853a3f84','2695d1337fff4c33966ad673821d354d','7f9d2f6fd5e849339e7fa8c3531291d4','ccb446bd703b45c29442e8a62331004d','6037c0fc5f8d456da701a80647dba5a7','8b007cdbdef44518a684ddb5e128c12b','8c15245087824a2db371db424f440831','b3927fb1a3264dd9bbf3ed04272f1bdc','5d84c52418394ef389bfb137df878ba2','0d5141c58c7343c0ace54d273f482d14','65afacb362114e978a1065ec7bd50f23','ddb8ebecbbea441b804aebbf7f360d42','4359d8e5fc444220a34841eb9c87ada3','4fca7bba072742339d4ccc3694f4f6f5','8b99f16c128e4623a3921ba361a942fe','be4f4e73b5884c51b4bef834bd5a48ab','2b9ff04e1c694e2abedb116560c146b6','6765c30336db41f095cb7e89f0c87dd1','20d56e2d65934d69b7cb2808e7a4379d','e765131a873743d29c856cc44d3c0d41','ce6b80ffa8d54c33a8743cf17d2af250','1cbe0ff3751f44ae8bc888e27f17c2dd','442e90feef444e97a05f4591c11b8061','088ccb79d08648dbbc6a85878759ad8c','66f346eafa944b56a21097280b59eec7','2b92108ec7ec4e5e88370c00f2accadd','a5fdf86010ad482583e2e67ba8c4e2d2','a01570f1fd624d639defb1ccfe014141','f3717ae77b8341f2a412625797116b5d','01055ac40d7d4409924970a71cfaa08a','8d4e5c567de648d48680574ae53a56c1','933e8764db444462a7ece06b82fcf29b','92331d89103949fc8b6c0889c37f7e15','f4b224c2a0b344afb24057b300a67303','e7fc39f61b0441a495cbd04e35e4c44e','b2224c85a86a47cf9a3547f57c646962','6ac2f1f6168a4b2aaad3ef4828b05f4f','138797f58f0c44b3a0355366c9cb79cd','a6b7c0b4c2bd46598be7ed859afe82e6','b1bb450c8366458ba914d1531822b79c','cd25834a2a794717a40b6ef175d985ad','613675ddbb8e4d42a059e0c2f6a6f0a4','2565e95f3f99469795027ead9ff7c56e','1f6ef168e7b14a0e98a4e121ed2b7867','49596636e34e46d1b5d89c91493a5690','29de887874094e9db640d52d7005e7e0','a0db2cf21beb4eec96989ca4db356eed','969c8dbed8dc44eda273c17867f8ea23','dd28e97de9474933bad20847cbd61646','4b3f9d93d6f2405a9b78e5aafa820ee1','ce4deb60ecd24c3f9ca3c3c34ad72e87','7421454c2bae40bbb7178b34e816dcee','5fa76ec770504dc986b2440b8db9487b','990219050dd74fbcabd89d1a3a085ce1','1a2f444a4a4e4ab998a2b35beb08f0f8','6764528a0b214bd891e3a29cb3af3db4','e1c14818b2904603a7a1c05ee2d27dc3','9c699545d7c54880be4039d3a8237af9')) and (mgs.mall_goods_sku_id = sgs.mall_goods_sku_id))  (cost=0.25 rows=0) (never executed)\n        -> Single-row index lookup on mgs using PRIMARY (mall_goods_sku_id=sgs.mall_goods_sku_id)  (cost=0.25 rows=1) (never executed)\n"]}, {"sql": " SELECT   mgs.sku_id AS skuId,   mgs.sku_name AS skuName,   s.shop_id AS shopId,   s.shop_name AS shopName,   sg.shop_goods_type AS shopGoodsType,   sgs.shop_goods_sku_type AS shopGoodsSkuType   FROM   shop s   LEFT JOIN shop_goods sg ON s.shop_id = sg.shop_id   LEFT JOIN shop_goods_sku sgs ON sgs.shop_goods_id = sg.shop_goods_id   LEFT JOIN mall_goods_sku mgs ON mgs.mall_goods_sku_id = sgs.mall_goods_sku_id   WHERE   mgs.sku_id IN   (    '336f4e1e0e734b43b9205b76457091f5'   )       AND sg.shop_goods_type IN (1,2,3)", "analyze": ["-> Nested loop inner join  (cost=131.70 rows=9) (actual time=0.014..0.014 rows=0 loops=1)\n    -> Nested loop inner join  (cost=98.63 rows=94) (actual time=0.014..0.014 rows=0 loops=1)\n        -> Nested loop inner join  (cost=65.56 rows=56) (actual time=0.014..0.014 rows=0 loops=1)\n            -> Table scan on s  (cost=0.35 rows=1) (actual time=0.013..0.013 rows=0 loops=1)\n            -> Filter: (sg.shop_goods_type in (1,2,3))  (cost=52.16 rows=56) (never executed)\n                -> Index lookup on sg using index_shop_id (shop_id=s.shop_id), with index condition: (s.shop_id = sg.shop_id)  (cost=52.16 rows=186) (never executed)\n        -> Index lookup on sgs using index_shop_goods_id (shop_goods_id=sg.shop_goods_id)  (cost=0.43 rows=2) (never executed)\n    -> Filter: ((mgs.sku_id = '336f4e1e0e734b43b9205b76457091f5') and (mgs.mall_goods_sku_id = sgs.mall_goods_sku_id))  (cost=0.25 rows=0) (never executed)\n        -> Single-row index lookup on mgs using PRIMARY (mall_goods_sku_id=sgs.mall_goods_sku_id)  (cost=0.25 rows=1) (never executed)\n"]}, {"sql": " SELECT   mgs.sku_id AS skuId,   mgs.sku_name AS skuName,   s.shop_id AS shopId,   s.shop_name AS shopName,   sg.shop_goods_type AS shopGoodsType,   sgs.shop_goods_sku_type AS shopGoodsSkuType   FROM   shop s   LEFT JOIN shop_goods sg ON s.shop_id = sg.shop_id   LEFT JOIN shop_goods_sku sgs ON sgs.shop_goods_id = sg.shop_goods_id   LEFT JOIN mall_goods_sku mgs ON mgs.mall_goods_sku_id = sgs.mall_goods_sku_id   WHERE   mgs.sku_id IN   (    '915d90d6102d425186b30d99d4450797'   ,    '97e71aac890e4660983cb3a8aa581554'   ,    '0bec13d4129342fb96d47226917352a2'   ,    '89f713078a0e4e4e85eecfed697b7d9f'   ,    '68fbbf08ba014357bbe364b86a04c75f'   ,    '51ff53fa8de6469ab455cbbebfdec58b'   ,    '4c24079329e041ec988ae208e12fb8ac'   ,    '14ecbe69fd594998a969fa4e2551cb5f'   ,    'e20667feabf749739cec08539a9cc5e1'   ,    'a537c088d5234a3ea3e28e2f0e077c80'   ,    '4c39cc2d61bc462e8c422a932bd1f5c0'   ,    '2952ee712c114a6c81d5e9cee209d83f'   ,    '937c0d3d8b654d45849eb1d08beeba52'   ,    'bbc8e82c6ee448a4bdab483d8192c919'   ,    'a790ce7c6c684f6c8ce8901071feb6fb'   ,    '54134cde9c41431db46f206a06e8e201'   ,    'a9505f41ba0d481f97dbaad20b3c8857'   ,    '07cec2c5dc564dfaa8ddb10c2df0c8f5'   ,    '551a2d1e99be476484a5985b853a3f84'   ,    '2695d1337fff4c33966ad673821d354d'   ,    '7f9d2f6fd5e849339e7fa8c3531291d4'   ,    'ccb446bd703b45c29442e8a62331004d'   ,    '6037c0fc5f8d456da701a80647dba5a7'   ,    '8b007cdbdef44518a684ddb5e128c12b'   ,    '8c15245087824a2db371db424f440831'   ,    'b3927fb1a3264dd9bbf3ed04272f1bdc'   ,    '5d84c52418394ef389bfb137df878ba2'   ,    '0d5141c58c7343c0ace54d273f482d14'   ,    '65afacb362114e978a1065ec7bd50f23'   ,    'ddb8ebecbbea441b804aebbf7f360d42'   ,    '4359d8e5fc444220a34841eb9c87ada3'   ,    '4fca7bba072742339d4ccc3694f4f6f5'   ,    '8b99f16c128e4623a3921ba361a942fe'   ,    'be4f4e73b5884c51b4bef834bd5a48ab'   ,    '2b9ff04e1c694e2abedb116560c146b6'   ,    '6765c30336db41f095cb7e89f0c87dd1'   ,    '20d56e2d65934d69b7cb2808e7a4379d'   ,    'e765131a873743d29c856cc44d3c0d41'   ,    'ce6b80ffa8d54c33a8743cf17d2af250'   ,    '1cbe0ff3751f44ae8bc888e27f17c2dd'   ,    '442e90feef444e97a05f4591c11b8061'   ,    '088ccb79d08648dbbc6a85878759ad8c'   ,    '66f346eafa944b56a21097280b59eec7'   ,    '2b92108ec7ec4e5e88370c00f2accadd'   ,    'a5fdf86010ad482583e2e67ba8c4e2d2'   ,    'a01570f1fd624d639defb1ccfe014141'   ,    'f3717ae77b8341f2a412625797116b5d'   ,    '01055ac40d7d4409924970a71cfaa08a'   ,    '8d4e5c567de648d48680574ae53a56c1'   ,    '933e8764db444462a7ece06b82fcf29b'   ,    '92331d89103949fc8b6c0889c37f7e15'   ,    'f4b224c2a0b344afb24057b300a67303'   ,    'e7fc39f61b0441a495cbd04e35e4c44e'   ,    'b2224c85a86a47cf9a3547f57c646962'   ,    '6ac2f1f6168a4b2aaad3ef4828b05f4f'   ,    '138797f58f0c44b3a0355366c9cb79cd'   ,    'a6b7c0b4c2bd46598be7ed859afe82e6'   ,    'b1bb450c8366458ba914d1531822b79c'   ,    'cd25834a2a794717a40b6ef175d985ad'   ,    '613675ddbb8e4d42a059e0c2f6a6f0a4'   ,    '2565e95f3f99469795027ead9ff7c56e'   ,    '1f6ef168e7b14a0e98a4e121ed2b7867'   ,    '49596636e34e46d1b5d89c91493a5690'   ,    '29de887874094e9db640d52d7005e7e0'   ,    'a0db2cf21beb4eec96989ca4db356eed'   ,    '969c8dbed8dc44eda273c17867f8ea23'   ,    'dd28e97de9474933bad20847cbd61646'   ,    '4b3f9d93d6f2405a9b78e5aafa820ee1'   ,    'ce4deb60ecd24c3f9ca3c3c34ad72e87'   ,    '7421454c2bae40bbb7178b34e816dcee'   ,    '5fa76ec770504dc986b2440b8db9487b'   ,    '990219050dd74fbcabd89d1a3a085ce1'   ,    '1a2f444a4a4e4ab998a2b35beb08f0f8'   ,    '6764528a0b214bd891e3a29cb3af3db4'   ,    'e1c14818b2904603a7a1c05ee2d27dc3'   ,    '9c699545d7c54880be4039d3a8237af9'   )       AND sg.shop_goods_type IN (1,2,3)", "analyze": ["-> Nested loop inner join  (cost=131.70 rows=47) (actual time=0.012..0.012 rows=0 loops=1)\n    -> Nested loop inner join  (cost=98.63 rows=94) (actual time=0.012..0.012 rows=0 loops=1)\n        -> Nested loop inner join  (cost=65.56 rows=56) (actual time=0.012..0.012 rows=0 loops=1)\n            -> Table scan on s  (cost=0.35 rows=1) (actual time=0.011..0.011 rows=0 loops=1)\n            -> Filter: (sg.shop_goods_type in (1,2,3))  (cost=52.16 rows=56) (never executed)\n                -> Index lookup on sg using index_shop_id (shop_id=s.shop_id), with index condition: (s.shop_id = sg.shop_id)  (cost=52.16 rows=186) (never executed)\n        -> Index lookup on sgs using index_shop_goods_id (shop_goods_id=sg.shop_goods_id)  (cost=0.43 rows=2) (never executed)\n    -> Filter: ((mgs.sku_id in ('915d90d6102d425186b30d99d4450797','97e71aac890e4660983cb3a8aa581554','0bec13d4129342fb96d47226917352a2','89f713078a0e4e4e85eecfed697b7d9f','68fbbf08ba014357bbe364b86a04c75f','51ff53fa8de6469ab455cbbebfdec58b','4c24079329e041ec988ae208e12fb8ac','14ecbe69fd594998a969fa4e2551cb5f','e20667feabf749739cec08539a9cc5e1','a537c088d5234a3ea3e28e2f0e077c80','4c39cc2d61bc462e8c422a932bd1f5c0','2952ee712c114a6c81d5e9cee209d83f','937c0d3d8b654d45849eb1d08beeba52','bbc8e82c6ee448a4bdab483d8192c919','a790ce7c6c684f6c8ce8901071feb6fb','54134cde9c41431db46f206a06e8e201','a9505f41ba0d481f97dbaad20b3c8857','07cec2c5dc564dfaa8ddb10c2df0c8f5','551a2d1e99be476484a5985b853a3f84','2695d1337fff4c33966ad673821d354d','7f9d2f6fd5e849339e7fa8c3531291d4','ccb446bd703b45c29442e8a62331004d','6037c0fc5f8d456da701a80647dba5a7','8b007cdbdef44518a684ddb5e128c12b','8c15245087824a2db371db424f440831','b3927fb1a3264dd9bbf3ed04272f1bdc','5d84c52418394ef389bfb137df878ba2','0d5141c58c7343c0ace54d273f482d14','65afacb362114e978a1065ec7bd50f23','ddb8ebecbbea441b804aebbf7f360d42','4359d8e5fc444220a34841eb9c87ada3','4fca7bba072742339d4ccc3694f4f6f5','8b99f16c128e4623a3921ba361a942fe','be4f4e73b5884c51b4bef834bd5a48ab','2b9ff04e1c694e2abedb116560c146b6','6765c30336db41f095cb7e89f0c87dd1','20d56e2d65934d69b7cb2808e7a4379d','e765131a873743d29c856cc44d3c0d41','ce6b80ffa8d54c33a8743cf17d2af250','1cbe0ff3751f44ae8bc888e27f17c2dd','442e90feef444e97a05f4591c11b8061','088ccb79d08648dbbc6a85878759ad8c','66f346eafa944b56a21097280b59eec7','2b92108ec7ec4e5e88370c00f2accadd','a5fdf86010ad482583e2e67ba8c4e2d2','a01570f1fd624d639defb1ccfe014141','f3717ae77b8341f2a412625797116b5d','01055ac40d7d4409924970a71cfaa08a','8d4e5c567de648d48680574ae53a56c1','933e8764db444462a7ece06b82fcf29b','92331d89103949fc8b6c0889c37f7e15','f4b224c2a0b344afb24057b300a67303','e7fc39f61b0441a495cbd04e35e4c44e','b2224c85a86a47cf9a3547f57c646962','6ac2f1f6168a4b2aaad3ef4828b05f4f','138797f58f0c44b3a0355366c9cb79cd','a6b7c0b4c2bd46598be7ed859afe82e6','b1bb450c8366458ba914d1531822b79c','cd25834a2a794717a40b6ef175d985ad','613675ddbb8e4d42a059e0c2f6a6f0a4','2565e95f3f99469795027ead9ff7c56e','1f6ef168e7b14a0e98a4e121ed2b7867','49596636e34e46d1b5d89c91493a5690','29de887874094e9db640d52d7005e7e0','a0db2cf21beb4eec96989ca4db356eed','969c8dbed8dc44eda273c17867f8ea23','dd28e97de9474933bad20847cbd61646','4b3f9d93d6f2405a9b78e5aafa820ee1','ce4deb60ecd24c3f9ca3c3c34ad72e87','7421454c2bae40bbb7178b34e816dcee','5fa76ec770504dc986b2440b8db9487b','990219050dd74fbcabd89d1a3a085ce1','1a2f444a4a4e4ab998a2b35beb08f0f8','6764528a0b214bd891e3a29cb3af3db4','e1c14818b2904603a7a1c05ee2d27dc3','9c699545d7c54880be4039d3a8237af9')) and (mgs.mall_goods_sku_id = sgs.mall_goods_sku_id))  (cost=0.25 rows=0) (never executed)\n        -> Single-row index lookup on mgs using PRIMARY (mall_goods_sku_id=sgs.mall_goods_sku_id)  (cost=0.25 rows=1) (never executed)\n"]}, {"sql": " SELECT   COUNT(1)   FROM   shop_goods AS a,   mall_goods AS b,   mall_picture AS c     WHERE shop_id = 'b37589add41d45b1a024b8833cd218e4'    and a.mall_goods_id = b.mall_goods_id    and c.mall_goods_id=b.mall_goods_id    and c.mall_picture_type=1       \t\tAND (a.is_package = 1 OR a.is_package IS NULL)    \t           and a.shop_goods_type = 1                                         and DATE_SUB(NOW(), INTERVAL 7 DAY) < a.update_time", "analyze": ["-> Aggregate: count(1)  (actual time=0.068..0.068 rows=1 loops=1)\n    -> Nested loop inner join  (cost=0.84 rows=0) (actual time=0.066..0.066 rows=0 loops=1)\n        -> Nested loop inner join  (cost=0.79 rows=0) (actual time=0.065..0.065 rows=0 loops=1)\n            -> Filter: ((a.shop_goods_type = 1) and ((a.is_package = 1) or (a.is_package is null)) and (<cache>((now() - interval 7 day)) < a.update_time) and (a.mall_goods_id is not null))  (cost=0.76 rows=0) (actual time=0.065..0.065 rows=0 loops=1)\n                -> Index lookup on a using idx_shop_id (shop_id='b37589add41d45b1a024b8833cd218e4')  (cost=0.76 rows=3) (actual time=0.048..0.052 rows=3 loops=1)\n            -> Filter: (a.mall_goods_id = b.mall_goods_id)  (cost=2.66 rows=1) (never executed)\n                -> Single-row index lookup on b using PRIMARY (mall_goods_id=a.mall_goods_id)  (cost=2.66 rows=1) (never executed)\n        -> Filter: (c.mall_picture_type = 1)  (cost=1.26 rows=0) (never executed)\n            -> Index lookup on c using idx_mall_goods_id (mall_goods_id=b.mall_goods_id), with index condition: (c.mall_goods_id = b.mall_goods_id)  (cost=1.26 rows=3) (never executed)\n"]}, {"sql": " select    a.shop_goods_id as shopGoodsId,    b.spu_code as spuCode,    b.spu_id as spuId,    b.mall_goods_id as mallGoodsId,    b.sku_code as skuCode   from shop_goods_sku a,mall_goods_sku b   where a.mall_goods_sku_id=b.mall_goods_sku_id and a.shop_goods_sku_type=1   and b.sku_code in   (    '00000009400100120000'   ,    '00000009400100120001'   ,    '00000117500100080000'   ,    '00000117500100060000'   ,    '00000117300100090000'   ,    '00000117300100090001'   ,    '00000109500100060000'   ,    '00000139700100010000'   ,    '00000108700100010000'   ,    '00000118900100030000'   )   group by a.shop_goods_id,b.spu_code,b.spu_id,b.mall_goods_id,b.sku_code", "analyze": ["-> Table scan on <temporary>  (cost=0.01..75.58 rows=5846) (actual time=0.003..0.003 rows=0 loops=1)\n    -> Temporary table with deduplication  (cost=16635.32..16710.89 rows=5846) (actual time=501.830..501.830 rows=0 loops=1)\n        -> Nested loop inner join  (cost=16050.67 rows=5846) (actual time=501.777..501.777 rows=0 loops=1)\n            -> Filter: ((a.shop_goods_sku_type = 1) and (a.mall_goods_sku_id is not null))  (cost=11958.15 rows=11693) (actual time=0.074..87.045 rows=78839 loops=1)\n                -> Table scan on a  (cost=11958.15 rows=116929) (actual time=0.072..70.841 rows=125862 loops=1)\n            -> Filter: ((a.mall_goods_sku_id = b.mall_goods_sku_id) and (b.sku_code in ('00000009400100120000','00000009400100120001','00000117500100080000','00000117500100060000','00000117300100090000','00000117300100090001','00000109500100060000','00000139700100010000','00000108700100010000','00000118900100030000')))  (cost=0.25 rows=0) (actual time=0.005..0.005 rows=0 loops=78839)\n                -> Single-row index lookup on b using PRIMARY (mall_goods_sku_id=a.mall_goods_sku_id)  (cost=0.25 rows=1) (actual time=0.004..0.004 rows=1 loops=78839)\n"]}, {"sql": " SELECT   COUNT(1)   FROM   shop_goods AS a,   shop_goods_sku AS k,   mall_goods AS b,   mall_picture AS c     WHERE shop_id = '610c5b15aac34199aefa90ced6f6b820'    and a.mall_goods_id = b.mall_goods_id    and c.mall_goods_id=b.mall_goods_id    and c.mall_picture_type=1       \t\tAND (a.is_package = 1 OR a.is_package IS NULL)    \t           and a.shop_goods_type = 1                                     \t\t\t \t\t\t\tand a.shop_goods_id = k.shop_goods_id    \tAND k.shop_member_rebate_status = 1 \t\t\t\tAND a.is_package IS NULL", "analyze": ["-> Aggregate: count(1)  (actual time=10.445..10.446 rows=1 loops=1)\n    -> Nested loop inner join  (cost=341.29 rows=0) (actual time=10.441..10.441 rows=0 loops=1)\n        -> Nested loop inner join  (cost=340.86 rows=0) (actual time=10.440..10.440 rows=0 loops=1)\n            -> Nested loop inner join  (cost=340.53 rows=0) (actual time=10.439..10.439 rows=0 loops=1)\n                -> Filter: ((a.shop_goods_type = 1) and ((a.is_package = 1) or (a.is_package is null)) and (a.is_package is null) and (a.mall_goods_id is not null))  (cost=339.01 rows=3) (actual time=0.167..4.013 rows=331 loops=1)\n                    -> Index lookup on a using idx_shop_id (shop_id='610c5b15aac34199aefa90ced6f6b820')  (cost=339.01 rows=1355) (actual time=0.162..3.821 rows=1355 loops=1)\n                -> Filter: (k.shop_member_rebate_status = 1)  (cost=0.43 rows=0) (actual time=0.019..0.019 rows=0 loops=331)\n                    -> Index lookup on k using index_shop_goods_id (shop_goods_id=a.shop_goods_id)  (cost=0.43 rows=2) (actual time=0.014..0.019 rows=2 loops=331)\n            -> Filter: (a.mall_goods_id = b.mall_goods_id)  (cost=0.89 rows=1) (never executed)\n                -> Single-row index lookup on b using PRIMARY (mall_goods_id=a.mall_goods_id)  (cost=0.89 rows=1) (never executed)\n        -> Filter: (c.mall_picture_type = 1)  (cost=0.77 rows=0) (never executed)\n            -> Index lookup on c using idx_mall_goods_id (mall_goods_id=b.mall_goods_id), with index condition: (c.mall_goods_id = b.mall_goods_id)  (cost=0.77 rows=3) (never executed)\n"]}, {"sql": " SELECT   COUNT(1)   FROM   shop_goods AS a,   mall_goods AS b,   mall_picture AS c     WHERE shop_id = 'cc851be7037845319b28e019c39e1031'    and a.mall_goods_id = b.mall_goods_id    and c.mall_goods_id=b.mall_goods_id    and c.mall_picture_type=1       \t\tAND a.is_package = 1    \t           and a.shop_goods_type = 1", "analyze": ["-> Aggregate: count(1)  (actual time=0.053..0.054 rows=1 loops=1)\n    -> Nested loop inner join  (cost=0.84 rows=0) (actual time=0.052..0.052 rows=0 loops=1)\n        -> Nested loop inner join  (cost=0.79 rows=0) (actual time=0.051..0.051 rows=0 loops=1)\n            -> Filter: ((a.shop_goods_type = 1) and (a.is_package = 1) and (a.mall_goods_id is not null))  (cost=0.76 rows=0) (actual time=0.050..0.050 rows=0 loops=1)\n                -> Index lookup on a using idx_shop_id (shop_id='cc851be7037845319b28e019c39e1031')  (cost=0.76 rows=3) (actual time=0.043..0.048 rows=3 loops=1)\n            -> Filter: (a.mall_goods_id = b.mall_goods_id)  (cost=2.66 rows=1) (never executed)\n                -> Single-row index lookup on b using PRIMARY (mall_goods_id=a.mall_goods_id)  (cost=2.66 rows=1) (never executed)\n        -> Filter: (c.mall_picture_type = 1)  (cost=1.26 rows=0) (never executed)\n            -> Index lookup on c using idx_mall_goods_id (mall_goods_id=b.mall_goods_id), with index condition: (c.mall_goods_id = b.mall_goods_id)  (cost=1.26 rows=3) (never executed)\n"]}, {"sql": " SELECT   COUNT(1)   FROM   shop_goods AS a,   mall_goods AS b,   mall_picture AS c     WHERE shop_id = 'cc851be7037845319b28e019c39e1031'    and a.mall_goods_id = b.mall_goods_id    and c.mall_goods_id=b.mall_goods_id    and c.mall_picture_type=1       \t\tAND (a.is_package = 1 OR a.is_package IS NULL)    \t           and a.shop_goods_type = 1                                         and DATE_SUB(NOW(), INTERVAL 7 DAY) < a.update_time", "analyze": ["-> Aggregate: count(1)  (actual time=0.050..0.051 rows=1 loops=1)\n    -> Nested loop inner join  (cost=0.84 rows=0) (actual time=0.049..0.049 rows=0 loops=1)\n        -> Nested loop inner join  (cost=0.79 rows=0) (actual time=0.048..0.048 rows=0 loops=1)\n            -> Filter: ((a.shop_goods_type = 1) and ((a.is_package = 1) or (a.is_package is null)) and (<cache>((now() - interval 7 day)) < a.update_time) and (a.mall_goods_id is not null))  (cost=0.76 rows=0) (actual time=0.048..0.048 rows=0 loops=1)\n                -> Index lookup on a using idx_shop_id (shop_id='cc851be7037845319b28e019c39e1031')  (cost=0.76 rows=3) (actual time=0.044..0.046 rows=3 loops=1)\n            -> Filter: (a.mall_goods_id = b.mall_goods_id)  (cost=2.66 rows=1) (never executed)\n                -> Single-row index lookup on b using PRIMARY (mall_goods_id=a.mall_goods_id)  (cost=2.66 rows=1) (never executed)\n        -> Filter: (c.mall_picture_type = 1)  (cost=1.26 rows=0) (never executed)\n            -> Index lookup on c using idx_mall_goods_id (mall_goods_id=b.mall_goods_id), with index condition: (c.mall_goods_id = b.mall_goods_id)  (cost=1.26 rows=3) (never executed)\n"]}, {"sql": " SELECT   COUNT(1)   FROM   shop_goods AS a,   mall_goods AS b,   mall_picture AS c     WHERE shop_id = 'cc851be7037845319b28e019c39e1031'    and a.mall_goods_id = b.mall_goods_id    and c.mall_goods_id=b.mall_goods_id    and c.mall_picture_type=1       \t\tAND (a.is_package = 1 OR a.is_package IS NULL)    \t           and a.shop_goods_type = 1                                      and a.goods_recommend_status = 1", "analyze": ["-> Aggregate: count(1)  (actual time=0.036..0.036 rows=1 loops=1)\n    -> Nested loop inner join  (cost=0.84 rows=0) (actual time=0.035..0.035 rows=0 loops=1)\n        -> Nested loop inner join  (cost=0.79 rows=0) (actual time=0.034..0.034 rows=0 loops=1)\n            -> Filter: ((a.goods_recommend_status = 1) and (a.shop_goods_type = 1) and ((a.is_package = 1) or (a.is_package is null)) and (a.mall_goods_id is not null))  (cost=0.76 rows=0) (actual time=0.034..0.034 rows=0 loops=1)\n                -> Index lookup on a using idx_shop_id (shop_id='cc851be7037845319b28e019c39e1031')  (cost=0.76 rows=3) (actual time=0.030..0.033 rows=3 loops=1)\n            -> Filter: (a.mall_goods_id = b.mall_goods_id)  (cost=2.66 rows=1) (never executed)\n                -> Single-row index lookup on b using PRIMARY (mall_goods_id=a.mall_goods_id)  (cost=2.66 rows=1) (never executed)\n        -> Filter: (c.mall_picture_type = 1)  (cost=1.26 rows=0) (never executed)\n            -> Index lookup on c using idx_mall_goods_id (mall_goods_id=b.mall_goods_id), with index condition: (c.mall_goods_id = b.mall_goods_id)  (cost=1.26 rows=3) (never executed)\n"]}, {"sql": " SELECT   COUNT(1)   FROM   shop_goods AS a,   mall_goods AS b,   mall_picture AS c     WHERE shop_id = 'cc851be7037845319b28e019c39e1031'    and a.mall_goods_id = b.mall_goods_id    and c.mall_goods_id=b.mall_goods_id    and c.mall_picture_type=1       \t\tAND (a.is_package = 1 OR a.is_package IS NULL)    \t           and a.shop_goods_type = 1", "analyze": ["-> Aggregate: count(1)  (actual time=0.036..0.036 rows=1 loops=1)\n    -> Nested loop inner join  (cost=0.85 rows=0) (actual time=0.035..0.035 rows=0 loops=1)\n        -> Nested loop inner join  (cost=0.80 rows=0) (actual time=0.034..0.034 rows=0 loops=1)\n            -> Filter: ((a.shop_goods_type = 1) and ((a.is_package = 1) or (a.is_package is null)) and (a.mall_goods_id is not null))  (cost=0.76 rows=0) (actual time=0.034..0.034 rows=0 loops=1)\n                -> Index lookup on a using idx_shop_id (shop_id='cc851be7037845319b28e019c39e1031')  (cost=0.76 rows=3) (actual time=0.030..0.033 rows=3 loops=1)\n            -> Filter: (a.mall_goods_id = b.mall_goods_id)  (cost=2.41 rows=1) (never executed)\n                -> Single-row index lookup on b using PRIMARY (mall_goods_id=a.mall_goods_id)  (cost=2.41 rows=1) (never executed)\n        -> Filter: (c.mall_picture_type = 1)  (cost=1.19 rows=0) (never executed)\n            -> Index lookup on c using idx_mall_goods_id (mall_goods_id=b.mall_goods_id), with index condition: (c.mall_goods_id = b.mall_goods_id)  (cost=1.19 rows=3) (never executed)\n"]}, {"sql": " SELECT   COUNT(1)   FROM   shop_goods AS a,   mall_goods AS b,   mall_picture AS c     WHERE shop_id = '9217410df1c04ffeab0b40d178dc7778'    and a.mall_goods_id = b.mall_goods_id    and c.mall_goods_id=b.mall_goods_id    and c.mall_picture_type=1       \t\tAND (a.is_package = 1 OR a.is_package IS NULL)    \t           and a.shop_goods_type = 1", "analyze": ["-> Aggregate: count(1)  (actual time=9.005..9.005 rows=1 loops=1)\n    -> Nested loop inner join  (cost=158.17 rows=3) (actual time=0.220..8.931 rows=270 loops=1)\n        -> Nested loop inner join  (cost=147.81 rows=11) (actual time=0.185..3.271 rows=270 loops=1)\n            -> Filter: ((a.shop_goods_type = 1) and ((a.is_package = 1) or (a.is_package is null)) and (a.mall_goods_id is not null))  (cost=139.80 rows=11) (actual time=0.171..1.767 rows=270 loops=1)\n                -> Index lookup on a using idx_shop_id (shop_id='9217410df1c04ffeab0b40d178dc7778')  (cost=139.80 rows=555) (actual time=0.169..1.624 rows=555 loops=1)\n            -> Filter: (a.mall_goods_id = b.mall_goods_id)  (cost=0.67 rows=1) (actual time=0.005..0.005 rows=1 loops=270)\n                -> Single-row index lookup on b using PRIMARY (mall_goods_id=a.mall_goods_id)  (cost=0.67 rows=1) (actual time=0.005..0.005 rows=1 loops=270)\n        -> Filter: (c.mall_picture_type = 1)  (cost=0.70 rows=0) (actual time=0.016..0.020 rows=1 loops=270)\n            -> Index lookup on c using idx_mall_goods_id (mall_goods_id=b.mall_goods_id), with index condition: (c.mall_goods_id = b.mall_goods_id)  (cost=0.70 rows=3) (actual time=0.012..0.019 rows=4 loops=270)\n"]}, {"sql": " SELECT   COUNT(1)   FROM   shop_goods AS a,   mall_goods AS b,   mall_picture AS c     WHERE shop_id = 'c73e4a9837124b83bf3a55469a3b7d4b'    and a.mall_goods_id = b.mall_goods_id    and c.mall_goods_id=b.mall_goods_id    and c.mall_picture_type=1       \t\tAND (a.is_package = 1 OR a.is_package IS NULL)    \t           and a.shop_goods_type = 1                                         and DATE_SUB(NOW(), INTERVAL 7 DAY) < a.update_time", "analyze": ["-> Aggregate: count(1)  (actual time=0.054..0.055 rows=1 loops=1)\n    -> Nested loop inner join  (cost=0.84 rows=0) (actual time=0.052..0.052 rows=0 loops=1)\n        -> Nested loop inner join  (cost=0.79 rows=0) (actual time=0.051..0.051 rows=0 loops=1)\n            -> Filter: ((a.shop_goods_type = 1) and ((a.is_package = 1) or (a.is_package is null)) and (<cache>((now() - interval 7 day)) < a.update_time) and (a.mall_goods_id is not null))  (cost=0.76 rows=0) (actual time=0.050..0.050 rows=0 loops=1)\n                -> Index lookup on a using idx_shop_id (shop_id='c73e4a9837124b83bf3a55469a3b7d4b')  (cost=0.76 rows=3) (actual time=0.035..0.038 rows=3 loops=1)\n            -> Filter: (a.mall_goods_id = b.mall_goods_id)  (cost=2.66 rows=1) (never executed)\n                -> Single-row index lookup on b using PRIMARY (mall_goods_id=a.mall_goods_id)  (cost=2.66 rows=1) (never executed)\n        -> Filter: (c.mall_picture_type = 1)  (cost=1.26 rows=0) (never executed)\n            -> Index lookup on c using idx_mall_goods_id (mall_goods_id=b.mall_goods_id), with index condition: (c.mall_goods_id = b.mall_goods_id)  (cost=1.26 rows=3) (never executed)\n"]}, {"sql": " SELECT   COUNT(1)   FROM   shop_goods AS a,   mall_goods AS b,   mall_picture AS c     WHERE shop_id = 'c73e4a9837124b83bf3a55469a3b7d4b'    and a.mall_goods_id = b.mall_goods_id    and c.mall_goods_id=b.mall_goods_id    and c.mall_picture_type=1       \t\tAND a.is_package = 1    \t           and a.shop_goods_type = 1", "analyze": ["-> Aggregate: count(1)  (actual time=0.037..0.037 rows=1 loops=1)\n    -> Nested loop inner join  (cost=0.84 rows=0) (actual time=0.036..0.036 rows=0 loops=1)\n        -> Nested loop inner join  (cost=0.79 rows=0) (actual time=0.035..0.035 rows=0 loops=1)\n            -> Filter: ((a.shop_goods_type = 1) and (a.is_package = 1) and (a.mall_goods_id is not null))  (cost=0.76 rows=0) (actual time=0.035..0.035 rows=0 loops=1)\n                -> Index lookup on a using idx_shop_id (shop_id='c73e4a9837124b83bf3a55469a3b7d4b')  (cost=0.76 rows=3) (actual time=0.031..0.033 rows=3 loops=1)\n            -> Filter: (a.mall_goods_id = b.mall_goods_id)  (cost=2.66 rows=1) (never executed)\n                -> Single-row index lookup on b using PRIMARY (mall_goods_id=a.mall_goods_id)  (cost=2.66 rows=1) (never executed)\n        -> Filter: (c.mall_picture_type = 1)  (cost=1.26 rows=0) (never executed)\n            -> Index lookup on c using idx_mall_goods_id (mall_goods_id=b.mall_goods_id), with index condition: (c.mall_goods_id = b.mall_goods_id)  (cost=1.26 rows=3) (never executed)\n"]}, {"sql": " SELECT   COUNT(1)   FROM   shop_goods AS a,   mall_goods AS b,   mall_picture AS c     WHERE shop_id = 'c73e4a9837124b83bf3a55469a3b7d4b'    and a.mall_goods_id = b.mall_goods_id    and c.mall_goods_id=b.mall_goods_id    and c.mall_picture_type=1       \t\tAND (a.is_package = 1 OR a.is_package IS NULL)    \t           and a.shop_goods_type = 1                                      and a.goods_recommend_status = 1", "analyze": ["-> Aggregate: count(1)  (actual time=0.037..0.037 rows=1 loops=1)\n    -> Nested loop inner join  (cost=0.84 rows=0) (actual time=0.035..0.035 rows=0 loops=1)\n        -> Nested loop inner join  (cost=0.79 rows=0) (actual time=0.035..0.035 rows=0 loops=1)\n            -> Filter: ((a.goods_recommend_status = 1) and (a.shop_goods_type = 1) and ((a.is_package = 1) or (a.is_package is null)) and (a.mall_goods_id is not null))  (cost=0.76 rows=0) (actual time=0.035..0.035 rows=0 loops=1)\n                -> Index lookup on a using idx_shop_id (shop_id='c73e4a9837124b83bf3a55469a3b7d4b')  (cost=0.76 rows=3) (actual time=0.030..0.033 rows=3 loops=1)\n            -> Filter: (a.mall_goods_id = b.mall_goods_id)  (cost=2.66 rows=1) (never executed)\n                -> Single-row index lookup on b using PRIMARY (mall_goods_id=a.mall_goods_id)  (cost=2.66 rows=1) (never executed)\n        -> Filter: (c.mall_picture_type = 1)  (cost=1.26 rows=0) (never executed)\n            -> Index lookup on c using idx_mall_goods_id (mall_goods_id=b.mall_goods_id), with index condition: (c.mall_goods_id = b.mall_goods_id)  (cost=1.26 rows=3) (never executed)\n"]}, {"sql": " SELECT   COUNT(1)   FROM   shop_goods AS a,   mall_goods AS b,   mall_picture AS c     WHERE shop_id = 'c73e4a9837124b83bf3a55469a3b7d4b'    and a.mall_goods_id = b.mall_goods_id    and c.mall_goods_id=b.mall_goods_id    and c.mall_picture_type=1       \t\tAND (a.is_package = 1 OR a.is_package IS NULL)    \t           and a.shop_goods_type = 1", "analyze": ["-> Aggregate: count(1)  (actual time=0.111..0.111 rows=1 loops=1)\n    -> Nested loop inner join  (cost=0.85 rows=0) (actual time=0.083..0.108 rows=2 loops=1)\n        -> Nested loop inner join  (cost=0.80 rows=0) (actual time=0.049..0.060 rows=2 loops=1)\n            -> Filter: ((a.shop_goods_type = 1) and ((a.is_package = 1) or (a.is_package is null)) and (a.mall_goods_id is not null))  (cost=0.76 rows=0) (actual time=0.033..0.035 rows=2 loops=1)\n                -> Index lookup on a using idx_shop_id (shop_id='c73e4a9837124b83bf3a55469a3b7d4b')  (cost=0.76 rows=3) (actual time=0.030..0.033 rows=3 loops=1)\n            -> Filter: (a.mall_goods_id = b.mall_goods_id)  (cost=2.41 rows=1) (actual time=0.012..0.012 rows=1 loops=2)\n                -> Single-row index lookup on b using PRIMARY (mall_goods_id=a.mall_goods_id)  (cost=2.41 rows=1) (actual time=0.011..0.011 rows=1 loops=2)\n        -> Filter: (c.mall_picture_type = 1)  (cost=1.19 rows=0) (actual time=0.021..0.022 rows=1 loops=2)\n            -> Index lookup on c using idx_mall_goods_id (mall_goods_id=b.mall_goods_id), with index condition: (c.mall_goods_id = b.mall_goods_id)  (cost=1.19 rows=3) (actual time=0.020..0.021 rows=1 loops=2)\n"]}, {"sql": " SELECT   mgs.sku_id AS skuId,   mgs.sku_name AS skuName,   s.shop_id AS shopId,   s.shop_name AS shopName,   sg.shop_goods_type AS shopGoodsType,   sgs.shop_goods_sku_type AS shopGoodsSkuType   FROM   shop s   LEFT JOIN shop_goods sg ON s.shop_id = sg.shop_id   LEFT JOIN shop_goods_sku sgs ON sgs.shop_goods_id = sg.shop_goods_id   LEFT JOIN mall_goods_sku mgs ON mgs.mall_goods_sku_id = sgs.mall_goods_sku_id   WHERE   mgs.sku_id IN   (    'd1aa840256a042dba43b231ac042e306'   )       AND sg.shop_goods_type IN (1,2,3)", "analyze": ["-> Nested loop inner join  (cost=131.70 rows=9) (actual time=0.016..0.016 rows=0 loops=1)\n    -> Nested loop inner join  (cost=98.63 rows=94) (actual time=0.016..0.016 rows=0 loops=1)\n        -> Nested loop inner join  (cost=65.56 rows=56) (actual time=0.015..0.015 rows=0 loops=1)\n            -> Table scan on s  (cost=0.35 rows=1) (actual time=0.015..0.015 rows=0 loops=1)\n            -> Filter: (sg.shop_goods_type in (1,2,3))  (cost=52.16 rows=56) (never executed)\n                -> Index lookup on sg using index_shop_id (shop_id=s.shop_id), with index condition: (s.shop_id = sg.shop_id)  (cost=52.16 rows=186) (never executed)\n        -> Index lookup on sgs using index_shop_goods_id (shop_goods_id=sg.shop_goods_id)  (cost=0.43 rows=2) (never executed)\n    -> Filter: ((mgs.sku_id = 'd1aa840256a042dba43b231ac042e306') and (mgs.mall_goods_sku_id = sgs.mall_goods_sku_id))  (cost=0.25 rows=0) (never executed)\n        -> Single-row index lookup on mgs using PRIMARY (mall_goods_sku_id=sgs.mall_goods_sku_id)  (cost=0.25 rows=1) (never executed)\n"]}, {"sql": " SELECT   mgs.sku_id AS skuId,   mgs.sku_name AS skuName,   s.shop_id AS shopId,   s.shop_name AS shopName,   sg.shop_goods_type AS shopGoodsType,   sgs.shop_goods_sku_type AS shopGoodsSkuType   FROM   shop s   LEFT JOIN shop_goods sg ON s.shop_id = sg.shop_id   LEFT JOIN shop_goods_sku sgs ON sgs.shop_goods_id = sg.shop_goods_id   LEFT JOIN mall_goods_sku mgs ON mgs.mall_goods_sku_id = sgs.mall_goods_sku_id   WHERE   mgs.sku_id IN   (    '37f102a365bd4a06b87a6cc4494d7742'   ,    '752f941badd34adca06f170b74d580a6'   ,    'cacc70dfc5a54a6e99d94da9578befc4'   ,    'ccf72fbb8b8a43158af4388a96d49730'   ,    '02a3df842780476c8d727eb06c71d7c0'   ,    '1d61014bff4a4641b558f7db5dc5ebe6'   ,    'ebf29ab8c816446bb2e89e87f544ff49'   ,    '5ac4f45a925c4b478adf21851b4976b9'   )       AND sg.shop_goods_type IN (1,2,3)", "analyze": ["-> Nested loop inner join  (cost=131.70 rows=47) (actual time=0.012..0.012 rows=0 loops=1)\n    -> Nested loop inner join  (cost=98.63 rows=94) (actual time=0.012..0.012 rows=0 loops=1)\n        -> Nested loop inner join  (cost=65.56 rows=56) (actual time=0.012..0.012 rows=0 loops=1)\n            -> Table scan on s  (cost=0.35 rows=1) (actual time=0.011..0.011 rows=0 loops=1)\n            -> Filter: (sg.shop_goods_type in (1,2,3))  (cost=52.16 rows=56) (never executed)\n                -> Index lookup on sg using index_shop_id (shop_id=s.shop_id), with index condition: (s.shop_id = sg.shop_id)  (cost=52.16 rows=186) (never executed)\n        -> Index lookup on sgs using index_shop_goods_id (shop_goods_id=sg.shop_goods_id)  (cost=0.43 rows=2) (never executed)\n    -> Filter: ((mgs.sku_id in ('37f102a365bd4a06b87a6cc4494d7742','752f941badd34adca06f170b74d580a6','cacc70dfc5a54a6e99d94da9578befc4','ccf72fbb8b8a43158af4388a96d49730','02a3df842780476c8d727eb06c71d7c0','1d61014bff4a4641b558f7db5dc5ebe6','ebf29ab8c816446bb2e89e87f544ff49','5ac4f45a925c4b478adf21851b4976b9')) and (mgs.mall_goods_sku_id = sgs.mall_goods_sku_id))  (cost=0.25 rows=0) (never executed)\n        -> Single-row index lookup on mgs using PRIMARY (mall_goods_sku_id=sgs.mall_goods_sku_id)  (cost=0.25 rows=1) (never executed)\n"]}, {"sql": " SELECT   mgs.sku_id AS skuId,   mgs.sku_name AS skuName,   s.shop_id AS shopId,   s.shop_name AS shopName,   sg.shop_goods_type AS shopGoodsType,   sgs.shop_goods_sku_type AS shopGoodsSkuType   FROM   shop s   LEFT JOIN shop_goods sg ON s.shop_id = sg.shop_id   LEFT JOIN shop_goods_sku sgs ON sgs.shop_goods_id = sg.shop_goods_id   LEFT JOIN mall_goods_sku mgs ON mgs.mall_goods_sku_id = sgs.mall_goods_sku_id   WHERE   mgs.sku_id IN   (    '4d23920e9e914e368206a33decbc57ac'   )       AND sg.shop_goods_type IN (1,2,3)", "analyze": ["-> Nested loop inner join  (cost=131.70 rows=9) (actual time=0.012..0.012 rows=0 loops=1)\n    -> Nested loop inner join  (cost=98.63 rows=94) (actual time=0.012..0.012 rows=0 loops=1)\n        -> Nested loop inner join  (cost=65.56 rows=56) (actual time=0.011..0.011 rows=0 loops=1)\n            -> Table scan on s  (cost=0.35 rows=1) (actual time=0.011..0.011 rows=0 loops=1)\n            -> Filter: (sg.shop_goods_type in (1,2,3))  (cost=52.16 rows=56) (never executed)\n                -> Index lookup on sg using index_shop_id (shop_id=s.shop_id), with index condition: (s.shop_id = sg.shop_id)  (cost=52.16 rows=186) (never executed)\n        -> Index lookup on sgs using index_shop_goods_id (shop_goods_id=sg.shop_goods_id)  (cost=0.43 rows=2) (never executed)\n    -> Filter: ((mgs.sku_id = '4d23920e9e914e368206a33decbc57ac') and (mgs.mall_goods_sku_id = sgs.mall_goods_sku_id))  (cost=0.25 rows=0) (never executed)\n        -> Single-row index lookup on mgs using PRIMARY (mall_goods_sku_id=sgs.mall_goods_sku_id)  (cost=0.25 rows=1) (never executed)\n"]}, {"sql": " SELECT   mgs.sku_id AS skuId,   mgs.sku_name AS skuName,   s.shop_id AS shopId,   s.shop_name AS shopName,   sg.shop_goods_type AS shopGoodsType,   sgs.shop_goods_sku_type AS shopGoodsSkuType   FROM   shop s   LEFT JOIN shop_goods sg ON s.shop_id = sg.shop_id   LEFT JOIN shop_goods_sku sgs ON sgs.shop_goods_id = sg.shop_goods_id   LEFT JOIN mall_goods_sku mgs ON mgs.mall_goods_sku_id = sgs.mall_goods_sku_id   WHERE   mgs.sku_id IN   (    '41ef2dc76fff45b294d08262c32d87a7'   ,    '6546287190b940fcacf94cd987709285'   )       AND sg.shop_goods_type IN (1,2,3)", "analyze": ["-> Nested loop inner join  (cost=131.70 rows=19) (actual time=0.012..0.012 rows=0 loops=1)\n    -> Nested loop inner join  (cost=98.63 rows=94) (actual time=0.012..0.012 rows=0 loops=1)\n        -> Nested loop inner join  (cost=65.56 rows=56) (actual time=0.011..0.011 rows=0 loops=1)\n            -> Table scan on s  (cost=0.35 rows=1) (actual time=0.011..0.011 rows=0 loops=1)\n            -> Filter: (sg.shop_goods_type in (1,2,3))  (cost=52.16 rows=56) (never executed)\n                -> Index lookup on sg using index_shop_id (shop_id=s.shop_id), with index condition: (s.shop_id = sg.shop_id)  (cost=52.16 rows=186) (never executed)\n        -> Index lookup on sgs using index_shop_goods_id (shop_goods_id=sg.shop_goods_id)  (cost=0.43 rows=2) (never executed)\n    -> Filter: ((mgs.sku_id in ('41ef2dc76fff45b294d08262c32d87a7','6546287190b940fcacf94cd987709285')) and (mgs.mall_goods_sku_id = sgs.mall_goods_sku_id))  (cost=0.25 rows=0) (never executed)\n        -> Single-row index lookup on mgs using PRIMARY (mall_goods_sku_id=sgs.mall_goods_sku_id)  (cost=0.25 rows=1) (never executed)\n"]}, {"sql": " SELECT   mgs.sku_id AS skuId,   mgs.sku_name AS skuName,   s.shop_id AS shopId,   s.shop_name AS shopName,   sg.shop_goods_type AS shopGoodsType,   sgs.shop_goods_sku_type AS shopGoodsSkuType   FROM   shop s   LEFT JOIN shop_goods sg ON s.shop_id = sg.shop_id   LEFT JOIN shop_goods_sku sgs ON sgs.shop_goods_id = sg.shop_goods_id   LEFT JOIN mall_goods_sku mgs ON mgs.mall_goods_sku_id = sgs.mall_goods_sku_id   WHERE   mgs.sku_id IN   (    '0466ad3a48934a78a66909ecf421fe60'   ,    '93fe9609b2e645bf97b2d5835963a50b'   )       AND sg.shop_goods_type IN (1,2,3)", "analyze": ["-> Nested loop inner join  (cost=131.70 rows=19) (actual time=0.012..0.012 rows=0 loops=1)\n    -> Nested loop inner join  (cost=98.63 rows=94) (actual time=0.012..0.012 rows=0 loops=1)\n        -> Nested loop inner join  (cost=65.56 rows=56) (actual time=0.012..0.012 rows=0 loops=1)\n            -> Table scan on s  (cost=0.35 rows=1) (actual time=0.011..0.011 rows=0 loops=1)\n            -> Filter: (sg.shop_goods_type in (1,2,3))  (cost=52.16 rows=56) (never executed)\n                -> Index lookup on sg using index_shop_id (shop_id=s.shop_id), with index condition: (s.shop_id = sg.shop_id)  (cost=52.16 rows=186) (never executed)\n        -> Index lookup on sgs using index_shop_goods_id (shop_goods_id=sg.shop_goods_id)  (cost=0.43 rows=2) (never executed)\n    -> Filter: ((mgs.sku_id in ('0466ad3a48934a78a66909ecf421fe60','93fe9609b2e645bf97b2d5835963a50b')) and (mgs.mall_goods_sku_id = sgs.mall_goods_sku_id))  (cost=0.25 rows=0) (never executed)\n        -> Single-row index lookup on mgs using PRIMARY (mall_goods_sku_id=sgs.mall_goods_sku_id)  (cost=0.25 rows=1) (never executed)\n"]}, {"sql": " SELECT   mgs.sku_id AS skuId,   mgs.sku_name AS skuName,   s.shop_id AS shopId,   s.shop_name AS shopName,   sg.shop_goods_type AS shopGoodsType,   sgs.shop_goods_sku_type AS shopGoodsSkuType   FROM   shop s   LEFT JOIN shop_goods sg ON s.shop_id = sg.shop_id   LEFT JOIN shop_goods_sku sgs ON sgs.shop_goods_id = sg.shop_goods_id   LEFT JOIN mall_goods_sku mgs ON mgs.mall_goods_sku_id = sgs.mall_goods_sku_id   WHERE   mgs.sku_id IN   (    '876f7d151a8a40e69a5d301c1a900602'   ,    'c7b32267e32d425c934a49c27a3e7e15'   ,    'e83308e3fc9c4912b041745e54bbb78f'   ,    'a089f30c7fc14d09acf46404d73d2814'   )       AND sg.shop_goods_type IN (1,2,3)", "analyze": ["-> Nested loop inner join  (cost=131.70 rows=38) (actual time=0.012..0.012 rows=0 loops=1)\n    -> Nested loop inner join  (cost=98.63 rows=94) (actual time=0.012..0.012 rows=0 loops=1)\n        -> Nested loop inner join  (cost=65.56 rows=56) (actual time=0.011..0.011 rows=0 loops=1)\n            -> Table scan on s  (cost=0.35 rows=1) (actual time=0.011..0.011 rows=0 loops=1)\n            -> Filter: (sg.shop_goods_type in (1,2,3))  (cost=52.16 rows=56) (never executed)\n                -> Index lookup on sg using index_shop_id (shop_id=s.shop_id), with index condition: (s.shop_id = sg.shop_id)  (cost=52.16 rows=186) (never executed)\n        -> Index lookup on sgs using index_shop_goods_id (shop_goods_id=sg.shop_goods_id)  (cost=0.43 rows=2) (never executed)\n    -> Filter: ((mgs.sku_id in ('876f7d151a8a40e69a5d301c1a900602','c7b32267e32d425c934a49c27a3e7e15','e83308e3fc9c4912b041745e54bbb78f','a089f30c7fc14d09acf46404d73d2814')) and (mgs.mall_goods_sku_id = sgs.mall_goods_sku_id))  (cost=0.25 rows=0) (never executed)\n        -> Single-row index lookup on mgs using PRIMARY (mall_goods_sku_id=sgs.mall_goods_sku_id)  (cost=0.25 rows=1) (never executed)\n"]}, {"sql": " SELECT   mgs.sku_id AS skuId,   mgs.sku_name AS skuName,   s.shop_id AS shopId,   s.shop_name AS shopName,   sg.shop_goods_type AS shopGoodsType,   sgs.shop_goods_sku_type AS shopGoodsSkuType   FROM   shop s   LEFT JOIN shop_goods sg ON s.shop_id = sg.shop_id   LEFT JOIN shop_goods_sku sgs ON sgs.shop_goods_id = sg.shop_goods_id   LEFT JOIN mall_goods_sku mgs ON mgs.mall_goods_sku_id = sgs.mall_goods_sku_id   WHERE   mgs.sku_id IN   (    '876f7d151a8a40e69a5d301c1a900602'   ,    'c7b32267e32d425c934a49c27a3e7e15'   ,    'e83308e3fc9c4912b041745e54bbb78f'   ,    'a089f30c7fc14d09acf46404d73d2814'   )       AND sg.shop_goods_type IN (1,2,3)", "analyze": ["-> Nested loop inner join  (cost=131.70 rows=38) (actual time=0.012..0.012 rows=0 loops=1)\n    -> Nested loop inner join  (cost=98.63 rows=94) (actual time=0.012..0.012 rows=0 loops=1)\n        -> Nested loop inner join  (cost=65.56 rows=56) (actual time=0.012..0.012 rows=0 loops=1)\n            -> Table scan on s  (cost=0.35 rows=1) (actual time=0.011..0.011 rows=0 loops=1)\n            -> Filter: (sg.shop_goods_type in (1,2,3))  (cost=52.16 rows=56) (never executed)\n                -> Index lookup on sg using index_shop_id (shop_id=s.shop_id), with index condition: (s.shop_id = sg.shop_id)  (cost=52.16 rows=186) (never executed)\n        -> Index lookup on sgs using index_shop_goods_id (shop_goods_id=sg.shop_goods_id)  (cost=0.43 rows=2) (never executed)\n    -> Filter: ((mgs.sku_id in ('876f7d151a8a40e69a5d301c1a900602','c7b32267e32d425c934a49c27a3e7e15','e83308e3fc9c4912b041745e54bbb78f','a089f30c7fc14d09acf46404d73d2814')) and (mgs.mall_goods_sku_id = sgs.mall_goods_sku_id))  (cost=0.25 rows=0) (never executed)\n        -> Single-row index lookup on mgs using PRIMARY (mall_goods_sku_id=sgs.mall_goods_sku_id)  (cost=0.25 rows=1) (never executed)\n"]}, {"sql": " SELECT   mgs.sku_id AS skuId,   mgs.sku_name AS skuName,   s.shop_id AS shopId,   s.shop_name AS shopName,   sg.shop_goods_type AS shopGoodsType,   sgs.shop_goods_sku_type AS shopGoodsSkuType   FROM   shop s   LEFT JOIN shop_goods sg ON s.shop_id = sg.shop_id   LEFT JOIN shop_goods_sku sgs ON sgs.shop_goods_id = sg.shop_goods_id   LEFT JOIN mall_goods_sku mgs ON mgs.mall_goods_sku_id = sgs.mall_goods_sku_id   WHERE   mgs.sku_id IN   (    '0732615fa3f34ce8921c3e0299227259'   )       AND sg.shop_goods_type IN (1,2,3)", "analyze": ["-> Nested loop inner join  (cost=131.70 rows=9) (actual time=0.012..0.012 rows=0 loops=1)\n    -> Nested loop inner join  (cost=98.63 rows=94) (actual time=0.012..0.012 rows=0 loops=1)\n        -> Nested loop inner join  (cost=65.56 rows=56) (actual time=0.012..0.012 rows=0 loops=1)\n            -> Table scan on s  (cost=0.35 rows=1) (actual time=0.011..0.011 rows=0 loops=1)\n            -> Filter: (sg.shop_goods_type in (1,2,3))  (cost=52.16 rows=56) (never executed)\n                -> Index lookup on sg using index_shop_id (shop_id=s.shop_id), with index condition: (s.shop_id = sg.shop_id)  (cost=52.16 rows=186) (never executed)\n        -> Index lookup on sgs using index_shop_goods_id (shop_goods_id=sg.shop_goods_id)  (cost=0.43 rows=2) (never executed)\n    -> Filter: ((mgs.sku_id = '0732615fa3f34ce8921c3e0299227259') and (mgs.mall_goods_sku_id = sgs.mall_goods_sku_id))  (cost=0.25 rows=0) (never executed)\n        -> Single-row index lookup on mgs using PRIMARY (mall_goods_sku_id=sgs.mall_goods_sku_id)  (cost=0.25 rows=1) (never executed)\n"]}, {"sql": " SELECT   mgs.sku_id AS skuId,   mgs.sku_name AS skuName,   s.shop_id AS shopId,   s.shop_name AS shopName,   sg.shop_goods_type AS shopGoodsType,   sgs.shop_goods_sku_type AS shopGoodsSkuType   FROM   shop s   LEFT JOIN shop_goods sg ON s.shop_id = sg.shop_id   LEFT JOIN shop_goods_sku sgs ON sgs.shop_goods_id = sg.shop_goods_id   LEFT JOIN mall_goods_sku mgs ON mgs.mall_goods_sku_id = sgs.mall_goods_sku_id   WHERE   mgs.sku_id IN   (    'a98e2e1f2dfc41338099ce93c48d6b41'   )       AND sg.shop_goods_type IN (1,2,3)", "analyze": ["-> Nested loop inner join  (cost=131.70 rows=9) (actual time=0.012..0.012 rows=0 loops=1)\n    -> Nested loop inner join  (cost=98.63 rows=94) (actual time=0.012..0.012 rows=0 loops=1)\n        -> Nested loop inner join  (cost=65.56 rows=56) (actual time=0.012..0.012 rows=0 loops=1)\n            -> Table scan on s  (cost=0.35 rows=1) (actual time=0.011..0.011 rows=0 loops=1)\n            -> Filter: (sg.shop_goods_type in (1,2,3))  (cost=52.16 rows=56) (never executed)\n                -> Index lookup on sg using index_shop_id (shop_id=s.shop_id), with index condition: (s.shop_id = sg.shop_id)  (cost=52.16 rows=186) (never executed)\n        -> Index lookup on sgs using index_shop_goods_id (shop_goods_id=sg.shop_goods_id)  (cost=0.43 rows=2) (never executed)\n    -> Filter: ((mgs.sku_id = 'a98e2e1f2dfc41338099ce93c48d6b41') and (mgs.mall_goods_sku_id = sgs.mall_goods_sku_id))  (cost=0.25 rows=0) (never executed)\n        -> Single-row index lookup on mgs using PRIMARY (mall_goods_sku_id=sgs.mall_goods_sku_id)  (cost=0.25 rows=1) (never executed)\n"]}, {"sql": " SELECT   COUNT(1)   FROM   shop_goods AS a,   mall_goods AS b,   mall_picture AS c     WHERE shop_id = '44c7cc30f1494fd6b00487c9a73927fa'    and a.mall_goods_id = b.mall_goods_id    and c.mall_goods_id=b.mall_goods_id    and c.mall_picture_type=1       \t\tAND (a.is_package = 1 OR a.is_package IS NULL)    \t           and a.shop_goods_type = 1                                      and a.goods_recommend_status = 1", "analyze": ["-> Aggregate: count(1)  (actual time=3.705..3.705 rows=1 loops=1)\n    -> Nested loop inner join  (cost=343.49 rows=1) (actual time=3.704..3.704 rows=0 loops=1)\n        -> Nested loop inner join  (cost=340.96 rows=3) (actual time=3.703..3.703 rows=0 loops=1)\n            -> Filter: ((a.goods_recommend_status = 1) and (a.shop_goods_type = 1) and ((a.is_package = 1) or (a.is_package is null)) and (a.mall_goods_id is not null))  (cost=339.01 rows=3) (actual time=3.702..3.702 rows=0 loops=1)\n                -> Index lookup on a using idx_shop_id (shop_id='44c7cc30f1494fd6b00487c9a73927fa')  (cost=339.01 rows=1355) (actual time=0.153..3.618 rows=1355 loops=1)\n            -> Filter: (a.mall_goods_id = b.mall_goods_id)  (cost=0.70 rows=1) (never executed)\n                -> Single-row index lookup on b using PRIMARY (mall_goods_id=a.mall_goods_id)  (cost=0.70 rows=1) (never executed)\n        -> Filter: (c.mall_picture_type = 1)  (cost=0.71 rows=0) (never executed)\n            -> Index lookup on c using idx_mall_goods_id (mall_goods_id=b.mall_goods_id), with index condition: (c.mall_goods_id = b.mall_goods_id)  (cost=0.71 rows=3) (never executed)\n"]}, {"sql": " SELECT   COUNT(1)   FROM   shop_goods AS a,   mall_goods AS b,   mall_picture AS c     WHERE shop_id = '44c7cc30f1494fd6b00487c9a73927fa'    and a.mall_goods_id = b.mall_goods_id    and c.mall_goods_id=b.mall_goods_id    and c.mall_picture_type=1       \t\tAND a.is_package = 1    \t           and a.shop_goods_type = 1", "analyze": ["-> Aggregate: count(1)  (actual time=3.339..3.339 rows=1 loops=1)\n    -> Nested loop inner join  (cost=363.70 rows=4) (actual time=3.338..3.338 rows=0 loops=1)\n        -> Nested loop inner join  (cost=350.39 rows=14) (actual time=3.337..3.337 rows=0 loops=1)\n            -> Filter: ((a.shop_goods_type = 1) and (a.is_package = 1) and (a.mall_goods_id is not null))  (cost=340.11 rows=14) (actual time=3.337..3.337 rows=0 loops=1)\n                -> Index lookup on a using idx_shop_id (shop_id='44c7cc30f1494fd6b00487c9a73927fa')  (cost=340.11 rows=1355) (actual time=0.144..3.245 rows=1355 loops=1)\n            -> Filter: (a.mall_goods_id = b.mall_goods_id)  (cost=0.67 rows=1) (never executed)\n                -> Single-row index lookup on b using PRIMARY (mall_goods_id=a.mall_goods_id)  (cost=0.67 rows=1) (never executed)\n        -> Filter: (c.mall_picture_type = 1)  (cost=0.70 rows=0) (never executed)\n            -> Index lookup on c using idx_mall_goods_id (mall_goods_id=b.mall_goods_id), with index condition: (c.mall_goods_id = b.mall_goods_id)  (cost=0.70 rows=3) (never executed)\n"]}, {"sql": " SELECT   COUNT(1)   FROM   shop_goods AS a,   mall_goods AS b,   mall_picture AS c     WHERE shop_id = '44c7cc30f1494fd6b00487c9a73927fa'    and a.mall_goods_id = b.mall_goods_id    and c.mall_goods_id=b.mall_goods_id    and c.mall_picture_type=1       \t\tAND (a.is_package = 1 OR a.is_package IS NULL)    \t           and a.shop_goods_type = 1                                         and DATE_SUB(NOW(), INTERVAL 7 DAY) < a.update_time", "analyze": ["-> Aggregate: count(1)  (actual time=3.617..3.617 rows=1 loops=1)\n    -> Nested loop inner join  (cost=354.55 rows=2) (actual time=3.615..3.615 rows=0 loops=1)\n        -> Nested loop inner join  (cost=346.12 rows=9) (actual time=3.615..3.615 rows=0 loops=1)\n            -> Filter: ((a.shop_goods_type = 1) and ((a.is_package = 1) or (a.is_package is null)) and (<cache>((now() - interval 7 day)) < a.update_time) and (a.mall_goods_id is not null))  (cost=339.61 rows=9) (actual time=3.614..3.614 rows=0 loops=1)\n                -> Index lookup on a using idx_shop_id (shop_id='44c7cc30f1494fd6b00487c9a73927fa')  (cost=339.61 rows=1355) (actual time=0.146..3.471 rows=1355 loops=1)\n            -> Filter: (a.mall_goods_id = b.mall_goods_id)  (cost=0.67 rows=1) (never executed)\n                -> Single-row index lookup on b using PRIMARY (mall_goods_id=a.mall_goods_id)  (cost=0.67 rows=1) (never executed)\n        -> Filter: (c.mall_picture_type = 1)  (cost=0.70 rows=0) (never executed)\n            -> Index lookup on c using idx_mall_goods_id (mall_goods_id=b.mall_goods_id), with index condition: (c.mall_goods_id = b.mall_goods_id)  (cost=0.70 rows=3) (never executed)\n"]}, {"sql": " SELECT   COUNT(1)   FROM   shop_goods AS a,   mall_goods AS b,   mall_picture AS c     WHERE shop_id = '44c7cc30f1494fd6b00487c9a73927fa'    and a.mall_goods_id = b.mall_goods_id    and c.mall_goods_id=b.mall_goods_id    and c.mall_picture_type=1       \t\tAND (a.is_package = 1 OR a.is_package IS NULL)    \t           and a.shop_goods_type = 1", "analyze": ["-> Aggregate: count(1)  (actual time=8.389..8.389 rows=1 loops=1)\n    -> Nested loop inner join  (cost=386.15 rows=7) (actual time=0.197..8.303 rows=325 loops=1)\n        -> Nested loop inner join  (cost=360.86 rows=26) (actual time=0.173..5.382 rows=325 loops=1)\n            -> Filter: ((a.shop_goods_type = 1) and ((a.is_package = 1) or (a.is_package is null)) and (a.mall_goods_id is not null))  (cost=341.32 rows=26) (actual time=0.157..3.716 rows=325 loops=1)\n                -> Index lookup on a using idx_shop_id (shop_id='44c7cc30f1494fd6b00487c9a73927fa')  (cost=341.32 rows=1355) (actual time=0.153..3.477 rows=1355 loops=1)\n            -> Filter: (a.mall_goods_id = b.mall_goods_id)  (cost=0.66 rows=1) (actual time=0.005..0.005 rows=1 loops=325)\n                -> Single-row index lookup on b using PRIMARY (mall_goods_id=a.mall_goods_id)  (cost=0.66 rows=1) (actual time=0.004..0.004 rows=1 loops=325)\n        -> Filter: (c.mall_picture_type = 1)  (cost=0.70 rows=0) (actual time=0.008..0.009 rows=1 loops=325)\n            -> Index lookup on c using idx_mall_goods_id (mall_goods_id=b.mall_goods_id), with index condition: (c.mall_goods_id = b.mall_goods_id)  (cost=0.70 rows=3) (actual time=0.007..0.008 rows=1 loops=325)\n"]}]