[{"sql": "SELECT a.* FROM remune_rule_piece AS a LEFT JOIN remune_rule_piece_goods AS b ON a.main_rule_code = b.main_rule_code LEFT JOIN remune_rule_piece_employee AS c ON a.main_rule_code = c.main_rule_code LEFT JOIN remune_rule_piece_order_channel AS d ON a.main_rule_code = d.main_rule_code LEFT JOIN remune_rule_piece_range AS e ON a.main_rule_code = e.main_rule_code WHERE a.rule_status = 1 AND c.emp_obj_code = 'YG03' AND d.channel_code = '20' AND b.sku_id = 'bc658b7be7254a778ee3a211aa5840f3' AND a.exe_time <= '2022-11-25 05:45:32' AND a.end_time >= '2022-11-25 05:45:32' AND e.dept_code= 38518510000000000000 ORDER BY a.cre_time DESC", "analyze": ["-> Sort: a.cre_time DESC  (actual time=2.796..2.796 rows=0 loops=1)\n    -> Stream results  (cost=634.73 rows=0) (actual time=2.787..2.787 rows=0 loops=1)\n        -> Inner hash join (b.main_rule_code = d.main_rule_code)  (cost=634.73 rows=0) (actual time=2.785..2.785 rows=0 loops=1)\n            -> Filter: (b.sku_id = 'bc658b7be7254a778ee3a211aa5840f3')  (cost=11.98 rows=10) (never executed)\n                -> Table scan on b  (cost=11.98 rows=999) (never executed)\n            -> Hash\n                -> Inner hash join (e.main_rule_code = d.main_rule_code)  (cost=184.82 rows=0) (actual time=2.776..2.776 rows=0 loops=1)\n                    -> Filter: (e.dept_code = 38518510000000000000)  (cost=23.94 rows=9) (actual time=0.258..0.991 rows=1 loops=1)\n                        -> Table scan on e  (cost=23.94 rows=854) (actual time=0.047..0.556 rows=854 loops=1)\n                    -> Hash\n                        -> Inner hash join (c.main_rule_code = d.main_rule_code)  (cost=80.11 rows=0) (actual time=1.482..1.760 rows=3 loops=1)\n                            -> Filter: (c.emp_obj_code = 'YG03')  (cost=27.56 rows=3) (actual time=0.077..0.321 rows=86 loops=1)\n                                -> Table scan on c  (cost=27.56 rows=343) (actual time=0.074..0.254 rows=343 loops=1)\n                            -> Hash\n                                -> Nested loop inner join  (cost=44.59 rows=1) (actual time=0.428..1.328 rows=3 loops=1)\n                                    -> Filter: ((d.channel_code = '20') and (d.main_rule_code is not null))  (cost=26.70 rows=26) (actual time=0.105..0.355 rows=85 loops=1)\n                                        -> Table scan on d  (cost=26.70 rows=257) (actual time=0.083..0.258 rows=257 loops=1)\n                                    -> Filter: ((a.rule_status = 1) and (a.exe_time <= TIMESTAMP'2022-11-25 05:45:32') and (a.end_time >= TIMESTAMP'2022-11-25 05:45:32'))  (cost=0.60 rows=0) (actual time=0.011..0.011 rows=0 loops=85)\n                                        -> Single-row index lookup on a using PRIMARY (main_rule_code=d.main_rule_code)  (cost=0.60 rows=1) (actual time=0.010..0.010 rows=1 loops=85)\n"]}, {"sql": " select distinct a.sub_order_id from order_sub_info as a LEFT JOIN order_info AS b ON a.order_id = b.order_id LEFT JOIN settlement_budget_bill AS c ON a.sub_order_id = c.sub_order_id LEFT JOIN settlement_bill_detail AS d ON d.bill_id = c.id WHERE a.order_settlement_status = '00'  and a.employee_id = '4524bdff-2acc-11ea-b0a7-286ed488c844'", "analyze": ["-> Table scan on <temporary>  (cost=0.01..45.98 rows=3478) (actual time=0.001..0.001 rows=0 loops=1)\n    -> Temporary table with deduplication  (cost=3352.62..3398.59 rows=3478) (actual time=0.794..0.794 rows=0 loops=1)\n        -> Nested loop left join  (cost=3004.79 rows=3478) (actual time=0.753..0.753 rows=0 loops=1)\n            -> Left hash join (c.sub_order_id = a.sub_order_id)  (cost=243.47 rows=2363) (actual time=0.752..0.752 rows=0 loops=1)\n                -> Nested loop left join  (cost=70.82 rows=7) (actual time=0.395..0.395 rows=0 loops=1)\n                    -> Filter: (a.employee_id = '4524bdff-2acc-11ea-b0a7-286ed488c844')  (cost=63.67 rows=7) (actual time=0.395..0.395 rows=0 loops=1)\n                        -> Index lookup on a using order_settlement_status (order_settlement_status='00')  (cost=63.67 rows=66) (actual time=0.076..0.376 rows=66 loops=1)\n                    -> Single-row index lookup on b using PRIMARY (order_id=a.order_id)  (cost=1.00 rows=1) (never executed)\n                -> Hash\n                    -> Table scan on c  (cost=5.66 rows=358) (actual time=0.041..0.188 rows=358 loops=1)\n            -> Index lookup on d using bill_id (bill_id=c.id)  (cost=1.02 rows=1) (never executed)\n"]}, {"sql": " select distinct a.sub_order_id from order_sub_info as a LEFT JOIN order_info AS b ON a.order_id = b.order_id LEFT JOIN settlement_budget_bill AS c ON a.sub_order_id = c.sub_order_id LEFT JOIN settlement_bill_detail AS d ON d.bill_id = c.id WHERE a.order_settlement_status = '01'  and a.employee_id = '4524bdff-2acc-11ea-b0a7-286ed488c844'", "analyze": ["-> Table scan on <temporary>  (cost=0.01..90.76 rows=7062) (actual time=0.001..0.001 rows=0 loops=1)\n    -> Temporary table with deduplication  (cost=6796.59..6887.34 rows=7062) (actual time=1.352..1.352 rows=0 loops=1)\n        -> Nested loop left join  (cost=6090.39 rows=7062) (actual time=1.308..1.308 rows=0 loops=1)\n            -> Left hash join (c.sub_order_id = a.sub_order_id)  (cost=484.08 rows=4797) (actual time=1.307..1.307 rows=0 loops=1)\n                -> Nested loop left join  (cost=143.78 rows=13) (actual time=0.741..0.741 rows=0 loops=1)\n                    -> Filter: (a.employee_id = '4524bdff-2acc-11ea-b0a7-286ed488c844')  (cost=129.28 rows=13) (actual time=0.740..0.740 rows=0 loops=1)\n                        -> Index lookup on a using order_settlement_status (order_settlement_status='01')  (cost=129.28 rows=134) (actual time=0.079..0.702 rows=134 loops=1)\n                    -> Single-row index lookup on b using PRIMARY (order_id=a.order_id)  (cost=0.99 rows=1) (never executed)\n                -> Hash\n                    -> Table scan on c  (cost=2.79 rows=358) (actual time=0.050..0.286 rows=358 loops=1)\n            -> Index lookup on d using bill_id (bill_id=c.id)  (cost=1.02 rows=1) (never executed)\n"]}, {"sql": " select distinct a.sub_order_id from order_sub_info as a LEFT JOIN order_info AS b ON a.order_id = b.order_id LEFT JOIN settlement_budget_bill AS c ON a.sub_order_id = c.sub_order_id LEFT JOIN settlement_bill_detail AS d ON d.bill_id = c.id WHERE a.order_settlement_status = '03'  and a.employee_id = '4524bdff-2acc-11ea-b0a7-286ed488c844'", "analyze": ["-> Table scan on <temporary>  (cost=0.01..101.96 rows=7958) (actual time=0.001..0.001 rows=0 loops=1)\n    -> Temporary table with deduplication  (cost=7657.98..7759.93 rows=7958) (actual time=1.419..1.419 rows=0 loops=1)\n        -> Nested loop left join  (cost=6862.20 rows=7958) (actual time=1.382..1.382 rows=0 loops=1)\n            -> Left hash join (c.sub_order_id = a.sub_order_id)  (cost=544.63 rows=5406) (actual time=1.381..1.381 rows=0 loops=1)\n                -> Nested loop left join  (cost=162.02 rows=15) (actual time=0.814..0.814 rows=0 loops=1)\n                    -> Filter: (a.employee_id = '4524bdff-2acc-11ea-b0a7-286ed488c844')  (cost=145.68 rows=15) (actual time=0.813..0.813 rows=0 loops=1)\n                        -> Index lookup on a using order_settlement_status (order_settlement_status='03')  (cost=145.68 rows=151) (actual time=0.075..0.772 rows=151 loops=1)\n                    -> Single-row index lookup on b using PRIMARY (order_id=a.order_id)  (cost=0.99 rows=1) (never executed)\n                -> Hash\n                    -> Table scan on c  (cost=2.48 rows=358) (actual time=0.052..0.316 rows=358 loops=1)\n            -> Index lookup on d using bill_id (bill_id=c.id)  (cost=1.02 rows=1) (never executed)\n"]}, {"sql": " SELECT count(distinct a.sub_order_id) FROM order_sub_info AS a LEFT JOIN settlement_budget_bill AS b ON a.sub_order_id = b.sub_order_id LEFT JOIN settlement_bill_detail AS c ON c.bill_id = b.id LEFT JOIN remune_rule_piece AS d ON d.main_rule_code = b.main_rule_code LEFT JOIN order_info AS e ON a.order_id = e.order_id WHERE a.order_settlement_status != '10' AND a.order_settlement_status = '03'  and a.employee_id = '9fc40f7c8a1f40a699c6f383bccf94f0'", "analyze": ["-> Aggregate: count(distinct a.sub_order_id)  (actual time=1.340..1.340 rows=1 loops=1)\n    -> Nested loop left join  (cost=8681.98 rows=7958) (actual time=1.337..1.337 rows=0 loops=1)\n        -> Nested loop left join  (cost=7871.37 rows=7958) (actual time=1.337..1.337 rows=0 loops=1)\n            -> Nested loop left join  (cost=6862.18 rows=7958) (actual time=1.337..1.337 rows=0 loops=1)\n                -> Left hash join (b.sub_order_id = a.sub_order_id)  (cost=544.62 rows=5406) (actual time=1.336..1.336 rows=0 loops=1)\n                    -> Filter: (a.employee_id = '9fc40f7c8a1f40a699c6f383bccf94f0')  (cost=145.68 rows=15) (actual time=0.781..0.781 rows=0 loops=1)\n                        -> Index lookup on a using order_settlement_status (order_settlement_status='03')  (cost=145.68 rows=151) (actual time=0.069..0.739 rows=151 loops=1)\n                    -> Hash\n                        -> Table scan on b  (cost=2.47 rows=358) (actual time=0.060..0.309 rows=358 loops=1)\n                -> Index lookup on c using bill_id (bill_id=b.id)  (cost=1.02 rows=1) (never executed)\n            -> Filter: (d.main_rule_code = b.main_rule_code)  (cost=0.03 rows=1) (never executed)\n                -> Single-row index lookup on d using PRIMARY (main_rule_code=b.main_rule_code)  (cost=0.03 rows=1) (never executed)\n        -> Single-row index lookup on e using PRIMARY (order_id=a.order_id)  (cost=0.00 rows=1) (never executed)\n"]}, {"sql": " select distinct a.sub_order_id from order_sub_info as a LEFT JOIN order_info AS b ON a.order_id = b.order_id LEFT JOIN settlement_budget_bill AS c ON a.sub_order_id = c.sub_order_id LEFT JOIN settlement_bill_detail AS d ON d.bill_id = c.id WHERE a.order_settlement_status = '00'  and a.employee_id = '9fc40f7c8a1f40a699c6f383bccf94f0'", "analyze": ["-> Table scan on <temporary>  (cost=0.01..45.98 rows=3478) (actual time=0.001..0.001 rows=0 loops=1)\n    -> Temporary table with deduplication  (cost=3352.62..3398.59 rows=3478) (actual time=0.894..0.894 rows=0 loops=1)\n        -> Nested loop left join  (cost=3004.79 rows=3478) (actual time=0.860..0.860 rows=0 loops=1)\n            -> Left hash join (c.sub_order_id = a.sub_order_id)  (cost=243.47 rows=2363) (actual time=0.859..0.859 rows=0 loops=1)\n                -> Nested loop left join  (cost=70.82 rows=7) (actual time=0.353..0.353 rows=0 loops=1)\n                    -> Filter: (a.employee_id = '9fc40f7c8a1f40a699c6f383bccf94f0')  (cost=63.67 rows=7) (actual time=0.353..0.353 rows=0 loops=1)\n                        -> Index lookup on a using order_settlement_status (order_settlement_status='00')  (cost=63.67 rows=66) (actual time=0.068..0.335 rows=66 loops=1)\n                    -> Single-row index lookup on b using PRIMARY (order_id=a.order_id)  (cost=1.00 rows=1) (never executed)\n                -> Hash\n                    -> Table scan on c  (cost=5.66 rows=358) (actual time=0.047..0.270 rows=358 loops=1)\n            -> Index lookup on d using bill_id (bill_id=c.id)  (cost=1.02 rows=1) (never executed)\n"]}, {"sql": " select distinct a.sub_order_id from order_sub_info as a LEFT JOIN order_info AS b ON a.order_id = b.order_id LEFT JOIN settlement_budget_bill AS c ON a.sub_order_id = c.sub_order_id LEFT JOIN settlement_bill_detail AS d ON d.bill_id = c.id WHERE a.order_settlement_status = '01'  and a.employee_id = '9fc40f7c8a1f40a699c6f383bccf94f0'", "analyze": ["-> Table scan on <temporary>  (cost=0.01..90.76 rows=7062) (actual time=0.001..0.001 rows=0 loops=1)\n    -> Temporary table with deduplication  (cost=6796.59..6887.34 rows=7062) (actual time=0.719..0.719 rows=0 loops=1)\n        -> Nested loop left join  (cost=6090.39 rows=7062) (actual time=0.690..0.690 rows=0 loops=1)\n            -> Left hash join (c.sub_order_id = a.sub_order_id)  (cost=484.08 rows=4797) (actual time=0.690..0.690 rows=0 loops=1)\n                -> Nested loop left join  (cost=143.78 rows=13) (actual time=0.397..0.397 rows=0 loops=1)\n                    -> Filter: (a.employee_id = '9fc40f7c8a1f40a699c6f383bccf94f0')  (cost=129.28 rows=13) (actual time=0.397..0.397 rows=0 loops=1)\n                        -> Index lookup on a using order_settlement_status (order_settlement_status='01')  (cost=129.28 rows=134) (actual time=0.048..0.382 rows=134 loops=1)\n                    -> Single-row index lookup on b using PRIMARY (order_id=a.order_id)  (cost=0.99 rows=1) (never executed)\n                -> Hash\n                    -> Table scan on c  (cost=2.79 rows=358) (actual time=0.035..0.154 rows=358 loops=1)\n            -> Index lookup on d using bill_id (bill_id=c.id)  (cost=1.02 rows=1) (never executed)\n"]}, {"sql": " select distinct a.sub_order_id from order_sub_info as a LEFT JOIN order_info AS b ON a.order_id = b.order_id LEFT JOIN settlement_budget_bill AS c ON a.sub_order_id = c.sub_order_id LEFT JOIN settlement_bill_detail AS d ON d.bill_id = c.id WHERE a.order_settlement_status = '00'  and a.employee_id = 'af7e08b8c5aa42b899663d31ca12f5d7'", "analyze": ["-> Table scan on <temporary>  (cost=0.01..45.98 rows=3478) (actual time=0.001..0.001 rows=0 loops=1)\n    -> Temporary table with deduplication  (cost=3352.62..3398.59 rows=3478) (actual time=0.957..0.957 rows=0 loops=1)\n        -> Nested loop left join  (cost=3004.79 rows=3478) (actual time=0.924..0.924 rows=0 loops=1)\n            -> Left hash join (c.sub_order_id = a.sub_order_id)  (cost=243.47 rows=2363) (actual time=0.924..0.924 rows=0 loops=1)\n                -> Nested loop left join  (cost=70.82 rows=7) (actual time=0.348..0.348 rows=0 loops=1)\n                    -> Filter: (a.employee_id = 'af7e08b8c5aa42b899663d31ca12f5d7')  (cost=63.67 rows=7) (actual time=0.347..0.347 rows=0 loops=1)\n                        -> Index lookup on a using order_settlement_status (order_settlement_status='00')  (cost=63.67 rows=66) (actual time=0.067..0.330 rows=66 loops=1)\n                    -> Single-row index lookup on b using PRIMARY (order_id=a.order_id)  (cost=1.00 rows=1) (never executed)\n                -> Hash\n                    -> Table scan on c  (cost=5.66 rows=358) (actual time=0.115..0.333 rows=358 loops=1)\n            -> Index lookup on d using bill_id (bill_id=c.id)  (cost=1.02 rows=1) (never executed)\n"]}, {"sql": " select distinct a.sub_order_id from order_sub_info as a LEFT JOIN order_info AS b ON a.order_id = b.order_id LEFT JOIN settlement_budget_bill AS c ON a.sub_order_id = c.sub_order_id LEFT JOIN settlement_bill_detail AS d ON d.bill_id = c.id WHERE a.order_settlement_status = '01'  and a.employee_id = 'af7e08b8c5aa42b899663d31ca12f5d7'", "analyze": ["-> Table scan on <temporary>  (cost=0.01..90.76 rows=7062) (actual time=0.001..0.001 rows=0 loops=1)\n    -> Temporary table with deduplication  (cost=6796.59..6887.34 rows=7062) (actual time=1.368..1.368 rows=0 loops=1)\n        -> Nested loop left join  (cost=6090.39 rows=7062) (actual time=1.330..1.330 rows=0 loops=1)\n            -> Left hash join (c.sub_order_id = a.sub_order_id)  (cost=484.08 rows=4797) (actual time=1.330..1.330 rows=0 loops=1)\n                -> Nested loop left join  (cost=143.78 rows=13) (actual time=0.814..0.814 rows=0 loops=1)\n                    -> Filter: (a.employee_id = 'af7e08b8c5aa42b899663d31ca12f5d7')  (cost=129.28 rows=13) (actual time=0.813..0.813 rows=0 loops=1)\n                        -> Index lookup on a using order_settlement_status (order_settlement_status='01')  (cost=129.28 rows=134) (actual time=0.080..0.775 rows=134 loops=1)\n                    -> Single-row index lookup on b using PRIMARY (order_id=a.order_id)  (cost=0.99 rows=1) (never executed)\n                -> Hash\n                    -> Table scan on c  (cost=2.79 rows=358) (actual time=0.050..0.279 rows=358 loops=1)\n            -> Index lookup on d using bill_id (bill_id=c.id)  (cost=1.02 rows=1) (never executed)\n"]}, {"sql": " select distinct a.sub_order_id from order_sub_info as a LEFT JOIN order_info AS b ON a.order_id = b.order_id LEFT JOIN settlement_budget_bill AS c ON a.sub_order_id = c.sub_order_id LEFT JOIN settlement_bill_detail AS d ON d.bill_id = c.id WHERE a.order_settlement_status = '03'  and a.employee_id = 'af7e08b8c5aa42b899663d31ca12f5d7'", "analyze": ["-> Table scan on <temporary>  (cost=0.01..101.96 rows=7958) (actual time=0.001..0.001 rows=0 loops=1)\n    -> Temporary table with deduplication  (cost=7657.98..7759.93 rows=7958) (actual time=1.402..1.402 rows=0 loops=1)\n        -> Nested loop left join  (cost=6862.20 rows=7958) (actual time=1.366..1.366 rows=0 loops=1)\n            -> Left hash join (c.sub_order_id = a.sub_order_id)  (cost=544.63 rows=5406) (actual time=1.365..1.365 rows=0 loops=1)\n                -> Nested loop left join  (cost=162.02 rows=15) (actual time=0.825..0.825 rows=0 loops=1)\n                    -> Filter: (a.employee_id = 'af7e08b8c5aa42b899663d31ca12f5d7')  (cost=145.68 rows=15) (actual time=0.824..0.824 rows=0 loops=1)\n                        -> Index lookup on a using order_settlement_status (order_settlement_status='03')  (cost=145.68 rows=151) (actual time=0.072..0.783 rows=151 loops=1)\n                    -> Single-row index lookup on b using PRIMARY (order_id=a.order_id)  (cost=0.99 rows=1) (never executed)\n                -> Hash\n                    -> Table scan on c  (cost=2.48 rows=358) (actual time=0.053..0.287 rows=358 loops=1)\n            -> Index lookup on d using bill_id (bill_id=c.id)  (cost=1.02 rows=1) (never executed)\n"]}, {"sql": " select distinct a.sub_order_id from order_sub_info as a LEFT JOIN order_info AS b ON a.order_id = b.order_id LEFT JOIN settlement_budget_bill AS c ON a.sub_order_id = c.sub_order_id LEFT JOIN settlement_bill_detail AS d ON d.bill_id = c.id WHERE a.order_settlement_status = '00'  and a.employee_id = '85ba45a8f4994e058c2719349370baf0'", "analyze": ["-> Table scan on <temporary>  (cost=0.01..45.98 rows=3478) (actual time=0.001..0.001 rows=0 loops=1)\n    -> Temporary table with deduplication  (cost=3352.62..3398.59 rows=3478) (actual time=0.948..0.948 rows=0 loops=1)\n        -> Nested loop left join  (cost=3004.79 rows=3478) (actual time=0.914..0.914 rows=0 loops=1)\n            -> Left hash join (c.sub_order_id = a.sub_order_id)  (cost=243.47 rows=2363) (actual time=0.913..0.913 rows=0 loops=1)\n                -> Nested loop left join  (cost=70.82 rows=7) (actual time=0.376..0.376 rows=0 loops=1)\n                    -> Filter: (a.employee_id = '85ba45a8f4994e058c2719349370baf0')  (cost=63.67 rows=7) (actual time=0.376..0.376 rows=0 loops=1)\n                        -> Index lookup on a using order_settlement_status (order_settlement_status='00')  (cost=63.67 rows=66) (actual time=0.070..0.357 rows=66 loops=1)\n                    -> Single-row index lookup on b using PRIMARY (order_id=a.order_id)  (cost=1.00 rows=1) (never executed)\n                -> Hash\n                    -> Table scan on c  (cost=5.66 rows=358) (actual time=0.052..0.287 rows=358 loops=1)\n            -> Index lookup on d using bill_id (bill_id=c.id)  (cost=1.02 rows=1) (never executed)\n"]}, {"sql": " select distinct a.sub_order_id from order_sub_info as a LEFT JOIN order_info AS b ON a.order_id = b.order_id LEFT JOIN settlement_budget_bill AS c ON a.sub_order_id = c.sub_order_id LEFT JOIN settlement_bill_detail AS d ON d.bill_id = c.id WHERE a.order_settlement_status = '00'  and a.employee_id = '85ba45a8f4994e058c2719349370baf0'", "analyze": ["-> Table scan on <temporary>  (cost=0.01..45.98 rows=3478) (actual time=0.001..0.001 rows=0 loops=1)\n    -> Temporary table with deduplication  (cost=3352.62..3398.59 rows=3478) (actual time=0.951..0.951 rows=0 loops=1)\n        -> Nested loop left join  (cost=3004.79 rows=3478) (actual time=0.913..0.913 rows=0 loops=1)\n            -> Left hash join (c.sub_order_id = a.sub_order_id)  (cost=243.47 rows=2363) (actual time=0.912..0.912 rows=0 loops=1)\n                -> Nested loop left join  (cost=70.82 rows=7) (actual time=0.399..0.399 rows=0 loops=1)\n                    -> Filter: (a.employee_id = '85ba45a8f4994e058c2719349370baf0')  (cost=63.67 rows=7) (actual time=0.399..0.399 rows=0 loops=1)\n                        -> Index lookup on a using order_settlement_status (order_settlement_status='00')  (cost=63.67 rows=66) (actual time=0.068..0.381 rows=66 loops=1)\n                    -> Single-row index lookup on b using PRIMARY (order_id=a.order_id)  (cost=1.00 rows=1) (never executed)\n                -> Hash\n                    -> Table scan on c  (cost=5.66 rows=358) (actual time=0.052..0.276 rows=358 loops=1)\n            -> Index lookup on d using bill_id (bill_id=c.id)  (cost=1.02 rows=1) (never executed)\n"]}, {"sql": " select distinct a.sub_order_id from order_sub_info as a LEFT JOIN order_info AS b ON a.order_id = b.order_id LEFT JOIN settlement_budget_bill AS c ON a.sub_order_id = c.sub_order_id LEFT JOIN settlement_bill_detail AS d ON d.bill_id = c.id WHERE a.order_settlement_status = '01'  and a.employee_id = '85ba45a8f4994e058c2719349370baf0'", "analyze": ["-> Table scan on <temporary>  (cost=0.01..90.76 rows=7062) (actual time=0.001..0.001 rows=0 loops=1)\n    -> Temporary table with deduplication  (cost=6796.59..6887.34 rows=7062) (actual time=1.317..1.317 rows=0 loops=1)\n        -> Nested loop left join  (cost=6090.39 rows=7062) (actual time=1.285..1.285 rows=0 loops=1)\n            -> Left hash join (c.sub_order_id = a.sub_order_id)  (cost=484.08 rows=4797) (actual time=1.284..1.284 rows=0 loops=1)\n                -> Nested loop left join  (cost=143.78 rows=13) (actual time=0.780..0.780 rows=0 loops=1)\n                    -> Filter: (a.employee_id = '85ba45a8f4994e058c2719349370baf0')  (cost=129.28 rows=13) (actual time=0.780..0.780 rows=0 loops=1)\n                        -> Index lookup on a using order_settlement_status (order_settlement_status='01')  (cost=129.28 rows=134) (actual time=0.075..0.743 rows=134 loops=1)\n                    -> Single-row index lookup on b using PRIMARY (order_id=a.order_id)  (cost=0.99 rows=1) (never executed)\n                -> Hash\n                    -> Table scan on c  (cost=2.79 rows=358) (actual time=0.048..0.271 rows=358 loops=1)\n            -> Index lookup on d using bill_id (bill_id=c.id)  (cost=1.02 rows=1) (never executed)\n"]}, {"sql": " select distinct a.sub_order_id from order_sub_info as a LEFT JOIN order_info AS b ON a.order_id = b.order_id LEFT JOIN settlement_budget_bill AS c ON a.sub_order_id = c.sub_order_id LEFT JOIN settlement_bill_detail AS d ON d.bill_id = c.id WHERE a.order_settlement_status = '01'  and a.employee_id = '85ba45a8f4994e058c2719349370baf0'", "analyze": ["-> Table scan on <temporary>  (cost=0.01..90.76 rows=7062) (actual time=0.001..0.001 rows=0 loops=1)\n    -> Temporary table with deduplication  (cost=6796.59..6887.34 rows=7062) (actual time=1.229..1.229 rows=0 loops=1)\n        -> Nested loop left join  (cost=6090.39 rows=7062) (actual time=1.197..1.197 rows=0 loops=1)\n            -> Left hash join (c.sub_order_id = a.sub_order_id)  (cost=484.08 rows=4797) (actual time=1.196..1.196 rows=0 loops=1)\n                -> Nested loop left join  (cost=143.78 rows=13) (actual time=0.695..0.695 rows=0 loops=1)\n                    -> Filter: (a.employee_id = '85ba45a8f4994e058c2719349370baf0')  (cost=129.28 rows=13) (actual time=0.694..0.694 rows=0 loops=1)\n                        -> Index lookup on a using order_settlement_status (order_settlement_status='01')  (cost=129.28 rows=134) (actual time=0.076..0.659 rows=134 loops=1)\n                    -> Single-row index lookup on b using PRIMARY (order_id=a.order_id)  (cost=0.99 rows=1) (never executed)\n                -> Hash\n                    -> Table scan on c  (cost=2.79 rows=358) (actual time=0.049..0.274 rows=358 loops=1)\n            -> Index lookup on d using bill_id (bill_id=c.id)  (cost=1.02 rows=1) (never executed)\n"]}, {"sql": " select distinct a.sub_order_id from order_sub_info as a LEFT JOIN order_info AS b ON a.order_id = b.order_id LEFT JOIN settlement_budget_bill AS c ON a.sub_order_id = c.sub_order_id LEFT JOIN settlement_bill_detail AS d ON d.bill_id = c.id WHERE a.order_settlement_status = '01'  and a.employee_id = '85ba45a8f4994e058c2719349370baf0'", "analyze": ["-> Table scan on <temporary>  (cost=0.01..90.76 rows=7062) (actual time=0.001..0.001 rows=0 loops=1)\n    -> Temporary table with deduplication  (cost=6796.59..6887.34 rows=7062) (actual time=1.317..1.317 rows=0 loops=1)\n        -> Nested loop left join  (cost=6090.39 rows=7062) (actual time=1.282..1.282 rows=0 loops=1)\n            -> Left hash join (c.sub_order_id = a.sub_order_id)  (cost=484.08 rows=4797) (actual time=1.281..1.281 rows=0 loops=1)\n                -> Nested loop left join  (cost=143.78 rows=13) (actual time=0.724..0.724 rows=0 loops=1)\n                    -> Filter: (a.employee_id = '85ba45a8f4994e058c2719349370baf0')  (cost=129.28 rows=13) (actual time=0.723..0.723 rows=0 loops=1)\n                        -> Index lookup on a using order_settlement_status (order_settlement_status='01')  (cost=129.28 rows=134) (actual time=0.075..0.685 rows=134 loops=1)\n                    -> Single-row index lookup on b using PRIMARY (order_id=a.order_id)  (cost=0.99 rows=1) (never executed)\n                -> Hash\n                    -> Table scan on c  (cost=2.79 rows=358) (actual time=0.049..0.280 rows=358 loops=1)\n            -> Index lookup on d using bill_id (bill_id=c.id)  (cost=1.02 rows=1) (never executed)\n"]}, {"sql": " select distinct a.sub_order_id from order_sub_info as a LEFT JOIN order_info AS b ON a.order_id = b.order_id LEFT JOIN settlement_budget_bill AS c ON a.sub_order_id = c.sub_order_id LEFT JOIN settlement_bill_detail AS d ON d.bill_id = c.id WHERE a.order_settlement_status = '03'  and a.employee_id = '85ba45a8f4994e058c2719349370baf0'", "analyze": ["-> Table scan on <temporary>  (cost=0.01..101.96 rows=7958) (actual time=0.001..0.001 rows=0 loops=1)\n    -> Temporary table with deduplication  (cost=7657.98..7759.93 rows=7958) (actual time=1.415..1.415 rows=0 loops=1)\n        -> Nested loop left join  (cost=6862.20 rows=7958) (actual time=1.380..1.380 rows=0 loops=1)\n            -> Left hash join (c.sub_order_id = a.sub_order_id)  (cost=544.63 rows=5406) (actual time=1.379..1.379 rows=0 loops=1)\n                -> Nested loop left join  (cost=162.02 rows=15) (actual time=0.826..0.826 rows=0 loops=1)\n                    -> Filter: (a.employee_id = '85ba45a8f4994e058c2719349370baf0')  (cost=145.68 rows=15) (actual time=0.826..0.826 rows=0 loops=1)\n                        -> Index lookup on a using order_settlement_status (order_settlement_status='03')  (cost=145.68 rows=151) (actual time=0.072..0.784 rows=151 loops=1)\n                    -> Single-row index lookup on b using PRIMARY (order_id=a.order_id)  (cost=0.99 rows=1) (never executed)\n                -> Hash\n                    -> Table scan on c  (cost=2.48 rows=358) (actual time=0.051..0.285 rows=358 loops=1)\n            -> Index lookup on d using bill_id (bill_id=c.id)  (cost=1.02 rows=1) (never executed)\n"]}, {"sql": " select distinct a.sub_order_id from order_sub_info as a LEFT JOIN order_info AS b ON a.order_id = b.order_id LEFT JOIN settlement_budget_bill AS c ON a.sub_order_id = c.sub_order_id LEFT JOIN settlement_bill_detail AS d ON d.bill_id = c.id WHERE a.order_settlement_status = '03'  and a.employee_id = '85ba45a8f4994e058c2719349370baf0'", "analyze": ["-> Table scan on <temporary>  (cost=0.01..101.96 rows=7958) (actual time=0.001..0.001 rows=0 loops=1)\n    -> Temporary table with deduplication  (cost=7657.98..7759.93 rows=7958) (actual time=1.383..1.383 rows=0 loops=1)\n        -> Nested loop left join  (cost=6862.20 rows=7958) (actual time=1.349..1.349 rows=0 loops=1)\n            -> Left hash join (c.sub_order_id = a.sub_order_id)  (cost=544.63 rows=5406) (actual time=1.349..1.349 rows=0 loops=1)\n                -> Nested loop left join  (cost=162.02 rows=15) (actual time=0.798..0.798 rows=0 loops=1)\n                    -> Filter: (a.employee_id = '85ba45a8f4994e058c2719349370baf0')  (cost=145.68 rows=15) (actual time=0.797..0.797 rows=0 loops=1)\n                        -> Index lookup on a using order_settlement_status (order_settlement_status='03')  (cost=145.68 rows=151) (actual time=0.069..0.756 rows=151 loops=1)\n                    -> Single-row index lookup on b using PRIMARY (order_id=a.order_id)  (cost=0.99 rows=1) (never executed)\n                -> Hash\n                    -> Table scan on c  (cost=2.48 rows=358) (actual time=0.065..0.296 rows=358 loops=1)\n            -> Index lookup on d using bill_id (bill_id=c.id)  (cost=1.02 rows=1) (never executed)\n"]}, {"sql": " select distinct a.sub_order_id from order_sub_info as a LEFT JOIN order_info AS b ON a.order_id = b.order_id LEFT JOIN settlement_budget_bill AS c ON a.sub_order_id = c.sub_order_id LEFT JOIN settlement_bill_detail AS d ON d.bill_id = c.id WHERE a.order_settlement_status = '03'  and a.employee_id = '85ba45a8f4994e058c2719349370baf0'", "analyze": ["-> Table scan on <temporary>  (cost=0.01..101.96 rows=7958) (actual time=0.001..0.001 rows=0 loops=1)\n    -> Temporary table with deduplication  (cost=7657.98..7759.93 rows=7958) (actual time=1.328..1.328 rows=0 loops=1)\n        -> Nested loop left join  (cost=6862.20 rows=7958) (actual time=1.293..1.293 rows=0 loops=1)\n            -> Left hash join (c.sub_order_id = a.sub_order_id)  (cost=544.63 rows=5406) (actual time=1.293..1.293 rows=0 loops=1)\n                -> Nested loop left join  (cost=162.02 rows=15) (actual time=0.780..0.780 rows=0 loops=1)\n                    -> Filter: (a.employee_id = '85ba45a8f4994e058c2719349370baf0')  (cost=145.68 rows=15) (actual time=0.779..0.779 rows=0 loops=1)\n                        -> Index lookup on a using order_settlement_status (order_settlement_status='03')  (cost=145.68 rows=151) (actual time=0.067..0.738 rows=151 loops=1)\n                    -> Single-row index lookup on b using PRIMARY (order_id=a.order_id)  (cost=0.99 rows=1) (never executed)\n                -> Hash\n                    -> Table scan on c  (cost=2.48 rows=358) (actual time=0.048..0.282 rows=358 loops=1)\n            -> Index lookup on d using bill_id (bill_id=c.id)  (cost=1.02 rows=1) (never executed)\n"]}, {"sql": " select distinct a.sub_order_id from order_sub_info as a LEFT JOIN order_info AS b ON a.order_id = b.order_id LEFT JOIN settlement_budget_bill AS c ON a.sub_order_id = c.sub_order_id LEFT JOIN settlement_bill_detail AS d ON d.bill_id = c.id WHERE a.order_settlement_status = '00'  and a.employee_id = '8e0391c0acd242888965e335f3494c87'", "analyze": ["-> Table scan on <temporary>  (cost=0.01..45.98 rows=3478) (actual time=0.001..0.001 rows=0 loops=1)\n    -> Temporary table with deduplication  (cost=3352.62..3398.59 rows=3478) (actual time=0.898..0.898 rows=0 loops=1)\n        -> Nested loop left join  (cost=3004.79 rows=3478) (actual time=0.864..0.864 rows=0 loops=1)\n            -> Left hash join (c.sub_order_id = a.sub_order_id)  (cost=243.47 rows=2363) (actual time=0.864..0.864 rows=0 loops=1)\n                -> Nested loop left join  (cost=70.82 rows=7) (actual time=0.345..0.345 rows=0 loops=1)\n                    -> Filter: (a.employee_id = '8e0391c0acd242888965e335f3494c87')  (cost=63.67 rows=7) (actual time=0.344..0.344 rows=0 loops=1)\n                        -> Index lookup on a using order_settlement_status (order_settlement_status='00')  (cost=63.67 rows=66) (actual time=0.067..0.326 rows=66 loops=1)\n                    -> Single-row index lookup on b using PRIMARY (order_id=a.order_id)  (cost=1.00 rows=1) (never executed)\n                -> Hash\n                    -> Table scan on c  (cost=5.66 rows=358) (actual time=0.049..0.288 rows=358 loops=1)\n            -> Index lookup on d using bill_id (bill_id=c.id)  (cost=1.02 rows=1) (never executed)\n"]}, {"sql": " select distinct a.sub_order_id from order_sub_info as a LEFT JOIN order_info AS b ON a.order_id = b.order_id LEFT JOIN settlement_budget_bill AS c ON a.sub_order_id = c.sub_order_id LEFT JOIN settlement_bill_detail AS d ON d.bill_id = c.id WHERE a.order_settlement_status = '01'  and a.employee_id = '8e0391c0acd242888965e335f3494c87'", "analyze": ["-> Table scan on <temporary>  (cost=0.01..90.76 rows=7062) (actual time=0.001..0.001 rows=0 loops=1)\n    -> Temporary table with deduplication  (cost=6796.59..6887.34 rows=7062) (actual time=1.148..1.148 rows=0 loops=1)\n        -> Nested loop left join  (cost=6090.39 rows=7062) (actual time=1.113..1.113 rows=0 loops=1)\n            -> Left hash join (c.sub_order_id = a.sub_order_id)  (cost=484.08 rows=4797) (actual time=1.112..1.112 rows=0 loops=1)\n                -> Nested loop left join  (cost=143.78 rows=13) (actual time=0.666..0.666 rows=0 loops=1)\n                    -> Filter: (a.employee_id = '8e0391c0acd242888965e335f3494c87')  (cost=129.28 rows=13) (actual time=0.665..0.665 rows=0 loops=1)\n                        -> Index lookup on a using order_settlement_status (order_settlement_status='01')  (cost=129.28 rows=134) (actual time=0.076..0.634 rows=134 loops=1)\n                    -> Single-row index lookup on b using PRIMARY (order_id=a.order_id)  (cost=0.99 rows=1) (never executed)\n                -> Hash\n                    -> Table scan on c  (cost=2.79 rows=358) (actual time=0.046..0.247 rows=358 loops=1)\n            -> Index lookup on d using bill_id (bill_id=c.id)  (cost=1.02 rows=1) (never executed)\n"]}, {"sql": " select distinct a.sub_order_id from order_sub_info as a LEFT JOIN order_info AS b ON a.order_id = b.order_id LEFT JOIN settlement_budget_bill AS c ON a.sub_order_id = c.sub_order_id LEFT JOIN settlement_bill_detail AS d ON d.bill_id = c.id WHERE a.order_settlement_status = '03'  and a.employee_id = '8e0391c0acd242888965e335f3494c87'", "analyze": ["-> Table scan on <temporary>  (cost=0.01..101.96 rows=7958) (actual time=0.001..0.001 rows=0 loops=1)\n    -> Temporary table with deduplication  (cost=7657.98..7759.93 rows=7958) (actual time=1.426..1.426 rows=0 loops=1)\n        -> Nested loop left join  (cost=6862.20 rows=7958) (actual time=1.387..1.387 rows=0 loops=1)\n            -> Left hash join (c.sub_order_id = a.sub_order_id)  (cost=544.63 rows=5406) (actual time=1.386..1.386 rows=0 loops=1)\n                -> Nested loop left join  (cost=162.02 rows=15) (actual time=0.821..0.821 rows=0 loops=1)\n                    -> Filter: (a.employee_id = '8e0391c0acd242888965e335f3494c87')  (cost=145.68 rows=15) (actual time=0.821..0.821 rows=0 loops=1)\n                        -> Index lookup on a using order_settlement_status (order_settlement_status='03')  (cost=145.68 rows=151) (actual time=0.074..0.777 rows=151 loops=1)\n                    -> Single-row index lookup on b using PRIMARY (order_id=a.order_id)  (cost=0.99 rows=1) (never executed)\n                -> Hash\n                    -> Table scan on c  (cost=2.48 rows=358) (actual time=0.053..0.313 rows=358 loops=1)\n            -> Index lookup on d using bill_id (bill_id=c.id)  (cost=1.02 rows=1) (never executed)\n"]}, {"sql": " select distinct a.sub_order_id from order_sub_info as a LEFT JOIN order_info AS b ON a.order_id = b.order_id LEFT JOIN settlement_budget_bill AS c ON a.sub_order_id = c.sub_order_id LEFT JOIN settlement_bill_detail AS d ON d.bill_id = c.id WHERE a.order_settlement_status = '00'  and a.employee_id = 'b1ac45ee3dd94b3d91def616b8dd61b5'", "analyze": ["-> Table scan on <temporary>  (cost=0.01..45.98 rows=3478) (actual time=0.001..0.001 rows=0 loops=1)\n    -> Temporary table with deduplication  (cost=3352.62..3398.59 rows=3478) (actual time=0.927..0.927 rows=0 loops=1)\n        -> Nested loop left join  (cost=3004.79 rows=3478) (actual time=0.890..0.890 rows=0 loops=1)\n            -> Left hash join (c.sub_order_id = a.sub_order_id)  (cost=243.47 rows=2363) (actual time=0.889..0.889 rows=0 loops=1)\n                -> Nested loop left join  (cost=70.82 rows=7) (actual time=0.354..0.354 rows=0 loops=1)\n                    -> Filter: (a.employee_id = 'b1ac45ee3dd94b3d91def616b8dd61b5')  (cost=63.67 rows=7) (actual time=0.353..0.353 rows=0 loops=1)\n                        -> Index lookup on a using order_settlement_status (order_settlement_status='00')  (cost=63.67 rows=66) (actual time=0.071..0.336 rows=66 loops=1)\n                    -> Single-row index lookup on b using PRIMARY (order_id=a.order_id)  (cost=1.00 rows=1) (never executed)\n                -> Hash\n                    -> Table scan on c  (cost=5.66 rows=358) (actual time=0.083..0.307 rows=358 loops=1)\n            -> Index lookup on d using bill_id (bill_id=c.id)  (cost=1.02 rows=1) (never executed)\n"]}, {"sql": " select distinct a.sub_order_id from order_sub_info as a LEFT JOIN order_info AS b ON a.order_id = b.order_id LEFT JOIN settlement_budget_bill AS c ON a.sub_order_id = c.sub_order_id LEFT JOIN settlement_bill_detail AS d ON d.bill_id = c.id WHERE a.order_settlement_status = '01'  and a.employee_id = 'b1ac45ee3dd94b3d91def616b8dd61b5'", "analyze": ["-> Table scan on <temporary>  (cost=0.01..90.76 rows=7062) (actual time=0.001..0.001 rows=0 loops=1)\n    -> Temporary table with deduplication  (cost=6796.59..6887.34 rows=7062) (actual time=1.364..1.364 rows=0 loops=1)\n        -> Nested loop left join  (cost=6090.39 rows=7062) (actual time=1.324..1.324 rows=0 loops=1)\n            -> Left hash join (c.sub_order_id = a.sub_order_id)  (cost=484.08 rows=4797) (actual time=1.324..1.324 rows=0 loops=1)\n                -> Nested loop left join  (cost=143.78 rows=13) (actual time=0.713..0.713 rows=0 loops=1)\n                    -> Filter: (a.employee_id = 'b1ac45ee3dd94b3d91def616b8dd61b5')  (cost=129.28 rows=13) (actual time=0.712..0.712 rows=0 loops=1)\n                        -> Index lookup on a using order_settlement_status (order_settlement_status='01')  (cost=129.28 rows=134) (actual time=0.080..0.675 rows=134 loops=1)\n                    -> Single-row index lookup on b using PRIMARY (order_id=a.order_id)  (cost=0.99 rows=1) (never executed)\n                -> Hash\n                    -> Table scan on c  (cost=2.79 rows=358) (actual time=0.053..0.282 rows=358 loops=1)\n            -> Index lookup on d using bill_id (bill_id=c.id)  (cost=1.02 rows=1) (never executed)\n"]}, {"sql": " select distinct a.sub_order_id from order_sub_info as a LEFT JOIN order_info AS b ON a.order_id = b.order_id LEFT JOIN settlement_budget_bill AS c ON a.sub_order_id = c.sub_order_id LEFT JOIN settlement_bill_detail AS d ON d.bill_id = c.id WHERE a.order_settlement_status = '03'  and a.employee_id = 'b1ac45ee3dd94b3d91def616b8dd61b5'", "analyze": ["-> Table scan on <temporary>  (cost=0.01..101.96 rows=7958) (actual time=0.001..0.001 rows=0 loops=1)\n    -> Temporary table with deduplication  (cost=7657.98..7759.93 rows=7958) (actual time=1.268..1.268 rows=0 loops=1)\n        -> Nested loop left join  (cost=6862.20 rows=7958) (actual time=1.231..1.231 rows=0 loops=1)\n            -> Left hash join (c.sub_order_id = a.sub_order_id)  (cost=544.63 rows=5406) (actual time=1.230..1.230 rows=0 loops=1)\n                -> Nested loop left join  (cost=162.02 rows=15) (actual time=0.759..0.759 rows=0 loops=1)\n                    -> Filter: (a.employee_id = 'b1ac45ee3dd94b3d91def616b8dd61b5')  (cost=145.68 rows=15) (actual time=0.758..0.758 rows=0 loops=1)\n                        -> Index lookup on a using order_settlement_status (order_settlement_status='03')  (cost=145.68 rows=151) (actual time=0.070..0.721 rows=151 loops=1)\n                    -> Single-row index lookup on b using PRIMARY (order_id=a.order_id)  (cost=0.99 rows=1) (never executed)\n                -> Hash\n                    -> Table scan on c  (cost=2.48 rows=358) (actual time=0.051..0.258 rows=358 loops=1)\n            -> Index lookup on d using bill_id (bill_id=c.id)  (cost=1.02 rows=1) (never executed)\n"]}, {"sql": " select distinct a.sub_order_id from order_sub_info as a LEFT JOIN order_info AS b ON a.order_id = b.order_id LEFT JOIN settlement_budget_bill AS c ON a.sub_order_id = c.sub_order_id LEFT JOIN settlement_bill_detail AS d ON d.bill_id = c.id WHERE a.order_settlement_status = '00'  and a.employee_id = 'b471f282-28b0-11ea-8ac7-005056af1ad0'", "analyze": ["-> Table scan on <temporary>  (cost=0.01..45.98 rows=3478) (actual time=0.001..0.001 rows=0 loops=1)\n    -> Temporary table with deduplication  (cost=3352.62..3398.59 rows=3478) (actual time=0.996..0.996 rows=0 loops=1)\n        -> Nested loop left join  (cost=3004.79 rows=3478) (actual time=0.955..0.955 rows=0 loops=1)\n            -> Left hash join (c.sub_order_id = a.sub_order_id)  (cost=243.47 rows=2363) (actual time=0.955..0.955 rows=0 loops=1)\n                -> Nested loop left join  (cost=70.82 rows=7) (actual time=0.374..0.374 rows=0 loops=1)\n                    -> Filter: (a.employee_id = 'b471f282-28b0-11ea-8ac7-005056af1ad0')  (cost=63.67 rows=7) (actual time=0.373..0.373 rows=0 loops=1)\n                        -> Index lookup on a using order_settlement_status (order_settlement_status='00')  (cost=63.67 rows=66) (actual time=0.078..0.355 rows=66 loops=1)\n                    -> Single-row index lookup on b using PRIMARY (order_id=a.order_id)  (cost=1.00 rows=1) (never executed)\n                -> Hash\n                    -> Table scan on c  (cost=5.66 rows=358) (actual time=0.057..0.325 rows=358 loops=1)\n            -> Index lookup on d using bill_id (bill_id=c.id)  (cost=1.02 rows=1) (never executed)\n"]}, {"sql": " select distinct a.sub_order_id from order_sub_info as a LEFT JOIN order_info AS b ON a.order_id = b.order_id LEFT JOIN settlement_budget_bill AS c ON a.sub_order_id = c.sub_order_id LEFT JOIN settlement_bill_detail AS d ON d.bill_id = c.id WHERE a.order_settlement_status = '00'  and a.employee_id = 'b471f282-28b0-11ea-8ac7-005056af1ad0'", "analyze": ["-> Table scan on <temporary>  (cost=0.01..45.98 rows=3478) (actual time=0.001..0.001 rows=0 loops=1)\n    -> Temporary table with deduplication  (cost=3352.62..3398.59 rows=3478) (actual time=0.541..0.541 rows=0 loops=1)\n        -> Nested loop left join  (cost=3004.79 rows=3478) (actual time=0.508..0.508 rows=0 loops=1)\n            -> Left hash join (c.sub_order_id = a.sub_order_id)  (cost=243.47 rows=2363) (actual time=0.507..0.507 rows=0 loops=1)\n                -> Nested loop left join  (cost=70.82 rows=7) (actual time=0.202..0.202 rows=0 loops=1)\n                    -> Filter: (a.employee_id = 'b471f282-28b0-11ea-8ac7-005056af1ad0')  (cost=63.67 rows=7) (actual time=0.202..0.202 rows=0 loops=1)\n                        -> Index lookup on a using order_settlement_status (order_settlement_status='00')  (cost=63.67 rows=66) (actual time=0.047..0.193 rows=66 loops=1)\n                    -> Single-row index lookup on b using PRIMARY (order_id=a.order_id)  (cost=1.00 rows=1) (never executed)\n                -> Hash\n                    -> Table scan on c  (cost=5.66 rows=358) (actual time=0.041..0.162 rows=358 loops=1)\n            -> Index lookup on d using bill_id (bill_id=c.id)  (cost=1.02 rows=1) (never executed)\n"]}, {"sql": " select distinct a.sub_order_id from order_sub_info as a LEFT JOIN order_info AS b ON a.order_id = b.order_id LEFT JOIN settlement_budget_bill AS c ON a.sub_order_id = c.sub_order_id LEFT JOIN settlement_bill_detail AS d ON d.bill_id = c.id WHERE a.order_settlement_status = '01'  and a.employee_id = 'b471f282-28b0-11ea-8ac7-005056af1ad0'", "analyze": ["-> Table scan on <temporary>  (cost=0.01..90.76 rows=7062) (actual time=0.001..0.001 rows=0 loops=1)\n    -> Temporary table with deduplication  (cost=6796.59..6887.34 rows=7062) (actual time=1.418..1.418 rows=0 loops=1)\n        -> Nested loop left join  (cost=6090.39 rows=7062) (actual time=1.380..1.380 rows=0 loops=1)\n            -> Left hash join (c.sub_order_id = a.sub_order_id)  (cost=484.08 rows=4797) (actual time=1.379..1.379 rows=0 loops=1)\n                -> Nested loop left join  (cost=143.78 rows=13) (actual time=0.777..0.777 rows=0 loops=1)\n                    -> Filter: (a.employee_id = 'b471f282-28b0-11ea-8ac7-005056af1ad0')  (cost=129.28 rows=13) (actual time=0.776..0.776 rows=0 loops=1)\n                        -> Index lookup on a using order_settlement_status (order_settlement_status='01')  (cost=129.28 rows=134) (actual time=0.096..0.737 rows=134 loops=1)\n                    -> Single-row index lookup on b using PRIMARY (order_id=a.order_id)  (cost=0.99 rows=1) (never executed)\n                -> Hash\n                    -> Table scan on c  (cost=2.79 rows=358) (actual time=0.050..0.334 rows=358 loops=1)\n            -> Index lookup on d using bill_id (bill_id=c.id)  (cost=1.02 rows=1) (never executed)\n"]}, {"sql": " select distinct a.sub_order_id from order_sub_info as a LEFT JOIN order_info AS b ON a.order_id = b.order_id LEFT JOIN settlement_budget_bill AS c ON a.sub_order_id = c.sub_order_id LEFT JOIN settlement_bill_detail AS d ON d.bill_id = c.id WHERE a.order_settlement_status = '01'  and a.employee_id = 'b471f282-28b0-11ea-8ac7-005056af1ad0'", "analyze": ["-> Table scan on <temporary>  (cost=0.01..90.76 rows=7062) (actual time=0.001..0.001 rows=0 loops=1)\n    -> Temporary table with deduplication  (cost=6796.59..6887.34 rows=7062) (actual time=1.262..1.262 rows=0 loops=1)\n        -> Nested loop left join  (cost=6090.39 rows=7062) (actual time=1.223..1.223 rows=0 loops=1)\n            -> Left hash join (c.sub_order_id = a.sub_order_id)  (cost=484.08 rows=4797) (actual time=1.222..1.222 rows=0 loops=1)\n                -> Nested loop left join  (cost=143.78 rows=13) (actual time=0.710..0.710 rows=0 loops=1)\n                    -> Filter: (a.employee_id = 'b471f282-28b0-11ea-8ac7-005056af1ad0')  (cost=129.28 rows=13) (actual time=0.709..0.709 rows=0 loops=1)\n                        -> Index lookup on a using order_settlement_status (order_settlement_status='01')  (cost=129.28 rows=134) (actual time=0.078..0.672 rows=134 loops=1)\n                    -> Single-row index lookup on b using PRIMARY (order_id=a.order_id)  (cost=0.99 rows=1) (never executed)\n                -> Hash\n                    -> Table scan on c  (cost=2.79 rows=358) (actual time=0.055..0.280 rows=358 loops=1)\n            -> Index lookup on d using bill_id (bill_id=c.id)  (cost=1.02 rows=1) (never executed)\n"]}, {"sql": " select distinct a.sub_order_id from order_sub_info as a LEFT JOIN order_info AS b ON a.order_id = b.order_id LEFT JOIN settlement_budget_bill AS c ON a.sub_order_id = c.sub_order_id LEFT JOIN settlement_bill_detail AS d ON d.bill_id = c.id WHERE a.order_settlement_status = '00'  and a.employee_id = '3d728c1761c943a8b2ee7036b8e61bbb'", "analyze": ["-> Table scan on <temporary>  (cost=0.01..45.98 rows=3478) (actual time=0.001..0.001 rows=0 loops=1)\n    -> Temporary table with deduplication  (cost=3352.62..3398.59 rows=3478) (actual time=0.979..0.979 rows=0 loops=1)\n        -> Nested loop left join  (cost=3004.79 rows=3478) (actual time=0.938..0.938 rows=0 loops=1)\n            -> Left hash join (c.sub_order_id = a.sub_order_id)  (cost=243.47 rows=2363) (actual time=0.937..0.937 rows=0 loops=1)\n                -> Nested loop left join  (cost=70.82 rows=7) (actual time=0.384..0.384 rows=0 loops=1)\n                    -> Filter: (a.employee_id = '3d728c1761c943a8b2ee7036b8e61bbb')  (cost=63.67 rows=7) (actual time=0.383..0.383 rows=0 loops=1)\n                        -> Index lookup on a using order_settlement_status (order_settlement_status='00')  (cost=63.67 rows=66) (actual time=0.073..0.364 rows=66 loops=1)\n                    -> Single-row index lookup on b using PRIMARY (order_id=a.order_id)  (cost=1.00 rows=1) (never executed)\n                -> Hash\n                    -> Table scan on c  (cost=5.66 rows=358) (actual time=0.058..0.299 rows=358 loops=1)\n            -> Index lookup on d using bill_id (bill_id=c.id)  (cost=1.02 rows=1) (never executed)\n"]}, {"sql": " select distinct a.sub_order_id from order_sub_info as a LEFT JOIN order_info AS b ON a.order_id = b.order_id LEFT JOIN settlement_budget_bill AS c ON a.sub_order_id = c.sub_order_id LEFT JOIN settlement_bill_detail AS d ON d.bill_id = c.id WHERE a.order_settlement_status = '01'  and a.employee_id = '3d728c1761c943a8b2ee7036b8e61bbb'", "analyze": ["-> Table scan on <temporary>  (cost=0.01..90.76 rows=7062) (actual time=0.001..0.001 rows=0 loops=1)\n    -> Temporary table with deduplication  (cost=6796.59..6887.34 rows=7062) (actual time=1.325..1.325 rows=0 loops=1)\n        -> Nested loop left join  (cost=6090.39 rows=7062) (actual time=1.285..1.285 rows=0 loops=1)\n            -> Left hash join (c.sub_order_id = a.sub_order_id)  (cost=484.08 rows=4797) (actual time=1.284..1.284 rows=0 loops=1)\n                -> Nested loop left join  (cost=143.78 rows=13) (actual time=0.726..0.726 rows=0 loops=1)\n                    -> Filter: (a.employee_id = '3d728c1761c943a8b2ee7036b8e61bbb')  (cost=129.28 rows=13) (actual time=0.725..0.725 rows=0 loops=1)\n                        -> Index lookup on a using order_settlement_status (order_settlement_status='01')  (cost=129.28 rows=134) (actual time=0.085..0.688 rows=134 loops=1)\n                    -> Single-row index lookup on b using PRIMARY (order_id=a.order_id)  (cost=0.99 rows=1) (never executed)\n                -> Hash\n                    -> Table scan on c  (cost=2.79 rows=358) (actual time=0.088..0.318 rows=358 loops=1)\n            -> Index lookup on d using bill_id (bill_id=c.id)  (cost=1.02 rows=1) (never executed)\n"]}, {"sql": " select distinct a.sub_order_id from order_sub_info as a LEFT JOIN order_info AS b ON a.order_id = b.order_id LEFT JOIN settlement_budget_bill AS c ON a.sub_order_id = c.sub_order_id LEFT JOIN settlement_bill_detail AS d ON d.bill_id = c.id WHERE a.order_settlement_status = '03'  and a.employee_id = '3d728c1761c943a8b2ee7036b8e61bbb'", "analyze": ["-> Table scan on <temporary>  (cost=0.01..101.96 rows=7958) (actual time=0.001..0.001 rows=0 loops=1)\n    -> Temporary table with deduplication  (cost=7657.98..7759.93 rows=7958) (actual time=1.426..1.426 rows=0 loops=1)\n        -> Nested loop left join  (cost=6862.20 rows=7958) (actual time=1.384..1.384 rows=0 loops=1)\n            -> Left hash join (c.sub_order_id = a.sub_order_id)  (cost=544.63 rows=5406) (actual time=1.383..1.383 rows=0 loops=1)\n                -> Nested loop left join  (cost=162.02 rows=15) (actual time=0.831..0.831 rows=0 loops=1)\n                    -> Filter: (a.employee_id = '3d728c1761c943a8b2ee7036b8e61bbb')  (cost=145.68 rows=15) (actual time=0.830..0.830 rows=0 loops=1)\n                        -> Index lookup on a using order_settlement_status (order_settlement_status='03')  (cost=145.68 rows=151) (actual time=0.075..0.786 rows=151 loops=1)\n                    -> Single-row index lookup on b using PRIMARY (order_id=a.order_id)  (cost=0.99 rows=1) (never executed)\n                -> Hash\n                    -> Table scan on c  (cost=2.48 rows=358) (actual time=0.059..0.299 rows=358 loops=1)\n            -> Index lookup on d using bill_id (bill_id=c.id)  (cost=1.02 rows=1) (never executed)\n"]}, {"sql": " select distinct a.sub_order_id from order_sub_info as a LEFT JOIN order_info AS b ON a.order_id = b.order_id LEFT JOIN settlement_budget_bill AS c ON a.sub_order_id = c.sub_order_id LEFT JOIN settlement_bill_detail AS d ON d.bill_id = c.id WHERE a.order_settlement_status = '00'  and a.employee_id = '435b7598b17746178e80cdfcf88a4282'", "analyze": ["-> Table scan on <temporary>  (cost=0.01..45.98 rows=3478) (actual time=0.001..0.001 rows=0 loops=1)\n    -> Temporary table with deduplication  (cost=3352.62..3398.59 rows=3478) (actual time=0.921..0.921 rows=0 loops=1)\n        -> Nested loop left join  (cost=3004.79 rows=3478) (actual time=0.883..0.883 rows=0 loops=1)\n            -> Left hash join (c.sub_order_id = a.sub_order_id)  (cost=243.47 rows=2363) (actual time=0.882..0.882 rows=0 loops=1)\n                -> Nested loop left join  (cost=70.82 rows=7) (actual time=0.362..0.362 rows=0 loops=1)\n                    -> Filter: (a.employee_id = '435b7598b17746178e80cdfcf88a4282')  (cost=63.67 rows=7) (actual time=0.361..0.361 rows=0 loops=1)\n                        -> Index lookup on a using order_settlement_status (order_settlement_status='00')  (cost=63.67 rows=66) (actual time=0.086..0.343 rows=66 loops=1)\n                    -> Single-row index lookup on b using PRIMARY (order_id=a.order_id)  (cost=1.00 rows=1) (never executed)\n                -> Hash\n                    -> Table scan on c  (cost=5.66 rows=358) (actual time=0.054..0.280 rows=358 loops=1)\n            -> Index lookup on d using bill_id (bill_id=c.id)  (cost=1.02 rows=1) (never executed)\n"]}, {"sql": " SELECT a.* FROM remune_rule_piece AS a LEFT JOIN remune_rule_piece_goods AS b ON a.main_rule_code = b.main_rule_code LEFT JOIN remune_rule_piece_employee AS c ON a.main_rule_code = c.main_rule_code LEFT JOIN remune_rule_piece_order_channel AS d ON a.main_rule_code = d.main_rule_code LEFT JOIN remune_rule_piece_range AS e ON a.main_rule_code = e.main_rule_code WHERE a.rule_status = 1 AND c.emp_obj_code = 'YG03' AND d.channel_code = '41' AND b.sku_id = '5fc929b9836d4573b33ecfa3d7f9ed94' AND a.exe_time <= '2022-11-28 01:55:47' AND a.end_time >= '2022-11-28 01:55:47' AND e.dept_code= 32702700000000000000 ORDER BY a.cre_time DESC", "analyze": ["-> Sort: a.cre_time DESC  (actual time=2.904..2.904 rows=0 loops=1)\n    -> Stream results  (cost=634.73 rows=0) (actual time=2.894..2.894 rows=0 loops=1)\n        -> Inner hash join (b.main_rule_code = d.main_rule_code)  (cost=634.73 rows=0) (actual time=2.893..2.893 rows=0 loops=1)\n            -> Filter: (b.sku_id = '5fc929b9836d4573b33ecfa3d7f9ed94')  (cost=11.98 rows=10) (never executed)\n                -> Table scan on b  (cost=11.98 rows=999) (never executed)\n            -> Hash\n                -> Inner hash join (e.main_rule_code = d.main_rule_code)  (cost=184.82 rows=0) (actual time=2.883..2.883 rows=0 loops=1)\n                    -> Filter: (e.dept_code = 32702700000000000000)  (cost=23.94 rows=9) (actual time=0.403..1.071 rows=1 loops=1)\n                        -> Table scan on e  (cost=23.94 rows=854) (actual time=0.047..0.577 rows=854 loops=1)\n                    -> Hash\n                        -> Inner hash join (c.main_rule_code = d.main_rule_code)  (cost=80.11 rows=0) (actual time=1.482..1.784 rows=3 loops=1)\n                            -> Filter: (c.emp_obj_code = 'YG03')  (cost=27.56 rows=3) (actual time=0.058..0.325 rows=86 loops=1)\n                                -> Table scan on c  (cost=27.56 rows=343) (actual time=0.055..0.239 rows=343 loops=1)\n                            -> Hash\n                                -> Nested loop inner join  (cost=44.59 rows=1) (actual time=0.826..1.365 rows=3 loops=1)\n                                    -> Filter: ((d.channel_code = '41') and (d.main_rule_code is not null))  (cost=26.70 rows=26) (actual time=0.074..0.349 rows=86 loops=1)\n                                        -> Table scan on d  (cost=26.70 rows=257) (actual time=0.068..0.240 rows=257 loops=1)\n                                    -> Filter: ((a.rule_status = 1) and (a.exe_time <= TIMESTAMP'2022-11-28 01:55:47') and (a.end_time >= TIMESTAMP'2022-11-28 01:55:47'))  (cost=0.60 rows=0) (actual time=0.012..0.012 rows=0 loops=86)\n                                        -> Single-row index lookup on a using PRIMARY (main_rule_code=d.main_rule_code)  (cost=0.60 rows=1) (actual time=0.010..0.011 rows=1 loops=86)\n"]}, {"sql": " SELECT count(distinct a.sub_order_id) FROM order_sub_info AS a LEFT JOIN settlement_budget_bill AS b ON a.sub_order_id = b.sub_order_id LEFT JOIN settlement_bill_detail AS c ON c.bill_id = b.id LEFT JOIN remune_rule_piece AS d ON d.main_rule_code = b.main_rule_code LEFT JOIN order_info AS e ON a.order_id = e.order_id WHERE a.order_settlement_status != '10' AND a.order_settlement_status = '01'  and a.employee_id = 'def6b620284d43a398ab5ac1bca7cdac'", "analyze": ["-> Aggregate: count(distinct a.sub_order_id)  (actual time=1.379..1.379 rows=1 loops=1)\n    -> Nested loop left join  (cost=7729.33 rows=7062) (actual time=1.376..1.376 rows=0 loops=1)\n        -> Nested loop left join  (cost=7009.98 rows=7062) (actual time=1.375..1.375 rows=0 loops=1)\n            -> Nested loop left join  (cost=6090.38 rows=7062) (actual time=1.375..1.375 rows=0 loops=1)\n                -> Left hash join (b.sub_order_id = a.sub_order_id)  (cost=484.06 rows=4797) (actual time=1.374..1.374 rows=0 loops=1)\n                    -> Filter: (a.employee_id = 'def6b620284d43a398ab5ac1bca7cdac')  (cost=129.28 rows=13) (actual time=0.757..0.757 rows=0 loops=1)\n                        -> Index lookup on a using order_settlement_status (order_settlement_status='01')  (cost=129.28 rows=134) (actual time=0.087..0.720 rows=134 loops=1)\n                    -> Hash\n                        -> Table scan on b  (cost=2.79 rows=358) (actual time=0.082..0.347 rows=358 loops=1)\n                -> Index lookup on c using bill_id (bill_id=b.id)  (cost=1.02 rows=1) (never executed)\n            -> Filter: (d.main_rule_code = b.main_rule_code)  (cost=0.03 rows=1) (never executed)\n                -> Single-row index lookup on d using PRIMARY (main_rule_code=b.main_rule_code)  (cost=0.03 rows=1) (never executed)\n        -> Single-row index lookup on e using PRIMARY (order_id=a.order_id)  (cost=0.00 rows=1) (never executed)\n"]}, {"sql": " SELECT count(distinct a.sub_order_id) FROM order_sub_info AS a LEFT JOIN settlement_budget_bill AS b ON a.sub_order_id = b.sub_order_id LEFT JOIN settlement_bill_detail AS c ON c.bill_id = b.id LEFT JOIN remune_rule_piece AS d ON d.main_rule_code = b.main_rule_code LEFT JOIN order_info AS e ON a.order_id = e.order_id WHERE a.order_settlement_status != '10' AND a.order_settlement_status = '01'  and a.employee_id = 'def6b620284d43a398ab5ac1bca7cdac'", "analyze": ["-> Aggregate: count(distinct a.sub_order_id)  (actual time=1.390..1.391 rows=1 loops=1)\n    -> Nested loop left join  (cost=7729.33 rows=7062) (actual time=1.388..1.388 rows=0 loops=1)\n        -> Nested loop left join  (cost=7009.98 rows=7062) (actual time=1.387..1.387 rows=0 loops=1)\n            -> Nested loop left join  (cost=6090.38 rows=7062) (actual time=1.387..1.387 rows=0 loops=1)\n                -> Left hash join (b.sub_order_id = a.sub_order_id)  (cost=484.06 rows=4797) (actual time=1.386..1.386 rows=0 loops=1)\n                    -> Filter: (a.employee_id = 'def6b620284d43a398ab5ac1bca7cdac')  (cost=129.28 rows=13) (actual time=0.767..0.767 rows=0 loops=1)\n                        -> Index lookup on a using order_settlement_status (order_settlement_status='01')  (cost=129.28 rows=134) (actual time=0.087..0.730 rows=134 loops=1)\n                    -> Hash\n                        -> Table scan on b  (cost=2.79 rows=358) (actual time=0.069..0.333 rows=358 loops=1)\n                -> Index lookup on c using bill_id (bill_id=b.id)  (cost=1.02 rows=1) (never executed)\n            -> Filter: (d.main_rule_code = b.main_rule_code)  (cost=0.03 rows=1) (never executed)\n                -> Single-row index lookup on d using PRIMARY (main_rule_code=b.main_rule_code)  (cost=0.03 rows=1) (never executed)\n        -> Single-row index lookup on e using PRIMARY (order_id=a.order_id)  (cost=0.00 rows=1) (never executed)\n"]}, {"sql": " select distinct a.sub_order_id from order_sub_info as a LEFT JOIN order_info AS b ON a.order_id = b.order_id LEFT JOIN settlement_budget_bill AS c ON a.sub_order_id = c.sub_order_id LEFT JOIN settlement_bill_detail AS d ON d.bill_id = c.id WHERE a.order_settlement_status = '00'  and a.employee_id = 'def6b620284d43a398ab5ac1bca7cdac'", "analyze": ["-> Table scan on <temporary>  (cost=0.01..45.98 rows=3478) (actual time=0.001..0.001 rows=0 loops=1)\n    -> Temporary table with deduplication  (cost=3352.62..3398.59 rows=3478) (actual time=0.839..0.839 rows=0 loops=1)\n        -> Nested loop left join  (cost=3004.79 rows=3478) (actual time=0.799..0.799 rows=0 loops=1)\n            -> Left hash join (c.sub_order_id = a.sub_order_id)  (cost=243.47 rows=2363) (actual time=0.798..0.798 rows=0 loops=1)\n                -> Nested loop left join  (cost=70.82 rows=7) (actual time=0.332..0.332 rows=0 loops=1)\n                    -> Filter: (a.employee_id = 'def6b620284d43a398ab5ac1bca7cdac')  (cost=63.67 rows=7) (actual time=0.331..0.331 rows=0 loops=1)\n                        -> Index lookup on a using order_settlement_status (order_settlement_status='00')  (cost=63.67 rows=66) (actual time=0.070..0.316 rows=66 loops=1)\n                    -> Single-row index lookup on b using PRIMARY (order_id=a.order_id)  (cost=1.00 rows=1) (never executed)\n                -> Hash\n                    -> Table scan on c  (cost=5.66 rows=358) (actual time=0.055..0.259 rows=358 loops=1)\n            -> Index lookup on d using bill_id (bill_id=c.id)  (cost=1.02 rows=1) (never executed)\n"]}, {"sql": " select distinct a.sub_order_id from order_sub_info as a LEFT JOIN order_info AS b ON a.order_id = b.order_id LEFT JOIN settlement_budget_bill AS c ON a.sub_order_id = c.sub_order_id LEFT JOIN settlement_bill_detail AS d ON d.bill_id = c.id WHERE a.order_settlement_status = '00'  and a.employee_id = '7d009a66f17949ae817f6de9d7a19449'", "analyze": ["-> Table scan on <temporary>  (cost=0.01..45.98 rows=3478) (actual time=0.001..0.001 rows=0 loops=1)\n    -> Temporary table with deduplication  (cost=3352.62..3398.59 rows=3478) (actual time=0.974..0.974 rows=0 loops=1)\n        -> Nested loop left join  (cost=3004.79 rows=3478) (actual time=0.934..0.934 rows=0 loops=1)\n            -> Left hash join (c.sub_order_id = a.sub_order_id)  (cost=243.47 rows=2363) (actual time=0.933..0.933 rows=0 loops=1)\n                -> Nested loop left join  (cost=70.82 rows=7) (actual time=0.374..0.374 rows=0 loops=1)\n                    -> Filter: (a.employee_id = '7d009a66f17949ae817f6de9d7a19449')  (cost=63.67 rows=7) (actual time=0.373..0.373 rows=0 loops=1)\n                        -> Index lookup on a using order_settlement_status (order_settlement_status='00')  (cost=63.67 rows=66) (actual time=0.075..0.354 rows=66 loops=1)\n                    -> Single-row index lookup on b using PRIMARY (order_id=a.order_id)  (cost=1.00 rows=1) (never executed)\n                -> Hash\n                    -> Table scan on c  (cost=5.66 rows=358) (actual time=0.057..0.308 rows=358 loops=1)\n            -> Index lookup on d using bill_id (bill_id=c.id)  (cost=1.02 rows=1) (never executed)\n"]}, {"sql": " SELECT count(distinct a.sub_order_id) FROM order_sub_info AS a LEFT JOIN settlement_budget_bill AS b ON a.sub_order_id = b.sub_order_id LEFT JOIN settlement_bill_detail AS c ON c.bill_id = b.id LEFT JOIN remune_rule_piece AS d ON d.main_rule_code = b.main_rule_code LEFT JOIN order_info AS e ON a.order_id = e.order_id WHERE a.order_settlement_status != '10' AND a.order_settlement_status = '00'  and a.employee_id = 'def6b620284d43a398ab5ac1bca7cdac'", "analyze": ["-> Aggregate: count(distinct a.sub_order_id)  (actual time=0.543..0.543 rows=1 loops=1)\n    -> Nested loop left join  (cost=3920.33 rows=3478) (actual time=0.540..0.540 rows=0 loops=1)\n        -> Nested loop left join  (cost=3566.03 rows=3478) (actual time=0.540..0.540 rows=0 loops=1)\n            -> Nested loop left join  (cost=3004.78 rows=3478) (actual time=0.540..0.540 rows=0 loops=1)\n                -> Left hash join (b.sub_order_id = a.sub_order_id)  (cost=243.46 rows=2363) (actual time=0.539..0.539 rows=0 loops=1)\n                    -> Filter: (a.employee_id = 'def6b620284d43a398ab5ac1bca7cdac')  (cost=63.67 rows=7) (actual time=0.206..0.206 rows=0 loops=1)\n                        -> Index lookup on a using order_settlement_status (order_settlement_status='00')  (cost=63.67 rows=66) (actual time=0.048..0.198 rows=66 loops=1)\n                    -> Hash\n                        -> Table scan on b  (cost=5.66 rows=358) (actual time=0.048..0.182 rows=358 loops=1)\n                -> Index lookup on c using bill_id (bill_id=b.id)  (cost=1.02 rows=1) (never executed)\n            -> Filter: (d.main_rule_code = b.main_rule_code)  (cost=0.06 rows=1) (never executed)\n                -> Single-row index lookup on d using PRIMARY (main_rule_code=b.main_rule_code)  (cost=0.06 rows=1) (never executed)\n        -> Single-row index lookup on e using PRIMARY (order_id=a.order_id)  (cost=0.00 rows=1) (never executed)\n"]}, {"sql": " select distinct a.sub_order_id from order_sub_info as a LEFT JOIN order_info AS b ON a.order_id = b.order_id LEFT JOIN settlement_budget_bill AS c ON a.sub_order_id = c.sub_order_id LEFT JOIN settlement_bill_detail AS d ON d.bill_id = c.id WHERE a.order_settlement_status = '03'  and a.employee_id = 'def6b620284d43a398ab5ac1bca7cdac'", "analyze": ["-> Table scan on <temporary>  (cost=0.01..101.96 rows=7958) (actual time=0.002..0.002 rows=0 loops=1)\n    -> Temporary table with deduplication  (cost=7657.98..7759.93 rows=7958) (actual time=1.342..1.342 rows=0 loops=1)\n        -> Nested loop left join  (cost=6862.20 rows=7958) (actual time=1.305..1.305 rows=0 loops=1)\n            -> Left hash join (c.sub_order_id = a.sub_order_id)  (cost=544.63 rows=5406) (actual time=1.304..1.304 rows=0 loops=1)\n                -> Nested loop left join  (cost=162.02 rows=15) (actual time=0.841..0.841 rows=0 loops=1)\n                    -> Filter: (a.employee_id = 'def6b620284d43a398ab5ac1bca7cdac')  (cost=145.68 rows=15) (actual time=0.841..0.841 rows=0 loops=1)\n                        -> Index lookup on a using order_settlement_status (order_settlement_status='03')  (cost=145.68 rows=151) (actual time=0.070..0.804 rows=151 loops=1)\n                    -> Single-row index lookup on b using PRIMARY (order_id=a.order_id)  (cost=0.99 rows=1) (never executed)\n                -> Hash\n                    -> Table scan on c  (cost=2.48 rows=358) (actual time=0.064..0.263 rows=358 loops=1)\n            -> Index lookup on d using bill_id (bill_id=c.id)  (cost=1.02 rows=1) (never executed)\n"]}, {"sql": " select distinct a.sub_order_id from order_sub_info as a LEFT JOIN order_info AS b ON a.order_id = b.order_id LEFT JOIN settlement_budget_bill AS c ON a.sub_order_id = c.sub_order_id LEFT JOIN settlement_bill_detail AS d ON d.bill_id = c.id WHERE a.order_settlement_status = '03'  and a.employee_id = '7d009a66f17949ae817f6de9d7a19449'", "analyze": ["-> Table scan on <temporary>  (cost=0.01..101.96 rows=7958) (actual time=0.001..0.001 rows=0 loops=1)\n    -> Temporary table with deduplication  (cost=7657.98..7759.93 rows=7958) (actual time=0.800..0.800 rows=0 loops=1)\n        -> Nested loop left join  (cost=6862.20 rows=7958) (actual time=0.767..0.767 rows=0 loops=1)\n            -> Left hash join (c.sub_order_id = a.sub_order_id)  (cost=544.63 rows=5406) (actual time=0.766..0.766 rows=0 loops=1)\n                -> Nested loop left join  (cost=162.02 rows=15) (actual time=0.458..0.458 rows=0 loops=1)\n                    -> Filter: (a.employee_id = '7d009a66f17949ae817f6de9d7a19449')  (cost=145.68 rows=15) (actual time=0.458..0.458 rows=0 loops=1)\n                        -> Index lookup on a using order_settlement_status (order_settlement_status='03')  (cost=145.68 rows=151) (actual time=0.047..0.441 rows=151 loops=1)\n                    -> Single-row index lookup on b using PRIMARY (order_id=a.order_id)  (cost=0.99 rows=1) (never executed)\n                -> Hash\n                    -> Table scan on c  (cost=2.48 rows=358) (actual time=0.040..0.162 rows=358 loops=1)\n            -> Index lookup on d using bill_id (bill_id=c.id)  (cost=1.02 rows=1) (never executed)\n"]}, {"sql": " select distinct a.sub_order_id from order_sub_info as a LEFT JOIN order_info AS b ON a.order_id = b.order_id LEFT JOIN settlement_budget_bill AS c ON a.sub_order_id = c.sub_order_id LEFT JOIN settlement_bill_detail AS d ON d.bill_id = c.id WHERE a.order_settlement_status = '00'  and a.employee_id = '629fbf01d6bd4198835dbf0e1c88cc3a'", "analyze": ["-> Table scan on <temporary>  (cost=0.01..45.98 rows=3478) (actual time=0.001..0.001 rows=0 loops=1)\n    -> Temporary table with deduplication  (cost=3352.62..3398.59 rows=3478) (actual time=0.982..0.982 rows=0 loops=1)\n        -> Nested loop left join  (cost=3004.79 rows=3478) (actual time=0.943..0.943 rows=0 loops=1)\n            -> Left hash join (c.sub_order_id = a.sub_order_id)  (cost=243.47 rows=2363) (actual time=0.943..0.943 rows=0 loops=1)\n                -> Nested loop left join  (cost=70.82 rows=7) (actual time=0.382..0.382 rows=0 loops=1)\n                    -> Filter: (a.employee_id = '629fbf01d6bd4198835dbf0e1c88cc3a')  (cost=63.67 rows=7) (actual time=0.382..0.382 rows=0 loops=1)\n                        -> Index lookup on a using order_settlement_status (order_settlement_status='00')  (cost=63.67 rows=66) (actual time=0.072..0.363 rows=66 loops=1)\n                    -> Single-row index lookup on b using PRIMARY (order_id=a.order_id)  (cost=1.00 rows=1) (never executed)\n                -> Hash\n                    -> Table scan on c  (cost=5.66 rows=358) (actual time=0.053..0.306 rows=358 loops=1)\n            -> Index lookup on d using bill_id (bill_id=c.id)  (cost=1.02 rows=1) (never executed)\n"]}, {"sql": " select distinct a.sub_order_id from order_sub_info as a LEFT JOIN order_info AS b ON a.order_id = b.order_id LEFT JOIN settlement_budget_bill AS c ON a.sub_order_id = c.sub_order_id LEFT JOIN settlement_bill_detail AS d ON d.bill_id = c.id WHERE a.order_settlement_status = '01'  and a.employee_id = '629fbf01d6bd4198835dbf0e1c88cc3a'", "analyze": ["-> Table scan on <temporary>  (cost=0.01..90.76 rows=7062) (actual time=0.001..0.001 rows=0 loops=1)\n    -> Temporary table with deduplication  (cost=6796.59..6887.34 rows=7062) (actual time=1.301..1.301 rows=0 loops=1)\n        -> Nested loop left join  (cost=6090.39 rows=7062) (actual time=1.263..1.263 rows=0 loops=1)\n            -> Left hash join (c.sub_order_id = a.sub_order_id)  (cost=484.08 rows=4797) (actual time=1.262..1.262 rows=0 loops=1)\n                -> Nested loop left join  (cost=143.78 rows=13) (actual time=0.759..0.759 rows=0 loops=1)\n                    -> Filter: (a.employee_id = '629fbf01d6bd4198835dbf0e1c88cc3a')  (cost=129.28 rows=13) (actual time=0.758..0.758 rows=0 loops=1)\n                        -> Index lookup on a using order_settlement_status (order_settlement_status='01')  (cost=129.28 rows=134) (actual time=0.110..0.720 rows=134 loops=1)\n                    -> Single-row index lookup on b using PRIMARY (order_id=a.order_id)  (cost=0.99 rows=1) (never executed)\n                -> Hash\n                    -> Table scan on c  (cost=2.79 rows=358) (actual time=0.049..0.272 rows=358 loops=1)\n            -> Index lookup on d using bill_id (bill_id=c.id)  (cost=1.02 rows=1) (never executed)\n"]}, {"sql": " select distinct a.sub_order_id from order_sub_info as a LEFT JOIN order_info AS b ON a.order_id = b.order_id LEFT JOIN settlement_budget_bill AS c ON a.sub_order_id = c.sub_order_id LEFT JOIN settlement_bill_detail AS d ON d.bill_id = c.id WHERE a.order_settlement_status = '03'  and a.employee_id = '629fbf01d6bd4198835dbf0e1c88cc3a'", "analyze": ["-> Table scan on <temporary>  (cost=0.01..101.96 rows=7958) (actual time=0.001..0.001 rows=0 loops=1)\n    -> Temporary table with deduplication  (cost=7657.98..7759.93 rows=7958) (actual time=0.787..0.787 rows=0 loops=1)\n        -> Nested loop left join  (cost=6862.20 rows=7958) (actual time=0.755..0.755 rows=0 loops=1)\n            -> Left hash join (c.sub_order_id = a.sub_order_id)  (cost=544.63 rows=5406) (actual time=0.754..0.754 rows=0 loops=1)\n                -> Nested loop left join  (cost=162.02 rows=15) (actual time=0.452..0.452 rows=0 loops=1)\n                    -> Filter: (a.employee_id = '629fbf01d6bd4198835dbf0e1c88cc3a')  (cost=145.68 rows=15) (actual time=0.451..0.451 rows=0 loops=1)\n                        -> Index lookup on a using order_settlement_status (order_settlement_status='03')  (cost=145.68 rows=151) (actual time=0.046..0.434 rows=151 loops=1)\n                    -> Single-row index lookup on b using PRIMARY (order_id=a.order_id)  (cost=0.99 rows=1) (never executed)\n                -> Hash\n                    -> Table scan on c  (cost=2.48 rows=358) (actual time=0.038..0.161 rows=358 loops=1)\n            -> Index lookup on d using bill_id (bill_id=c.id)  (cost=1.02 rows=1) (never executed)\n"]}, {"sql": " select count(*) from jd_rule_sku WHERE rule_status = 1", "analyze": ["-> Aggregate: count(0)  (actual time=0.105..0.105 rows=1 loops=1)\n    -> Index lookup on jd_rule_sku using jd_rule_sku_index_rule_status (rule_status=1)  (cost=11.07 rows=105) (actual time=0.028..0.093 rows=105 loops=1)\n"]}, {"sql": " SELECT a.*,b.close_time as order_info_close_time,b.pay_time,b.order_settlement_type FROM order_sub_info a left join order_info b on a.order_id = b.order_id left join order_item c on a.sub_order_id = c.sub_order_id left join order_returns d on d.order_item_id = c.order_item_id left join settlement_budget_bill e on e.order_item_id = c.order_item_id left join remune_rule_piece f on e.main_rule_code = f.main_rule_code WHERE a.order_settlement_status != '10' AND a.order_settlement_status != '20' AND e.order_item_id is not null   AND a.order_settlement_status = '00'    and  (   a.dep_code LIKE '%%'  ) group by a.sub_order_id order by b.pay_time DESC  LIMIT 0,10", "analyze": ["-> Limit: 10 row(s)  (actual time=5.057..5.073 rows=10 loops=1)\n    -> Sort: b.pay_time DESC, limit input to 10 row(s) per chunk  (actual time=5.055..5.070 rows=10 loops=1)\n        -> Stream results  (actual time=0.903..4.925 rows=24 loops=1)\n            -> Group (no aggregates)  (actual time=0.865..4.364 rows=24 loops=1)\n                -> Nested loop left join  (cost=90.80 rows=9) (actual time=0.284..4.176 rows=25 loops=1)\n                    -> Nested loop left join  (cost=87.92 rows=8) (actual time=0.265..3.928 rows=25 loops=1)\n                        -> Nested loop inner join  (cost=82.37 rows=8) (actual time=0.241..3.729 rows=25 loops=1)\n                            -> Nested loop inner join  (cost=79.58 rows=8) (actual time=0.209..2.836 rows=73 loops=1)\n                                -> Nested loop left join  (cost=71.68 rows=7) (actual time=0.166..1.694 rows=66 loops=1)\n                                    -> Filter: (a.dep_code like '%%')  (cost=63.75 rows=7) (actual time=0.131..0.807 rows=66 loops=1)\n                                        -> Index lookup on a using order_settlement_status (order_settlement_status='00')  (cost=63.75 rows=66) (actual time=0.129..0.758 rows=66 loops=1)\n                                    -> Single-row index lookup on b using PRIMARY (order_id=a.order_id)  (cost=1.00 rows=1) (actual time=0.013..0.013 rows=1 loops=66)\n                                -> Index lookup on c using sub_order_id (sub_order_id=a.sub_order_id)  (cost=0.98 rows=1) (actual time=0.013..0.017 rows=1 loops=66)\n                            -> Single-row index lookup on e using item_index (order_item_id=c.order_item_id), with index condition: (e.order_item_id is not null)  (cost=0.26 rows=1) (actual time=0.012..0.012 rows=0 loops=73)\n                        -> Filter: (e.main_rule_code = f.main_rule_code)  (cost=0.61 rows=1) (actual time=0.007..0.007 rows=1 loops=25)\n                            -> Single-row index lookup on f using PRIMARY (main_rule_code=e.main_rule_code)  (cost=0.61 rows=1) (actual time=0.005..0.005 rows=1 loops=25)\n                    -> Index lookup on d using order_item_id (order_item_id=c.order_item_id)  (cost=0.26 rows=1) (actual time=0.008..0.009 rows=0 loops=25)\n"]}, {"sql": " select distinct a.sub_order_id from order_sub_info as a LEFT JOIN order_info AS b ON a.order_id = b.order_id LEFT JOIN settlement_budget_bill AS c ON a.sub_order_id = c.sub_order_id LEFT JOIN settlement_bill_detail AS d ON d.bill_id = c.id WHERE a.order_settlement_status = '00'  and a.employee_id = 'ba8af2c2f14549529eb7ee8b1eacb3b7'", "analyze": ["-> Table scan on <temporary>  (cost=0.01..45.98 rows=3478) (actual time=0.002..0.002 rows=0 loops=1)\n    -> Temporary table with deduplication  (cost=3352.62..3398.59 rows=3478) (actual time=0.968..0.968 rows=0 loops=1)\n        -> Nested loop left join  (cost=3004.79 rows=3478) (actual time=0.918..0.918 rows=0 loops=1)\n            -> Left hash join (c.sub_order_id = a.sub_order_id)  (cost=243.47 rows=2363) (actual time=0.917..0.917 rows=0 loops=1)\n                -> Nested loop left join  (cost=70.82 rows=7) (actual time=0.381..0.381 rows=0 loops=1)\n                    -> Filter: (a.employee_id = 'ba8af2c2f14549529eb7ee8b1eacb3b7')  (cost=63.67 rows=7) (actual time=0.380..0.380 rows=0 loops=1)\n                        -> Index lookup on a using order_settlement_status (order_settlement_status='00')  (cost=63.67 rows=66) (actual time=0.071..0.363 rows=66 loops=1)\n                    -> Single-row index lookup on b using PRIMARY (order_id=a.order_id)  (cost=1.00 rows=1) (never executed)\n                -> Hash\n                    -> Table scan on c  (cost=5.66 rows=358) (actual time=0.060..0.288 rows=358 loops=1)\n            -> Index lookup on d using bill_id (bill_id=c.id)  (cost=1.02 rows=1) (never executed)\n"]}, {"sql": " select distinct a.sub_order_id from order_sub_info as a LEFT JOIN order_info AS b ON a.order_id = b.order_id LEFT JOIN settlement_budget_bill AS c ON a.sub_order_id = c.sub_order_id LEFT JOIN settlement_bill_detail AS d ON d.bill_id = c.id WHERE a.order_settlement_status = '00'  and a.employee_id = '0d337576-28b2-11ea-8ac7-005056af1ad0'", "analyze": ["-> Table scan on <temporary>  (cost=0.01..45.98 rows=3478) (actual time=0.001..0.001 rows=0 loops=1)\n    -> Temporary table with deduplication  (cost=3352.62..3398.59 rows=3478) (actual time=0.678..0.678 rows=0 loops=1)\n        -> Nested loop left join  (cost=3004.79 rows=3478) (actual time=0.647..0.647 rows=0 loops=1)\n            -> Left hash join (c.sub_order_id = a.sub_order_id)  (cost=243.47 rows=2363) (actual time=0.646..0.646 rows=0 loops=1)\n                -> Nested loop left join  (cost=70.82 rows=7) (actual time=0.233..0.233 rows=0 loops=1)\n                    -> Filter: (a.employee_id = '0d337576-28b2-11ea-8ac7-005056af1ad0')  (cost=63.67 rows=7) (actual time=0.233..0.233 rows=0 loops=1)\n                        -> Index lookup on a using order_settlement_status (order_settlement_status='00')  (cost=63.67 rows=66) (actual time=0.076..0.224 rows=66 loops=1)\n                    -> Single-row index lookup on b using PRIMARY (order_id=a.order_id)  (cost=1.00 rows=1) (never executed)\n                -> Hash\n                    -> Table scan on c  (cost=5.66 rows=358) (actual time=0.054..0.220 rows=358 loops=1)\n            -> Index lookup on d using bill_id (bill_id=c.id)  (cost=1.02 rows=1) (never executed)\n"]}, {"sql": " select distinct a.sub_order_id from order_sub_info as a LEFT JOIN order_info AS b ON a.order_id = b.order_id LEFT JOIN settlement_budget_bill AS c ON a.sub_order_id = c.sub_order_id LEFT JOIN settlement_bill_detail AS d ON d.bill_id = c.id WHERE a.order_settlement_status = '01'  and a.employee_id = '0d337576-28b2-11ea-8ac7-005056af1ad0'", "analyze": ["-> Table scan on <temporary>  (cost=0.01..90.76 rows=7062) (actual time=0.001..0.001 rows=0 loops=1)\n    -> Temporary table with deduplication  (cost=6796.59..6887.34 rows=7062) (actual time=1.328..1.328 rows=0 loops=1)\n        -> Nested loop left join  (cost=6090.39 rows=7062) (actual time=1.292..1.292 rows=0 loops=1)\n            -> Left hash join (c.sub_order_id = a.sub_order_id)  (cost=484.08 rows=4797) (actual time=1.291..1.291 rows=0 loops=1)\n                -> Nested loop left join  (cost=143.78 rows=13) (actual time=0.769..0.769 rows=0 loops=1)\n                    -> Filter: (a.employee_id = '0d337576-28b2-11ea-8ac7-005056af1ad0')  (cost=129.28 rows=13) (actual time=0.768..0.768 rows=0 loops=1)\n                        -> Index lookup on a using order_settlement_status (order_settlement_status='01')  (cost=129.28 rows=134) (actual time=0.080..0.731 rows=134 loops=1)\n                    -> Single-row index lookup on b using PRIMARY (order_id=a.order_id)  (cost=0.99 rows=1) (never executed)\n                -> Hash\n                    -> Table scan on c  (cost=2.79 rows=358) (actual time=0.047..0.291 rows=358 loops=1)\n            -> Index lookup on d using bill_id (bill_id=c.id)  (cost=1.02 rows=1) (never executed)\n"]}, {"sql": " select distinct a.sub_order_id from order_sub_info as a LEFT JOIN order_info AS b ON a.order_id = b.order_id LEFT JOIN settlement_budget_bill AS c ON a.sub_order_id = c.sub_order_id LEFT JOIN settlement_bill_detail AS d ON d.bill_id = c.id WHERE a.order_settlement_status = '03'  and a.employee_id = '0d337576-28b2-11ea-8ac7-005056af1ad0'", "analyze": ["-> Table scan on <temporary>  (cost=0.01..101.96 rows=7958) (actual time=0.001..0.001 rows=0 loops=1)\n    -> Temporary table with deduplication  (cost=7657.98..7759.93 rows=7958) (actual time=1.473..1.473 rows=0 loops=1)\n        -> Nested loop left join  (cost=6862.20 rows=7958) (actual time=1.434..1.434 rows=0 loops=1)\n            -> Left hash join (c.sub_order_id = a.sub_order_id)  (cost=544.63 rows=5406) (actual time=1.433..1.433 rows=0 loops=1)\n                -> Nested loop left join  (cost=162.02 rows=15) (actual time=0.836..0.836 rows=0 loops=1)\n                    -> Filter: (a.employee_id = '0d337576-28b2-11ea-8ac7-005056af1ad0')  (cost=145.68 rows=15) (actual time=0.836..0.836 rows=0 loops=1)\n                        -> Index lookup on a using order_settlement_status (order_settlement_status='03')  (cost=145.68 rows=151) (actual time=0.075..0.794 rows=151 loops=1)\n                    -> Single-row index lookup on b using PRIMARY (order_id=a.order_id)  (cost=0.99 rows=1) (never executed)\n                -> Hash\n                    -> Table scan on c  (cost=2.48 rows=358) (actual time=0.053..0.299 rows=358 loops=1)\n            -> Index lookup on d using bill_id (bill_id=c.id)  (cost=1.02 rows=1) (never executed)\n"]}, {"sql": " SELECT a.* FROM remune_rule_piece AS a LEFT JOIN remune_rule_piece_goods AS b ON a.main_rule_code = b.main_rule_code LEFT JOIN remune_rule_piece_employee AS c ON a.main_rule_code = c.main_rule_code LEFT JOIN remune_rule_piece_order_channel AS d ON a.main_rule_code = d.main_rule_code LEFT JOIN remune_rule_piece_range AS e ON a.main_rule_code = e.main_rule_code WHERE a.rule_status = 1 AND c.emp_obj_code = 'YG03' AND d.channel_code = '10' AND b.sku_id = 'c92293a5faea42fbabdd636213d5626a' AND a.exe_time <= '2022-11-30 00:56:58' AND a.end_time >= '2022-11-30 00:56:58' AND e.dept_code= 37917950000000000000 ORDER BY a.cre_time DESC", "analyze": ["-> Sort: a.cre_time DESC  (actual time=1.668..1.668 rows=0 loops=1)\n    -> Stream results  (cost=634.73 rows=0) (actual time=1.660..1.660 rows=0 loops=1)\n        -> Inner hash join (b.main_rule_code = d.main_rule_code)  (cost=634.73 rows=0) (actual time=1.659..1.659 rows=0 loops=1)\n            -> Filter: (b.sku_id = 'c92293a5faea42fbabdd636213d5626a')  (cost=11.98 rows=10) (never executed)\n                -> Table scan on b  (cost=11.98 rows=999) (never executed)\n            -> Hash\n                -> Inner hash join (e.main_rule_code = d.main_rule_code)  (cost=184.82 rows=0) (actual time=1.654..1.654 rows=0 loops=1)\n                    -> Filter: (e.dept_code = 37917950000000000000)  (cost=23.94 rows=9) (actual time=0.120..0.577 rows=1 loops=1)\n                        -> Table scan on e  (cost=23.94 rows=854) (actual time=0.033..0.308 rows=854 loops=1)\n                    -> Hash\n                        -> Inner hash join (c.main_rule_code = d.main_rule_code)  (cost=80.11 rows=0) (actual time=0.909..1.060 rows=3 loops=1)\n                            -> Filter: (c.emp_obj_code = 'YG03')  (cost=27.56 rows=3) (actual time=0.040..0.175 rows=86 loops=1)\n                                -> Table scan on c  (cost=27.56 rows=343) (actual time=0.038..0.136 rows=343 loops=1)\n                            -> Hash\n                                -> Nested loop inner join  (cost=44.59 rows=1) (actual time=0.123..0.827 rows=3 loops=1)\n                                    -> Filter: ((d.channel_code = '10') and (d.main_rule_code is not null))  (cost=26.70 rows=26) (actual time=0.058..0.199 rows=86 loops=1)\n                                        -> Table scan on d  (cost=26.70 rows=257) (actual time=0.055..0.150 rows=257 loops=1)\n                                    -> Filter: ((a.rule_status = 1) and (a.exe_time <= TIMESTAMP'2022-11-30 00:56:58') and (a.end_time >= TIMESTAMP'2022-11-30 00:56:58'))  (cost=0.60 rows=0) (actual time=0.007..0.007 rows=0 loops=86)\n                                        -> Single-row index lookup on a using PRIMARY (main_rule_code=d.main_rule_code)  (cost=0.60 rows=1) (actual time=0.007..0.007 rows=1 loops=86)\n"]}]